[2024-01-06T15:29:52.656+0000] {logging_mixin.py:188} INFO - Changing /opt/***/logs/dag_id=CountCleaner/run_id=manual__2024-01-06T15:29:49.624250+00:00/task_id=Print permission to 509
[2024-01-06T15:29:52.657+0000] {logging_mixin.py:188} INFO - Failed to change /opt/***/logs/dag_id=CountCleaner/run_id=manual__2024-01-06T15:29:49.624250+00:00/task_id=Print permission to 509: [Errno 1] Operation not permitted: '/opt/***/logs/dag_id=CountCleaner/run_id=manual__2024-01-06T15:29:49.624250+00:00/task_id=Print'
[2024-01-06T15:29:52.695+0000] {logging_mixin.py:188} INFO - Changing /opt/***/logs/dag_id=CountCleaner/run_id=manual__2024-01-06T15:29:49.624250+00:00/task_id=Print permission to 509
[2024-01-06T15:29:52.695+0000] {logging_mixin.py:188} INFO - Failed to change /opt/***/logs/dag_id=CountCleaner/run_id=manual__2024-01-06T15:29:49.624250+00:00/task_id=Print permission to 509: [Errno 1] Operation not permitted: '/opt/***/logs/dag_id=CountCleaner/run_id=manual__2024-01-06T15:29:49.624250+00:00/task_id=Print'
[2024-01-06T15:29:52.743+0000] {taskinstance.py:1957} INFO - Dependencies all met for dep_context=non-requeueable deps ti=<TaskInstance: CountCleaner.Print manual__2024-01-06T15:29:49.624250+00:00 [queued]>
[2024-01-06T15:29:52.754+0000] {taskinstance.py:1957} INFO - Dependencies all met for dep_context=requeueable deps ti=<TaskInstance: CountCleaner.Print manual__2024-01-06T15:29:49.624250+00:00 [queued]>
[2024-01-06T15:29:52.755+0000] {taskinstance.py:2171} INFO - Starting attempt 1 of 2
[2024-01-06T15:29:52.773+0000] {taskinstance.py:2192} INFO - Executing <Task(PythonOperator): Print> on 2024-01-06 15:29:49.624250+00:00
[2024-01-06T15:29:52.778+0000] {standard_task_runner.py:60} INFO - Started process 265 to run task
[2024-01-06T15:29:52.785+0000] {standard_task_runner.py:87} INFO - Running: ['***', 'tasks', 'run', 'CountCleaner', 'Print', 'manual__2024-01-06T15:29:49.624250+00:00', '--job-id', '6', '--raw', '--subdir', 'DAGS_FOLDER/Data_Clean.py', '--cfg-path', '/tmp/tmp8buq2mik']
[2024-01-06T15:29:52.789+0000] {standard_task_runner.py:88} INFO - Job 6: Subtask Print
[2024-01-06T15:29:52.843+0000] {logging_mixin.py:188} INFO - Changing /opt/***/logs/dag_id=CountCleaner/run_id=manual__2024-01-06T15:29:49.624250+00:00/task_id=Print permission to 509
[2024-01-06T15:29:52.844+0000] {logging_mixin.py:188} INFO - Failed to change /opt/***/logs/dag_id=CountCleaner/run_id=manual__2024-01-06T15:29:49.624250+00:00/task_id=Print permission to 509: [Errno 1] Operation not permitted: '/opt/***/logs/dag_id=CountCleaner/run_id=manual__2024-01-06T15:29:49.624250+00:00/task_id=Print'
[2024-01-06T15:29:52.846+0000] {task_command.py:423} INFO - Running <TaskInstance: CountCleaner.Print manual__2024-01-06T15:29:49.624250+00:00 [running]> on host 6edae0fffd8a
[2024-01-06T15:29:52.938+0000] {taskinstance.py:2481} INFO - Exporting env vars: AIRFLOW_CTX_DAG_OWNER='Airflow' AIRFLOW_CTX_DAG_ID='CountCleaner' AIRFLOW_CTX_TASK_ID='Print' AIRFLOW_CTX_EXECUTION_DATE='2024-01-06T15:29:49.624250+00:00' AIRFLOW_CTX_TRY_NUMBER='1' AIRFLOW_CTX_DAG_RUN_ID='manual__2024-01-06T15:29:49.624250+00:00'
[2024-01-06T15:29:52.939+0000] {logging_mixin.py:188} INFO - The table users_count was cleaned
[2024-01-06T15:29:52.939+0000] {python.py:201} INFO - Done. Returned value was: None
[2024-01-06T15:29:52.950+0000] {taskinstance.py:1138} INFO - Marking task as SUCCESS. dag_id=CountCleaner, task_id=Print, execution_date=20240106T152949, start_date=20240106T152952, end_date=20240106T152952
[2024-01-06T15:29:52.995+0000] {local_task_job_runner.py:234} INFO - Task exited with return code 0
[2024-01-06T15:29:53.015+0000] {taskinstance.py:3281} INFO - 0 downstream tasks scheduled from follow-on schedule check
