[2024-01-06T15:29:01.374+0000] {logging_mixin.py:188} INFO - Changing /opt/***/logs/dag_id=User_counter/run_id=scheduled__2024-01-06T15:28:00+00:00/task_id=PostgresTable permission to 509
[2024-01-06T15:29:01.374+0000] {logging_mixin.py:188} INFO - Failed to change /opt/***/logs/dag_id=User_counter/run_id=scheduled__2024-01-06T15:28:00+00:00/task_id=PostgresTable permission to 509: [Errno 1] Operation not permitted: '/opt/***/logs/dag_id=User_counter/run_id=scheduled__2024-01-06T15:28:00+00:00/task_id=PostgresTable'
[2024-01-06T15:29:01.414+0000] {logging_mixin.py:188} INFO - Changing /opt/***/logs/dag_id=User_counter/run_id=scheduled__2024-01-06T15:28:00+00:00/task_id=PostgresTable permission to 509
[2024-01-06T15:29:01.415+0000] {logging_mixin.py:188} INFO - Failed to change /opt/***/logs/dag_id=User_counter/run_id=scheduled__2024-01-06T15:28:00+00:00/task_id=PostgresTable permission to 509: [Errno 1] Operation not permitted: '/opt/***/logs/dag_id=User_counter/run_id=scheduled__2024-01-06T15:28:00+00:00/task_id=PostgresTable'
[2024-01-06T15:29:01.466+0000] {taskinstance.py:1957} INFO - Dependencies all met for dep_context=non-requeueable deps ti=<TaskInstance: User_counter.PostgresTable scheduled__2024-01-06T15:28:00+00:00 [queued]>
[2024-01-06T15:29:01.476+0000] {taskinstance.py:1957} INFO - Dependencies all met for dep_context=requeueable deps ti=<TaskInstance: User_counter.PostgresTable scheduled__2024-01-06T15:28:00+00:00 [queued]>
[2024-01-06T15:29:01.476+0000] {taskinstance.py:2171} INFO - Starting attempt 1 of 2
[2024-01-06T15:29:01.494+0000] {taskinstance.py:2192} INFO - Executing <Task(PostgresOperator): PostgresTable> on 2024-01-06 15:28:00+00:00
[2024-01-06T15:29:01.499+0000] {standard_task_runner.py:60} INFO - Started process 227 to run task
[2024-01-06T15:29:01.505+0000] {standard_task_runner.py:87} INFO - Running: ['***', 'tasks', 'run', 'User_counter', 'PostgresTable', 'scheduled__2024-01-06T15:28:00+00:00', '--job-id', '3', '--raw', '--subdir', 'DAGS_FOLDER/User_counter.py', '--cfg-path', '/tmp/tmph26cxcum']
[2024-01-06T15:29:01.508+0000] {standard_task_runner.py:88} INFO - Job 3: Subtask PostgresTable
[2024-01-06T15:29:01.627+0000] {logging_mixin.py:188} INFO - Changing /opt/***/logs/dag_id=User_counter/run_id=scheduled__2024-01-06T15:28:00+00:00/task_id=PostgresTable permission to 509
[2024-01-06T15:29:01.628+0000] {logging_mixin.py:188} INFO - Failed to change /opt/***/logs/dag_id=User_counter/run_id=scheduled__2024-01-06T15:28:00+00:00/task_id=PostgresTable permission to 509: [Errno 1] Operation not permitted: '/opt/***/logs/dag_id=User_counter/run_id=scheduled__2024-01-06T15:28:00+00:00/task_id=PostgresTable'
[2024-01-06T15:29:01.634+0000] {task_command.py:423} INFO - Running <TaskInstance: User_counter.PostgresTable scheduled__2024-01-06T15:28:00+00:00 [running]> on host 6edae0fffd8a
[2024-01-06T15:29:01.805+0000] {taskinstance.py:2481} INFO - Exporting env vars: AIRFLOW_CTX_DAG_OWNER='Airflow' AIRFLOW_CTX_DAG_ID='User_counter' AIRFLOW_CTX_TASK_ID='PostgresTable' AIRFLOW_CTX_EXECUTION_DATE='2024-01-06T15:28:00+00:00' AIRFLOW_CTX_TRY_NUMBER='1' AIRFLOW_CTX_DAG_RUN_ID='scheduled__2024-01-06T15:28:00+00:00'
[2024-01-06T15:29:01.807+0000] {sql.py:276} INFO - Executing: 
            CREATE TABLE IF NOT EXISTS users_count (
            count_id SERIAL PRIMARY KEY,
            count INTEGER NOT NULL,
            date VARCHAR NOT NULL);
[2024-01-06T15:29:01.822+0000] {base.py:83} INFO - Using connection ID 'postgres_default' for task execution.
[2024-01-06T15:29:01.844+0000] {base.py:83} INFO - Using connection ID 'postgres_default' for task execution.
[2024-01-06T15:29:01.855+0000] {sql.py:432} INFO - Running statement: 
            CREATE TABLE IF NOT EXISTS users_count (
            count_id SERIAL PRIMARY KEY,
            count INTEGER NOT NULL,
            date VARCHAR NOT NULL);, parameters: None
[2024-01-06T15:29:01.878+0000] {taskinstance.py:1138} INFO - Marking task as SUCCESS. dag_id=User_counter, task_id=PostgresTable, execution_date=20240106T152800, start_date=20240106T152901, end_date=20240106T152901
[2024-01-06T15:29:01.926+0000] {local_task_job_runner.py:234} INFO - Task exited with return code 0
[2024-01-06T15:29:01.957+0000] {taskinstance.py:3281} INFO - 1 downstream tasks scheduled from follow-on schedule check
