[2024-01-05T11:10:01.411+0000] {logging_mixin.py:188} INFO - Changing /opt/***/logs/dag_id=User_counter/run_id=scheduled__2024-01-05T11:09:00+00:00/task_id=TaskId1 permission to 509
[2024-01-05T11:10:01.411+0000] {logging_mixin.py:188} INFO - Failed to change /opt/***/logs/dag_id=User_counter/run_id=scheduled__2024-01-05T11:09:00+00:00/task_id=TaskId1 permission to 509: [Errno 1] Operation not permitted: '/opt/***/logs/dag_id=User_counter/run_id=scheduled__2024-01-05T11:09:00+00:00/task_id=TaskId1'
[2024-01-05T11:10:01.444+0000] {logging_mixin.py:188} INFO - Changing /opt/***/logs/dag_id=User_counter/run_id=scheduled__2024-01-05T11:09:00+00:00/task_id=TaskId1 permission to 509
[2024-01-05T11:10:01.444+0000] {logging_mixin.py:188} INFO - Failed to change /opt/***/logs/dag_id=User_counter/run_id=scheduled__2024-01-05T11:09:00+00:00/task_id=TaskId1 permission to 509: [Errno 1] Operation not permitted: '/opt/***/logs/dag_id=User_counter/run_id=scheduled__2024-01-05T11:09:00+00:00/task_id=TaskId1'
[2024-01-05T11:10:01.484+0000] {taskinstance.py:1957} INFO - Dependencies all met for dep_context=non-requeueable deps ti=<TaskInstance: User_counter.TaskId1 scheduled__2024-01-05T11:09:00+00:00 [queued]>
[2024-01-05T11:10:01.495+0000] {taskinstance.py:1957} INFO - Dependencies all met for dep_context=requeueable deps ti=<TaskInstance: User_counter.TaskId1 scheduled__2024-01-05T11:09:00+00:00 [queued]>
[2024-01-05T11:10:01.496+0000] {taskinstance.py:2171} INFO - Starting attempt 1 of 2
[2024-01-05T11:10:01.516+0000] {taskinstance.py:2192} INFO - Executing <Task(PythonOperator): TaskId1> on 2024-01-05 11:09:00+00:00
[2024-01-05T11:10:01.522+0000] {standard_task_runner.py:60} INFO - Started process 1750 to run task
[2024-01-05T11:10:01.527+0000] {standard_task_runner.py:87} INFO - Running: ['***', 'tasks', 'run', 'User_counter', 'TaskId1', 'scheduled__2024-01-05T11:09:00+00:00', '--job-id', '23', '--raw', '--subdir', 'DAGS_FOLDER/User_counter.py', '--cfg-path', '/tmp/tmpv_esj1g_']
[2024-01-05T11:10:01.530+0000] {standard_task_runner.py:88} INFO - Job 23: Subtask TaskId1
[2024-01-05T11:10:01.590+0000] {logging_mixin.py:188} INFO - Changing /opt/***/logs/dag_id=User_counter/run_id=scheduled__2024-01-05T11:09:00+00:00/task_id=TaskId1 permission to 509
[2024-01-05T11:10:01.590+0000] {logging_mixin.py:188} INFO - Failed to change /opt/***/logs/dag_id=User_counter/run_id=scheduled__2024-01-05T11:09:00+00:00/task_id=TaskId1 permission to 509: [Errno 1] Operation not permitted: '/opt/***/logs/dag_id=User_counter/run_id=scheduled__2024-01-05T11:09:00+00:00/task_id=TaskId1'
[2024-01-05T11:10:01.592+0000] {task_command.py:423} INFO - Running <TaskInstance: User_counter.TaskId1 scheduled__2024-01-05T11:09:00+00:00 [running]> on host 9d30878c4ef0
[2024-01-05T11:10:01.692+0000] {taskinstance.py:2481} INFO - Exporting env vars: AIRFLOW_CTX_DAG_OWNER='Airflow' AIRFLOW_CTX_DAG_ID='User_counter' AIRFLOW_CTX_TASK_ID='TaskId1' AIRFLOW_CTX_EXECUTION_DATE='2024-01-05T11:09:00+00:00' AIRFLOW_CTX_TRY_NUMBER='1' AIRFLOW_CTX_DAG_RUN_ID='scheduled__2024-01-05T11:09:00+00:00'
[2024-01-05T11:10:01.695+0000] {logging_mixin.py:188} INFO - ZAEBALLL11
[2024-01-05T11:10:01.696+0000] {python.py:201} INFO - Done. Returned value was: None
[2024-01-05T11:10:01.708+0000] {taskinstance.py:1138} INFO - Marking task as SUCCESS. dag_id=User_counter, task_id=TaskId1, execution_date=20240105T110900, start_date=20240105T111001, end_date=20240105T111001
[2024-01-05T11:10:01.738+0000] {local_task_job_runner.py:234} INFO - Task exited with return code 0
[2024-01-05T11:10:01.771+0000] {taskinstance.py:3281} INFO - 1 downstream tasks scheduled from follow-on schedule check
