[2024-01-05T14:30:32.987+0000] {logging_mixin.py:188} INFO - Changing /opt/***/logs/dag_id=User_counter/run_id=scheduled__2024-01-05T14:29:00+00:00/task_id=PostgresTable permission to 509
[2024-01-05T14:30:32.987+0000] {logging_mixin.py:188} INFO - Failed to change /opt/***/logs/dag_id=User_counter/run_id=scheduled__2024-01-05T14:29:00+00:00/task_id=PostgresTable permission to 509: [Errno 1] Operation not permitted: '/opt/***/logs/dag_id=User_counter/run_id=scheduled__2024-01-05T14:29:00+00:00/task_id=PostgresTable'
[2024-01-05T14:30:33.030+0000] {logging_mixin.py:188} INFO - Changing /opt/***/logs/dag_id=User_counter/run_id=scheduled__2024-01-05T14:29:00+00:00/task_id=PostgresTable permission to 509
[2024-01-05T14:30:33.031+0000] {logging_mixin.py:188} INFO - Failed to change /opt/***/logs/dag_id=User_counter/run_id=scheduled__2024-01-05T14:29:00+00:00/task_id=PostgresTable permission to 509: [Errno 1] Operation not permitted: '/opt/***/logs/dag_id=User_counter/run_id=scheduled__2024-01-05T14:29:00+00:00/task_id=PostgresTable'
[2024-01-05T14:30:33.079+0000] {taskinstance.py:1957} INFO - Dependencies all met for dep_context=non-requeueable deps ti=<TaskInstance: User_counter.PostgresTable scheduled__2024-01-05T14:29:00+00:00 [queued]>
[2024-01-05T14:30:33.094+0000] {taskinstance.py:1957} INFO - Dependencies all met for dep_context=requeueable deps ti=<TaskInstance: User_counter.PostgresTable scheduled__2024-01-05T14:29:00+00:00 [queued]>
[2024-01-05T14:30:33.095+0000] {taskinstance.py:2171} INFO - Starting attempt 2 of 2
[2024-01-05T14:30:33.112+0000] {taskinstance.py:2192} INFO - Executing <Task(PostgresOperator): PostgresTable> on 2024-01-05 14:29:00+00:00
[2024-01-05T14:30:33.118+0000] {standard_task_runner.py:60} INFO - Started process 3345 to run task
[2024-01-05T14:30:33.123+0000] {standard_task_runner.py:87} INFO - Running: ['***', 'tasks', 'run', 'User_counter', 'PostgresTable', 'scheduled__2024-01-05T14:29:00+00:00', '--job-id', '12', '--raw', '--subdir', 'DAGS_FOLDER/User_counter.py', '--cfg-path', '/tmp/tmph8dovgm0']
[2024-01-05T14:30:33.126+0000] {standard_task_runner.py:88} INFO - Job 12: Subtask PostgresTable
[2024-01-05T14:30:33.187+0000] {logging_mixin.py:188} INFO - Changing /opt/***/logs/dag_id=User_counter/run_id=scheduled__2024-01-05T14:29:00+00:00/task_id=PostgresTable permission to 509
[2024-01-05T14:30:33.188+0000] {logging_mixin.py:188} INFO - Failed to change /opt/***/logs/dag_id=User_counter/run_id=scheduled__2024-01-05T14:29:00+00:00/task_id=PostgresTable permission to 509: [Errno 1] Operation not permitted: '/opt/***/logs/dag_id=User_counter/run_id=scheduled__2024-01-05T14:29:00+00:00/task_id=PostgresTable'
[2024-01-05T14:30:33.190+0000] {task_command.py:423} INFO - Running <TaskInstance: User_counter.PostgresTable scheduled__2024-01-05T14:29:00+00:00 [running]> on host 6904393207eb
[2024-01-05T14:30:33.278+0000] {taskinstance.py:2481} INFO - Exporting env vars: AIRFLOW_CTX_DAG_OWNER='Airflow' AIRFLOW_CTX_DAG_ID='User_counter' AIRFLOW_CTX_TASK_ID='PostgresTable' AIRFLOW_CTX_EXECUTION_DATE='2024-01-05T14:29:00+00:00' AIRFLOW_CTX_TRY_NUMBER='2' AIRFLOW_CTX_DAG_RUN_ID='scheduled__2024-01-05T14:29:00+00:00'
[2024-01-05T14:30:33.282+0000] {sql.py:276} INFO - Executing: 
            CREATE TABLE IF NOT EXISTS users_count (
            count INTEGER NOT NULL,
            date DATETIME  NOT NULL DEFAULT(GETDATE()));
          
[2024-01-05T14:30:33.293+0000] {base.py:83} INFO - Using connection ID 'postgres_default' for task execution.
[2024-01-05T14:30:33.305+0000] {base.py:83} INFO - Using connection ID 'postgres_default' for task execution.
[2024-01-05T14:30:33.310+0000] {sql.py:432} INFO - Running statement: 
            CREATE TABLE IF NOT EXISTS users_count (
            count INTEGER NOT NULL,
            date DATETIME  NOT NULL DEFAULT(GETDATE()));
          , parameters: None
[2024-01-05T14:30:33.312+0000] {taskinstance.py:2699} ERROR - Task failed with exception
Traceback (most recent call last):
  File "/home/airflow/.local/lib/python3.8/site-packages/airflow/models/taskinstance.py", line 433, in _execute_task
    result = execute_callable(context=context, **execute_callable_kwargs)
  File "/home/airflow/.local/lib/python3.8/site-packages/airflow/providers/common/sql/operators/sql.py", line 282, in execute
    output = hook.run(
  File "/home/airflow/.local/lib/python3.8/site-packages/airflow/providers/common/sql/hooks/sql.py", line 392, in run
    self._run_command(cur, sql_statement, parameters)
  File "/home/airflow/.local/lib/python3.8/site-packages/airflow/providers/common/sql/hooks/sql.py", line 437, in _run_command
    cur.execute(sql_statement)
psycopg2.errors.UndefinedObject: type "datetime" does not exist
LINE 4:             date DATETIME  NOT NULL DEFAULT(GETDATE()));
                         ^

[2024-01-05T14:30:33.324+0000] {taskinstance.py:1138} INFO - Marking task as FAILED. dag_id=User_counter, task_id=PostgresTable, execution_date=20240105T142900, start_date=20240105T143033, end_date=20240105T143033
[2024-01-05T14:30:33.342+0000] {standard_task_runner.py:107} ERROR - Failed to execute job 12 for task PostgresTable (type "datetime" does not exist
LINE 4:             date DATETIME  NOT NULL DEFAULT(GETDATE()));
                         ^
; 3345)
[2024-01-05T14:30:33.375+0000] {local_task_job_runner.py:234} INFO - Task exited with return code 1
[2024-01-05T14:30:33.408+0000] {taskinstance.py:3281} INFO - 0 downstream tasks scheduled from follow-on schedule check
