[2024-01-05T15:15:54.064+0000] {logging_mixin.py:188} INFO - Changing /opt/***/logs/dag_id=User_counter/run_id=manual__2024-01-05T15:15:53.509339+00:00/task_id=PostgresTable permission to 509
[2024-01-05T15:15:54.065+0000] {logging_mixin.py:188} INFO - Failed to change /opt/***/logs/dag_id=User_counter/run_id=manual__2024-01-05T15:15:53.509339+00:00/task_id=PostgresTable permission to 509: [Errno 1] Operation not permitted: '/opt/***/logs/dag_id=User_counter/run_id=manual__2024-01-05T15:15:53.509339+00:00/task_id=PostgresTable'
[2024-01-05T15:15:54.148+0000] {logging_mixin.py:188} INFO - Changing /opt/***/logs/dag_id=User_counter/run_id=manual__2024-01-05T15:15:53.509339+00:00/task_id=PostgresTable permission to 509
[2024-01-05T15:15:54.152+0000] {logging_mixin.py:188} INFO - Failed to change /opt/***/logs/dag_id=User_counter/run_id=manual__2024-01-05T15:15:53.509339+00:00/task_id=PostgresTable permission to 509: [Errno 1] Operation not permitted: '/opt/***/logs/dag_id=User_counter/run_id=manual__2024-01-05T15:15:53.509339+00:00/task_id=PostgresTable'
[2024-01-05T15:15:54.291+0000] {taskinstance.py:1957} INFO - Dependencies all met for dep_context=non-requeueable deps ti=<TaskInstance: User_counter.PostgresTable manual__2024-01-05T15:15:53.509339+00:00 [queued]>
[2024-01-05T15:15:54.312+0000] {taskinstance.py:1957} INFO - Dependencies all met for dep_context=requeueable deps ti=<TaskInstance: User_counter.PostgresTable manual__2024-01-05T15:15:53.509339+00:00 [queued]>
[2024-01-05T15:15:54.316+0000] {taskinstance.py:2171} INFO - Starting attempt 1 of 2
[2024-01-05T15:15:54.348+0000] {taskinstance.py:2192} INFO - Executing <Task(PostgresOperator): PostgresTable> on 2024-01-05 15:15:53.509339+00:00
[2024-01-05T15:15:54.353+0000] {standard_task_runner.py:60} INFO - Started process 291 to run task
[2024-01-05T15:15:54.370+0000] {standard_task_runner.py:87} INFO - Running: ['***', 'tasks', 'run', 'User_counter', 'PostgresTable', 'manual__2024-01-05T15:15:53.509339+00:00', '--job-id', '3', '--raw', '--subdir', 'DAGS_FOLDER/User_counter.py', '--cfg-path', '/tmp/tmp3x_b8oai']
[2024-01-05T15:15:54.376+0000] {standard_task_runner.py:88} INFO - Job 3: Subtask PostgresTable
[2024-01-05T15:15:54.442+0000] {logging_mixin.py:188} INFO - Changing /opt/***/logs/dag_id=User_counter/run_id=manual__2024-01-05T15:15:53.509339+00:00/task_id=PostgresTable permission to 509
[2024-01-05T15:15:54.449+0000] {logging_mixin.py:188} INFO - Failed to change /opt/***/logs/dag_id=User_counter/run_id=manual__2024-01-05T15:15:53.509339+00:00/task_id=PostgresTable permission to 509: [Errno 1] Operation not permitted: '/opt/***/logs/dag_id=User_counter/run_id=manual__2024-01-05T15:15:53.509339+00:00/task_id=PostgresTable'
[2024-01-05T15:15:54.451+0000] {task_command.py:423} INFO - Running <TaskInstance: User_counter.PostgresTable manual__2024-01-05T15:15:53.509339+00:00 [running]> on host 335d4f10cd51
[2024-01-05T15:15:54.589+0000] {taskinstance.py:2481} INFO - Exporting env vars: AIRFLOW_CTX_DAG_OWNER='Airflow' AIRFLOW_CTX_DAG_ID='User_counter' AIRFLOW_CTX_TASK_ID='PostgresTable' AIRFLOW_CTX_EXECUTION_DATE='2024-01-05T15:15:53.509339+00:00' AIRFLOW_CTX_TRY_NUMBER='1' AIRFLOW_CTX_DAG_RUN_ID='manual__2024-01-05T15:15:53.509339+00:00'
[2024-01-05T15:15:54.591+0000] {sql.py:276} INFO - Executing: 
            CREATE TABLE IF NOT EXISTS users_count (
            count_id SERIAL PRIMARY KEY,
            count INTEGER NOT NULL,
            date DATE NOT NULL);
          
[2024-01-05T15:15:54.602+0000] {base.py:83} INFO - Using connection ID 'postgres_default' for task execution.
[2024-01-05T15:15:54.623+0000] {base.py:83} INFO - Using connection ID 'postgres_default' for task execution.
[2024-01-05T15:15:54.628+0000] {sql.py:432} INFO - Running statement: 
            CREATE TABLE IF NOT EXISTS users_count (
            count_id SERIAL PRIMARY KEY,
            count INTEGER NOT NULL,
            date DATE NOT NULL);
          , parameters: None
[2024-01-05T15:15:54.654+0000] {taskinstance.py:1138} INFO - Marking task as SUCCESS. dag_id=User_counter, task_id=PostgresTable, execution_date=20240105T151553, start_date=20240105T151554, end_date=20240105T151554
[2024-01-05T15:15:54.699+0000] {local_task_job_runner.py:234} INFO - Task exited with return code 0
[2024-01-05T15:15:54.767+0000] {taskinstance.py:3281} INFO - 0 downstream tasks scheduled from follow-on schedule check
