[2024-01-05T11:09:01.850+0000] {logging_mixin.py:188} INFO - Changing /opt/***/logs/dag_id=User_counter/run_id=scheduled__2024-01-05T11:08:00+00:00/task_id=TaskId1 permission to 509
[2024-01-05T11:09:01.851+0000] {logging_mixin.py:188} INFO - Failed to change /opt/***/logs/dag_id=User_counter/run_id=scheduled__2024-01-05T11:08:00+00:00/task_id=TaskId1 permission to 509: [Errno 1] Operation not permitted: '/opt/***/logs/dag_id=User_counter/run_id=scheduled__2024-01-05T11:08:00+00:00/task_id=TaskId1'
[2024-01-05T11:09:01.886+0000] {logging_mixin.py:188} INFO - Changing /opt/***/logs/dag_id=User_counter/run_id=scheduled__2024-01-05T11:08:00+00:00/task_id=TaskId1 permission to 509
[2024-01-05T11:09:01.886+0000] {logging_mixin.py:188} INFO - Failed to change /opt/***/logs/dag_id=User_counter/run_id=scheduled__2024-01-05T11:08:00+00:00/task_id=TaskId1 permission to 509: [Errno 1] Operation not permitted: '/opt/***/logs/dag_id=User_counter/run_id=scheduled__2024-01-05T11:08:00+00:00/task_id=TaskId1'
[2024-01-05T11:09:01.931+0000] {taskinstance.py:1957} INFO - Dependencies all met for dep_context=non-requeueable deps ti=<TaskInstance: User_counter.TaskId1 scheduled__2024-01-05T11:08:00+00:00 [queued]>
[2024-01-05T11:09:01.941+0000] {taskinstance.py:1957} INFO - Dependencies all met for dep_context=requeueable deps ti=<TaskInstance: User_counter.TaskId1 scheduled__2024-01-05T11:08:00+00:00 [queued]>
[2024-01-05T11:09:01.941+0000] {taskinstance.py:2171} INFO - Starting attempt 1 of 2
[2024-01-05T11:09:01.962+0000] {taskinstance.py:2192} INFO - Executing <Task(PythonOperator): TaskId1> on 2024-01-05 11:08:00+00:00
[2024-01-05T11:09:01.968+0000] {standard_task_runner.py:60} INFO - Started process 1220 to run task
[2024-01-05T11:09:01.972+0000] {standard_task_runner.py:87} INFO - Running: ['***', 'tasks', 'run', 'User_counter', 'TaskId1', 'scheduled__2024-01-05T11:08:00+00:00', '--job-id', '21', '--raw', '--subdir', 'DAGS_FOLDER/User_counter.py', '--cfg-path', '/tmp/tmpb6jq629l']
[2024-01-05T11:09:01.976+0000] {standard_task_runner.py:88} INFO - Job 21: Subtask TaskId1
[2024-01-05T11:09:02.043+0000] {logging_mixin.py:188} INFO - Changing /opt/***/logs/dag_id=User_counter/run_id=scheduled__2024-01-05T11:08:00+00:00/task_id=TaskId1 permission to 509
[2024-01-05T11:09:02.045+0000] {logging_mixin.py:188} INFO - Failed to change /opt/***/logs/dag_id=User_counter/run_id=scheduled__2024-01-05T11:08:00+00:00/task_id=TaskId1 permission to 509: [Errno 1] Operation not permitted: '/opt/***/logs/dag_id=User_counter/run_id=scheduled__2024-01-05T11:08:00+00:00/task_id=TaskId1'
[2024-01-05T11:09:02.048+0000] {task_command.py:423} INFO - Running <TaskInstance: User_counter.TaskId1 scheduled__2024-01-05T11:08:00+00:00 [running]> on host 9d30878c4ef0
[2024-01-05T11:09:02.168+0000] {taskinstance.py:2481} INFO - Exporting env vars: AIRFLOW_CTX_DAG_OWNER='Airflow' AIRFLOW_CTX_DAG_ID='User_counter' AIRFLOW_CTX_TASK_ID='TaskId1' AIRFLOW_CTX_EXECUTION_DATE='2024-01-05T11:08:00+00:00' AIRFLOW_CTX_TRY_NUMBER='1' AIRFLOW_CTX_DAG_RUN_ID='scheduled__2024-01-05T11:08:00+00:00'
[2024-01-05T11:09:02.172+0000] {logging_mixin.py:188} INFO - ZAEBALLL11
[2024-01-05T11:09:02.172+0000] {python.py:201} INFO - Done. Returned value was: None
[2024-01-05T11:09:02.185+0000] {taskinstance.py:1138} INFO - Marking task as SUCCESS. dag_id=User_counter, task_id=TaskId1, execution_date=20240105T110800, start_date=20240105T110901, end_date=20240105T110902
[2024-01-05T11:09:02.226+0000] {local_task_job_runner.py:234} INFO - Task exited with return code 0
[2024-01-05T11:09:02.261+0000] {taskinstance.py:3281} INFO - 1 downstream tasks scheduled from follow-on schedule check
