[2024-01-06T12:26:00.377+0000] {logging_mixin.py:188} INFO - Changing /opt/***/logs/dag_id=User_counter/run_id=scheduled__2024-01-05T21:36:00+00:00/task_id=Insert permission to 509
[2024-01-06T12:26:00.379+0000] {logging_mixin.py:188} INFO - Failed to change /opt/***/logs/dag_id=User_counter/run_id=scheduled__2024-01-05T21:36:00+00:00/task_id=Insert permission to 509: [Errno 1] Operation not permitted: '/opt/***/logs/dag_id=User_counter/run_id=scheduled__2024-01-05T21:36:00+00:00/task_id=Insert'
[2024-01-06T12:26:00.519+0000] {logging_mixin.py:188} INFO - Changing /opt/***/logs/dag_id=User_counter/run_id=scheduled__2024-01-05T21:36:00+00:00/task_id=Insert permission to 509
[2024-01-06T12:26:00.520+0000] {logging_mixin.py:188} INFO - Failed to change /opt/***/logs/dag_id=User_counter/run_id=scheduled__2024-01-05T21:36:00+00:00/task_id=Insert permission to 509: [Errno 1] Operation not permitted: '/opt/***/logs/dag_id=User_counter/run_id=scheduled__2024-01-05T21:36:00+00:00/task_id=Insert'
[2024-01-06T12:26:00.647+0000] {taskinstance.py:1957} INFO - Dependencies all met for dep_context=non-requeueable deps ti=<TaskInstance: User_counter.Insert scheduled__2024-01-05T21:36:00+00:00 [queued]>
[2024-01-06T12:26:00.670+0000] {taskinstance.py:1957} INFO - Dependencies all met for dep_context=requeueable deps ti=<TaskInstance: User_counter.Insert scheduled__2024-01-05T21:36:00+00:00 [queued]>
[2024-01-06T12:26:00.673+0000] {taskinstance.py:2171} INFO - Starting attempt 1 of 2
[2024-01-06T12:26:00.719+0000] {taskinstance.py:2192} INFO - Executing <Task(PostgresOperator): Insert> on 2024-01-05 21:36:00+00:00
[2024-01-06T12:26:00.750+0000] {standard_task_runner.py:60} INFO - Started process 212 to run task
[2024-01-06T12:26:00.782+0000] {standard_task_runner.py:87} INFO - Running: ['***', 'tasks', 'run', 'User_counter', 'Insert', 'scheduled__2024-01-05T21:36:00+00:00', '--job-id', '196', '--raw', '--subdir', 'DAGS_FOLDER/User_counter.py', '--cfg-path', '/tmp/tmpff2dluhj']
[2024-01-06T12:26:00.816+0000] {standard_task_runner.py:88} INFO - Job 196: Subtask Insert
[2024-01-06T12:26:01.019+0000] {logging_mixin.py:188} INFO - Changing /opt/***/logs/dag_id=User_counter/run_id=scheduled__2024-01-05T21:36:00+00:00/task_id=Insert permission to 509
[2024-01-06T12:26:01.020+0000] {logging_mixin.py:188} INFO - Failed to change /opt/***/logs/dag_id=User_counter/run_id=scheduled__2024-01-05T21:36:00+00:00/task_id=Insert permission to 509: [Errno 1] Operation not permitted: '/opt/***/logs/dag_id=User_counter/run_id=scheduled__2024-01-05T21:36:00+00:00/task_id=Insert'
[2024-01-06T12:26:01.032+0000] {task_command.py:423} INFO - Running <TaskInstance: User_counter.Insert scheduled__2024-01-05T21:36:00+00:00 [running]> on host e91b89fa10db
[2024-01-06T12:26:01.276+0000] {taskinstance.py:2481} INFO - Exporting env vars: AIRFLOW_CTX_DAG_OWNER='Airflow' AIRFLOW_CTX_DAG_ID='User_counter' AIRFLOW_CTX_TASK_ID='Insert' AIRFLOW_CTX_EXECUTION_DATE='2024-01-05T21:36:00+00:00' AIRFLOW_CTX_TRY_NUMBER='1' AIRFLOW_CTX_DAG_RUN_ID='scheduled__2024-01-05T21:36:00+00:00'
[2024-01-06T12:26:01.279+0000] {sql.py:276} INFO - Executing: INSERT INTO users_count (count, date) 
        VALUES ((select count(id) from users) , %(date)s );
[2024-01-06T12:26:01.301+0000] {base.py:83} INFO - Using connection ID 'postgres_default' for task execution.
[2024-01-06T12:26:01.325+0000] {base.py:83} INFO - Using connection ID 'postgres_default' for task execution.
[2024-01-06T12:26:01.337+0000] {sql.py:432} INFO - Running statement: INSERT INTO users_count (count, date) 
        VALUES ((select count(id) from users) , %(date)s );, parameters: {'date': '2024-01-06 12:26:00'}
[2024-01-06T12:26:01.363+0000] {sql.py:441} INFO - Rows affected: 1
[2024-01-06T12:26:01.385+0000] {taskinstance.py:1138} INFO - Marking task as SUCCESS. dag_id=User_counter, task_id=Insert, execution_date=20240105T213600, start_date=20240106T122600, end_date=20240106T122601
[2024-01-06T12:26:01.444+0000] {local_task_job_runner.py:234} INFO - Task exited with return code 0
[2024-01-06T12:26:01.526+0000] {taskinstance.py:3281} INFO - 0 downstream tasks scheduled from follow-on schedule check
