[2024-01-06T14:13:02.608+0000] {logging_mixin.py:188} INFO - Changing /opt/***/logs/dag_id=User_counter/run_id=scheduled__2024-01-06T14:12:00+00:00/task_id=Insert permission to 509
[2024-01-06T14:13:02.609+0000] {logging_mixin.py:188} INFO - Failed to change /opt/***/logs/dag_id=User_counter/run_id=scheduled__2024-01-06T14:12:00+00:00/task_id=Insert permission to 509: [Errno 1] Operation not permitted: '/opt/***/logs/dag_id=User_counter/run_id=scheduled__2024-01-06T14:12:00+00:00/task_id=Insert'
[2024-01-06T14:13:02.643+0000] {logging_mixin.py:188} INFO - Changing /opt/***/logs/dag_id=User_counter/run_id=scheduled__2024-01-06T14:12:00+00:00/task_id=Insert permission to 509
[2024-01-06T14:13:02.644+0000] {logging_mixin.py:188} INFO - Failed to change /opt/***/logs/dag_id=User_counter/run_id=scheduled__2024-01-06T14:12:00+00:00/task_id=Insert permission to 509: [Errno 1] Operation not permitted: '/opt/***/logs/dag_id=User_counter/run_id=scheduled__2024-01-06T14:12:00+00:00/task_id=Insert'
[2024-01-06T14:13:02.690+0000] {taskinstance.py:1957} INFO - Dependencies all met for dep_context=non-requeueable deps ti=<TaskInstance: User_counter.Insert scheduled__2024-01-06T14:12:00+00:00 [queued]>
[2024-01-06T14:13:02.702+0000] {taskinstance.py:1957} INFO - Dependencies all met for dep_context=requeueable deps ti=<TaskInstance: User_counter.Insert scheduled__2024-01-06T14:12:00+00:00 [queued]>
[2024-01-06T14:13:02.703+0000] {taskinstance.py:2171} INFO - Starting attempt 1 of 2
[2024-01-06T14:13:02.721+0000] {taskinstance.py:2192} INFO - Executing <Task(PostgresOperator): Insert> on 2024-01-06 14:12:00+00:00
[2024-01-06T14:13:02.725+0000] {standard_task_runner.py:60} INFO - Started process 1917 to run task
[2024-01-06T14:13:02.729+0000] {standard_task_runner.py:87} INFO - Running: ['***', 'tasks', 'run', 'User_counter', 'Insert', 'scheduled__2024-01-06T14:12:00+00:00', '--job-id', '319', '--raw', '--subdir', 'DAGS_FOLDER/User_counter.py', '--cfg-path', '/tmp/tmpdyzvef33']
[2024-01-06T14:13:02.733+0000] {standard_task_runner.py:88} INFO - Job 319: Subtask Insert
[2024-01-06T14:13:02.790+0000] {logging_mixin.py:188} INFO - Changing /opt/***/logs/dag_id=User_counter/run_id=scheduled__2024-01-06T14:12:00+00:00/task_id=Insert permission to 509
[2024-01-06T14:13:02.791+0000] {logging_mixin.py:188} INFO - Failed to change /opt/***/logs/dag_id=User_counter/run_id=scheduled__2024-01-06T14:12:00+00:00/task_id=Insert permission to 509: [Errno 1] Operation not permitted: '/opt/***/logs/dag_id=User_counter/run_id=scheduled__2024-01-06T14:12:00+00:00/task_id=Insert'
[2024-01-06T14:13:02.792+0000] {task_command.py:423} INFO - Running <TaskInstance: User_counter.Insert scheduled__2024-01-06T14:12:00+00:00 [running]> on host ca5b1c72379e
[2024-01-06T14:13:02.905+0000] {taskinstance.py:2481} INFO - Exporting env vars: AIRFLOW_CTX_DAG_OWNER='Airflow' AIRFLOW_CTX_DAG_ID='User_counter' AIRFLOW_CTX_TASK_ID='Insert' AIRFLOW_CTX_EXECUTION_DATE='2024-01-06T14:12:00+00:00' AIRFLOW_CTX_TRY_NUMBER='1' AIRFLOW_CTX_DAG_RUN_ID='scheduled__2024-01-06T14:12:00+00:00'
[2024-01-06T14:13:02.906+0000] {sql.py:276} INFO - Executing: INSERT INTO users_count (count, date) 
        VALUES ((select count(id) from users) , %(date)s );
[2024-01-06T14:13:02.917+0000] {base.py:83} INFO - Using connection ID 'postgres_default' for task execution.
[2024-01-06T14:13:02.929+0000] {base.py:83} INFO - Using connection ID 'postgres_default' for task execution.
[2024-01-06T14:13:02.934+0000] {sql.py:432} INFO - Running statement: INSERT INTO users_count (count, date) 
        VALUES ((select count(id) from users) , %(date)s );, parameters: {'date': '2024-01-06 14:13:02'}
[2024-01-06T14:13:02.936+0000] {sql.py:441} INFO - Rows affected: 1
[2024-01-06T14:13:02.960+0000] {taskinstance.py:1138} INFO - Marking task as SUCCESS. dag_id=User_counter, task_id=Insert, execution_date=20240106T141200, start_date=20240106T141302, end_date=20240106T141302
[2024-01-06T14:13:02.983+0000] {local_task_job_runner.py:234} INFO - Task exited with return code 0
[2024-01-06T14:13:03.007+0000] {taskinstance.py:3281} INFO - 0 downstream tasks scheduled from follow-on schedule check
