[2024-01-05T21:21:18.802+0000] {logging_mixin.py:188} INFO - Changing /opt/***/logs/dag_id=User_counter/run_id=scheduled__2024-01-05T21:19:00+00:00/task_id=Insert permission to 509
[2024-01-05T21:21:18.803+0000] {logging_mixin.py:188} INFO - Failed to change /opt/***/logs/dag_id=User_counter/run_id=scheduled__2024-01-05T21:19:00+00:00/task_id=Insert permission to 509: [Errno 1] Operation not permitted: '/opt/***/logs/dag_id=User_counter/run_id=scheduled__2024-01-05T21:19:00+00:00/task_id=Insert'
[2024-01-05T21:21:18.972+0000] {logging_mixin.py:188} INFO - Changing /opt/***/logs/dag_id=User_counter/run_id=scheduled__2024-01-05T21:19:00+00:00/task_id=Insert permission to 509
[2024-01-05T21:21:18.973+0000] {logging_mixin.py:188} INFO - Failed to change /opt/***/logs/dag_id=User_counter/run_id=scheduled__2024-01-05T21:19:00+00:00/task_id=Insert permission to 509: [Errno 1] Operation not permitted: '/opt/***/logs/dag_id=User_counter/run_id=scheduled__2024-01-05T21:19:00+00:00/task_id=Insert'
[2024-01-05T21:21:19.072+0000] {taskinstance.py:1957} INFO - Dependencies all met for dep_context=non-requeueable deps ti=<TaskInstance: User_counter.Insert scheduled__2024-01-05T21:19:00+00:00 [queued]>
[2024-01-05T21:21:19.091+0000] {taskinstance.py:1957} INFO - Dependencies all met for dep_context=requeueable deps ti=<TaskInstance: User_counter.Insert scheduled__2024-01-05T21:19:00+00:00 [queued]>
[2024-01-05T21:21:19.092+0000] {taskinstance.py:2171} INFO - Starting attempt 1 of 2
[2024-01-05T21:21:19.123+0000] {taskinstance.py:2192} INFO - Executing <Task(PostgresOperator): Insert> on 2024-01-05 21:19:00+00:00
[2024-01-05T21:21:19.139+0000] {standard_task_runner.py:60} INFO - Started process 3035 to run task
[2024-01-05T21:21:19.146+0000] {standard_task_runner.py:87} INFO - Running: ['***', 'tasks', 'run', 'User_counter', 'Insert', 'scheduled__2024-01-05T21:19:00+00:00', '--job-id', '129', '--raw', '--subdir', 'DAGS_FOLDER/User_counter.py', '--cfg-path', '/tmp/tmpwwen0vpm']
[2024-01-05T21:21:19.174+0000] {standard_task_runner.py:88} INFO - Job 129: Subtask Insert
[2024-01-05T21:21:19.308+0000] {logging_mixin.py:188} INFO - Changing /opt/***/logs/dag_id=User_counter/run_id=scheduled__2024-01-05T21:19:00+00:00/task_id=Insert permission to 509
[2024-01-05T21:21:19.316+0000] {logging_mixin.py:188} INFO - Failed to change /opt/***/logs/dag_id=User_counter/run_id=scheduled__2024-01-05T21:19:00+00:00/task_id=Insert permission to 509: [Errno 1] Operation not permitted: '/opt/***/logs/dag_id=User_counter/run_id=scheduled__2024-01-05T21:19:00+00:00/task_id=Insert'
[2024-01-05T21:21:19.339+0000] {task_command.py:423} INFO - Running <TaskInstance: User_counter.Insert scheduled__2024-01-05T21:19:00+00:00 [running]> on host e91b89fa10db
[2024-01-05T21:21:19.869+0000] {taskinstance.py:2481} INFO - Exporting env vars: AIRFLOW_CTX_DAG_OWNER='Airflow' AIRFLOW_CTX_DAG_ID='User_counter' AIRFLOW_CTX_TASK_ID='Insert' AIRFLOW_CTX_EXECUTION_DATE='2024-01-05T21:19:00+00:00' AIRFLOW_CTX_TRY_NUMBER='1' AIRFLOW_CTX_DAG_RUN_ID='scheduled__2024-01-05T21:19:00+00:00'
[2024-01-05T21:21:19.906+0000] {sql.py:276} INFO - Executing: INSERT INTO users_count (count, date) 
        VALUES ((select count(id) from users) , %(date)s );
[2024-01-05T21:21:19.929+0000] {base.py:83} INFO - Using connection ID 'postgres_default' for task execution.
[2024-01-05T21:21:19.969+0000] {base.py:83} INFO - Using connection ID 'postgres_default' for task execution.
[2024-01-05T21:21:19.979+0000] {sql.py:432} INFO - Running statement: INSERT INTO users_count (count, date) 
        VALUES ((select count(id) from users) , %(date)s );, parameters: {'date': '2024-01-05 21:21:18'}
[2024-01-05T21:21:19.981+0000] {sql.py:441} INFO - Rows affected: 1
[2024-01-05T21:21:20.013+0000] {taskinstance.py:1138} INFO - Marking task as SUCCESS. dag_id=User_counter, task_id=Insert, execution_date=20240105T211900, start_date=20240105T212119, end_date=20240105T212120
[2024-01-05T21:21:20.077+0000] {local_task_job_runner.py:234} INFO - Task exited with return code 0
[2024-01-05T21:21:20.110+0000] {taskinstance.py:3281} INFO - 0 downstream tasks scheduled from follow-on schedule check
