[2024-01-05T10:20:03.657+0000] {logging_mixin.py:188} INFO - Changing /opt/***/logs/dag_id=User_counter/run_id=scheduled__2024-01-05T10:19:00+00:00/task_id=TaskId2 permission to 509
[2024-01-05T10:20:03.658+0000] {logging_mixin.py:188} INFO - Failed to change /opt/***/logs/dag_id=User_counter/run_id=scheduled__2024-01-05T10:19:00+00:00/task_id=TaskId2 permission to 509: [Errno 1] Operation not permitted: '/opt/***/logs/dag_id=User_counter/run_id=scheduled__2024-01-05T10:19:00+00:00/task_id=TaskId2'
[2024-01-05T10:20:03.690+0000] {logging_mixin.py:188} INFO - Changing /opt/***/logs/dag_id=User_counter/run_id=scheduled__2024-01-05T10:19:00+00:00/task_id=TaskId2 permission to 509
[2024-01-05T10:20:03.690+0000] {logging_mixin.py:188} INFO - Failed to change /opt/***/logs/dag_id=User_counter/run_id=scheduled__2024-01-05T10:19:00+00:00/task_id=TaskId2 permission to 509: [Errno 1] Operation not permitted: '/opt/***/logs/dag_id=User_counter/run_id=scheduled__2024-01-05T10:19:00+00:00/task_id=TaskId2'
[2024-01-05T10:20:03.728+0000] {taskinstance.py:1957} INFO - Dependencies all met for dep_context=non-requeueable deps ti=<TaskInstance: User_counter.TaskId2 scheduled__2024-01-05T10:19:00+00:00 [queued]>
[2024-01-05T10:20:03.738+0000] {taskinstance.py:1957} INFO - Dependencies all met for dep_context=requeueable deps ti=<TaskInstance: User_counter.TaskId2 scheduled__2024-01-05T10:19:00+00:00 [queued]>
[2024-01-05T10:20:03.738+0000] {taskinstance.py:2171} INFO - Starting attempt 1 of 2
[2024-01-05T10:20:03.753+0000] {taskinstance.py:2192} INFO - Executing <Task(PythonOperator): TaskId2> on 2024-01-05 10:19:00+00:00
[2024-01-05T10:20:03.760+0000] {standard_task_runner.py:60} INFO - Started process 3053 to run task
[2024-01-05T10:20:03.764+0000] {standard_task_runner.py:87} INFO - Running: ['***', 'tasks', 'run', 'User_counter', 'TaskId2', 'scheduled__2024-01-05T10:19:00+00:00', '--job-id', '10', '--raw', '--subdir', 'DAGS_FOLDER/User_counter.py', '--cfg-path', '/tmp/tmpac6td482']
[2024-01-05T10:20:03.768+0000] {standard_task_runner.py:88} INFO - Job 10: Subtask TaskId2
[2024-01-05T10:20:03.827+0000] {logging_mixin.py:188} INFO - Changing /opt/***/logs/dag_id=User_counter/run_id=scheduled__2024-01-05T10:19:00+00:00/task_id=TaskId2 permission to 509
[2024-01-05T10:20:03.827+0000] {logging_mixin.py:188} INFO - Failed to change /opt/***/logs/dag_id=User_counter/run_id=scheduled__2024-01-05T10:19:00+00:00/task_id=TaskId2 permission to 509: [Errno 1] Operation not permitted: '/opt/***/logs/dag_id=User_counter/run_id=scheduled__2024-01-05T10:19:00+00:00/task_id=TaskId2'
[2024-01-05T10:20:03.829+0000] {task_command.py:423} INFO - Running <TaskInstance: User_counter.TaskId2 scheduled__2024-01-05T10:19:00+00:00 [running]> on host 098ababd5647
[2024-01-05T10:20:03.910+0000] {taskinstance.py:2481} INFO - Exporting env vars: AIRFLOW_CTX_DAG_OWNER='Airflow' AIRFLOW_CTX_DAG_ID='User_counter' AIRFLOW_CTX_TASK_ID='TaskId2' AIRFLOW_CTX_EXECUTION_DATE='2024-01-05T10:19:00+00:00' AIRFLOW_CTX_TRY_NUMBER='1' AIRFLOW_CTX_DAG_RUN_ID='scheduled__2024-01-05T10:19:00+00:00'
[2024-01-05T10:20:03.913+0000] {logging_mixin.py:188} INFO - ZAEBALLL22
[2024-01-05T10:20:03.914+0000] {python.py:201} INFO - Done. Returned value was: None
[2024-01-05T10:20:03.924+0000] {taskinstance.py:1138} INFO - Marking task as SUCCESS. dag_id=User_counter, task_id=TaskId2, execution_date=20240105T101900, start_date=20240105T102003, end_date=20240105T102003
[2024-01-05T10:20:03.977+0000] {local_task_job_runner.py:234} INFO - Task exited with return code 0
[2024-01-05T10:20:03.997+0000] {taskinstance.py:3281} INFO - 0 downstream tasks scheduled from follow-on schedule check
