[2024-01-05T13:10:03.934+0000] {logging_mixin.py:188} INFO - Changing /opt/***/logs/dag_id=User_counter/run_id=scheduled__2024-01-05T13:09:00+00:00/task_id=TaskId2 permission to 509
[2024-01-05T13:10:03.935+0000] {logging_mixin.py:188} INFO - Failed to change /opt/***/logs/dag_id=User_counter/run_id=scheduled__2024-01-05T13:09:00+00:00/task_id=TaskId2 permission to 509: [Errno 1] Operation not permitted: '/opt/***/logs/dag_id=User_counter/run_id=scheduled__2024-01-05T13:09:00+00:00/task_id=TaskId2'
[2024-01-05T13:10:03.978+0000] {logging_mixin.py:188} INFO - Changing /opt/***/logs/dag_id=User_counter/run_id=scheduled__2024-01-05T13:09:00+00:00/task_id=TaskId2 permission to 509
[2024-01-05T13:10:03.978+0000] {logging_mixin.py:188} INFO - Failed to change /opt/***/logs/dag_id=User_counter/run_id=scheduled__2024-01-05T13:09:00+00:00/task_id=TaskId2 permission to 509: [Errno 1] Operation not permitted: '/opt/***/logs/dag_id=User_counter/run_id=scheduled__2024-01-05T13:09:00+00:00/task_id=TaskId2'
[2024-01-05T13:10:04.021+0000] {taskinstance.py:1957} INFO - Dependencies all met for dep_context=non-requeueable deps ti=<TaskInstance: User_counter.TaskId2 scheduled__2024-01-05T13:09:00+00:00 [queued]>
[2024-01-05T13:10:04.032+0000] {taskinstance.py:1957} INFO - Dependencies all met for dep_context=requeueable deps ti=<TaskInstance: User_counter.TaskId2 scheduled__2024-01-05T13:09:00+00:00 [queued]>
[2024-01-05T13:10:04.032+0000] {taskinstance.py:2171} INFO - Starting attempt 1 of 2
[2024-01-05T13:10:04.050+0000] {taskinstance.py:2192} INFO - Executing <Task(PythonOperator): TaskId2> on 2024-01-05 13:09:00+00:00
[2024-01-05T13:10:04.057+0000] {standard_task_runner.py:60} INFO - Started process 14205 to run task
[2024-01-05T13:10:04.061+0000] {standard_task_runner.py:87} INFO - Running: ['***', 'tasks', 'run', 'User_counter', 'TaskId2', 'scheduled__2024-01-05T13:09:00+00:00', '--job-id', '55', '--raw', '--subdir', 'DAGS_FOLDER/User_counter.py', '--cfg-path', '/tmp/tmpgx06mwj1']
[2024-01-05T13:10:04.065+0000] {standard_task_runner.py:88} INFO - Job 55: Subtask TaskId2
[2024-01-05T13:10:04.117+0000] {logging_mixin.py:188} INFO - Changing /opt/***/logs/dag_id=User_counter/run_id=scheduled__2024-01-05T13:09:00+00:00/task_id=TaskId2 permission to 509
[2024-01-05T13:10:04.118+0000] {logging_mixin.py:188} INFO - Failed to change /opt/***/logs/dag_id=User_counter/run_id=scheduled__2024-01-05T13:09:00+00:00/task_id=TaskId2 permission to 509: [Errno 1] Operation not permitted: '/opt/***/logs/dag_id=User_counter/run_id=scheduled__2024-01-05T13:09:00+00:00/task_id=TaskId2'
[2024-01-05T13:10:04.119+0000] {task_command.py:423} INFO - Running <TaskInstance: User_counter.TaskId2 scheduled__2024-01-05T13:09:00+00:00 [running]> on host b8b6020a6ce0
[2024-01-05T13:10:04.209+0000] {taskinstance.py:2481} INFO - Exporting env vars: AIRFLOW_CTX_DAG_OWNER='Airflow' AIRFLOW_CTX_DAG_ID='User_counter' AIRFLOW_CTX_TASK_ID='TaskId2' AIRFLOW_CTX_EXECUTION_DATE='2024-01-05T13:09:00+00:00' AIRFLOW_CTX_TRY_NUMBER='1' AIRFLOW_CTX_DAG_RUN_ID='scheduled__2024-01-05T13:09:00+00:00'
[2024-01-05T13:10:04.212+0000] {logging_mixin.py:188} INFO - Table created
[2024-01-05T13:10:04.213+0000] {python.py:201} INFO - Done. Returned value was: None
[2024-01-05T13:10:04.223+0000] {taskinstance.py:1138} INFO - Marking task as SUCCESS. dag_id=User_counter, task_id=TaskId2, execution_date=20240105T130900, start_date=20240105T131004, end_date=20240105T131004
[2024-01-05T13:10:04.274+0000] {local_task_job_runner.py:234} INFO - Task exited with return code 0
[2024-01-05T13:10:04.296+0000] {taskinstance.py:3281} INFO - 0 downstream tasks scheduled from follow-on schedule check
