[2024-01-05T15:02:01.006+0000] {logging_mixin.py:188} INFO - Changing /opt/***/logs/dag_id=User_counter/run_id=scheduled__2024-01-05T15:01:00+00:00/task_id=PostgresTable permission to 509
[2024-01-05T15:02:01.007+0000] {logging_mixin.py:188} INFO - Failed to change /opt/***/logs/dag_id=User_counter/run_id=scheduled__2024-01-05T15:01:00+00:00/task_id=PostgresTable permission to 509: [Errno 1] Operation not permitted: '/opt/***/logs/dag_id=User_counter/run_id=scheduled__2024-01-05T15:01:00+00:00/task_id=PostgresTable'
[2024-01-05T15:02:01.041+0000] {logging_mixin.py:188} INFO - Changing /opt/***/logs/dag_id=User_counter/run_id=scheduled__2024-01-05T15:01:00+00:00/task_id=PostgresTable permission to 509
[2024-01-05T15:02:01.042+0000] {logging_mixin.py:188} INFO - Failed to change /opt/***/logs/dag_id=User_counter/run_id=scheduled__2024-01-05T15:01:00+00:00/task_id=PostgresTable permission to 509: [Errno 1] Operation not permitted: '/opt/***/logs/dag_id=User_counter/run_id=scheduled__2024-01-05T15:01:00+00:00/task_id=PostgresTable'
[2024-01-05T15:02:01.081+0000] {taskinstance.py:1957} INFO - Dependencies all met for dep_context=non-requeueable deps ti=<TaskInstance: User_counter.PostgresTable scheduled__2024-01-05T15:01:00+00:00 [queued]>
[2024-01-05T15:02:01.090+0000] {taskinstance.py:1957} INFO - Dependencies all met for dep_context=requeueable deps ti=<TaskInstance: User_counter.PostgresTable scheduled__2024-01-05T15:01:00+00:00 [queued]>
[2024-01-05T15:02:01.091+0000] {taskinstance.py:2171} INFO - Starting attempt 1 of 2
[2024-01-05T15:02:01.106+0000] {taskinstance.py:2192} INFO - Executing <Task(PostgresOperator): PostgresTable> on 2024-01-05 15:01:00+00:00
[2024-01-05T15:02:01.110+0000] {standard_task_runner.py:60} INFO - Started process 355 to run task
[2024-01-05T15:02:01.114+0000] {standard_task_runner.py:87} INFO - Running: ['***', 'tasks', 'run', 'User_counter', 'PostgresTable', 'scheduled__2024-01-05T15:01:00+00:00', '--job-id', '7', '--raw', '--subdir', 'DAGS_FOLDER/User_counter.py', '--cfg-path', '/tmp/tmp7h1kbqi4']
[2024-01-05T15:02:01.117+0000] {standard_task_runner.py:88} INFO - Job 7: Subtask PostgresTable
[2024-01-05T15:02:01.173+0000] {logging_mixin.py:188} INFO - Changing /opt/***/logs/dag_id=User_counter/run_id=scheduled__2024-01-05T15:01:00+00:00/task_id=PostgresTable permission to 509
[2024-01-05T15:02:01.174+0000] {logging_mixin.py:188} INFO - Failed to change /opt/***/logs/dag_id=User_counter/run_id=scheduled__2024-01-05T15:01:00+00:00/task_id=PostgresTable permission to 509: [Errno 1] Operation not permitted: '/opt/***/logs/dag_id=User_counter/run_id=scheduled__2024-01-05T15:01:00+00:00/task_id=PostgresTable'
[2024-01-05T15:02:01.176+0000] {task_command.py:423} INFO - Running <TaskInstance: User_counter.PostgresTable scheduled__2024-01-05T15:01:00+00:00 [running]> on host 62c5474f7307
[2024-01-05T15:02:01.275+0000] {taskinstance.py:2481} INFO - Exporting env vars: AIRFLOW_CTX_DAG_OWNER='Airflow' AIRFLOW_CTX_DAG_ID='User_counter' AIRFLOW_CTX_TASK_ID='PostgresTable' AIRFLOW_CTX_EXECUTION_DATE='2024-01-05T15:01:00+00:00' AIRFLOW_CTX_TRY_NUMBER='1' AIRFLOW_CTX_DAG_RUN_ID='scheduled__2024-01-05T15:01:00+00:00'
[2024-01-05T15:02:01.276+0000] {sql.py:276} INFO - Executing: 
            CREATE TABLE IF NOT EXISTS pet (
            pet_id SERIAL PRIMARY KEY,
            name VARCHAR NOT NULL,
            pet_type VARCHAR NOT NULL,
            birth_date DATE NOT NULL,
            OWNER VARCHAR NOT NULL);
          
[2024-01-05T15:02:01.286+0000] {base.py:83} INFO - Using connection ID 'postgres_default' for task execution.
[2024-01-05T15:02:01.300+0000] {base.py:83} INFO - Using connection ID 'postgres_default' for task execution.
[2024-01-05T15:02:01.305+0000] {sql.py:432} INFO - Running statement: 
            CREATE TABLE IF NOT EXISTS pet (
            pet_id SERIAL PRIMARY KEY,
            name VARCHAR NOT NULL,
            pet_type VARCHAR NOT NULL,
            birth_date DATE NOT NULL,
            OWNER VARCHAR NOT NULL);
          , parameters: None
[2024-01-05T15:02:01.327+0000] {taskinstance.py:1138} INFO - Marking task as SUCCESS. dag_id=User_counter, task_id=PostgresTable, execution_date=20240105T150100, start_date=20240105T150201, end_date=20240105T150201
[2024-01-05T15:02:01.367+0000] {local_task_job_runner.py:234} INFO - Task exited with return code 0
[2024-01-05T15:02:01.393+0000] {taskinstance.py:3281} INFO - 1 downstream tasks scheduled from follow-on schedule check
