[2024-01-06T12:25:57.435+0000] {processor.py:161} INFO - Started process (PID=188) to work on /opt/airflow/dags/Dag1.py
[2024-01-06T12:25:57.436+0000] {processor.py:830} INFO - Processing file /opt/airflow/dags/Dag1.py for tasks to queue
[2024-01-06T12:25:57.437+0000] {logging_mixin.py:188} INFO - [2024-01-06T12:25:57.437+0000] {dagbag.py:538} INFO - Filling up the DagBag from /opt/airflow/dags/Dag1.py
[2024-01-06T12:25:57.576+0000] {processor.py:840} INFO - DAG(s) '333' retrieved from /opt/airflow/dags/Dag1.py
[2024-01-06T12:25:58.027+0000] {logging_mixin.py:188} INFO - [2024-01-06T12:25:58.026+0000] {dag.py:3033} INFO - Sync 1 DAGs
[2024-01-06T12:25:58.192+0000] {logging_mixin.py:188} INFO - [2024-01-06T12:25:58.192+0000] {dag.py:3820} INFO - Setting next_dagrun for 333 to 2024-01-07T00:00:00+00:00, run_after=2024-01-08T00:00:00+00:00
[2024-01-06T12:25:58.297+0000] {processor.py:183} INFO - Processing /opt/airflow/dags/Dag1.py took 0.876 seconds
[2024-01-06T12:26:28.452+0000] {processor.py:161} INFO - Started process (PID=254) to work on /opt/airflow/dags/Dag1.py
[2024-01-06T12:26:28.454+0000] {processor.py:830} INFO - Processing file /opt/airflow/dags/Dag1.py for tasks to queue
[2024-01-06T12:26:28.455+0000] {logging_mixin.py:188} INFO - [2024-01-06T12:26:28.454+0000] {dagbag.py:538} INFO - Filling up the DagBag from /opt/airflow/dags/Dag1.py
[2024-01-06T12:26:28.485+0000] {processor.py:840} INFO - DAG(s) '333' retrieved from /opt/airflow/dags/Dag1.py
[2024-01-06T12:26:28.645+0000] {logging_mixin.py:188} INFO - [2024-01-06T12:26:28.645+0000] {dag.py:3033} INFO - Sync 1 DAGs
[2024-01-06T12:26:28.680+0000] {logging_mixin.py:188} INFO - [2024-01-06T12:26:28.680+0000] {dag.py:3820} INFO - Setting next_dagrun for 333 to 2024-01-07T00:00:00+00:00, run_after=2024-01-08T00:00:00+00:00
[2024-01-06T12:26:28.711+0000] {processor.py:183} INFO - Processing /opt/airflow/dags/Dag1.py took 0.263 seconds
[2024-01-06T12:36:24.842+0000] {processor.py:161} INFO - Started process (PID=174) to work on /opt/airflow/dags/Dag1.py
[2024-01-06T12:36:24.843+0000] {processor.py:830} INFO - Processing file /opt/airflow/dags/Dag1.py for tasks to queue
[2024-01-06T12:36:24.844+0000] {logging_mixin.py:188} INFO - [2024-01-06T12:36:24.844+0000] {dagbag.py:538} INFO - Filling up the DagBag from /opt/airflow/dags/Dag1.py
[2024-01-06T12:36:24.886+0000] {processor.py:840} INFO - DAG(s) '333' retrieved from /opt/airflow/dags/Dag1.py
[2024-01-06T12:36:25.069+0000] {logging_mixin.py:188} INFO - [2024-01-06T12:36:25.069+0000] {dag.py:3033} INFO - Sync 1 DAGs
[2024-01-06T12:36:25.095+0000] {logging_mixin.py:188} INFO - [2024-01-06T12:36:25.095+0000] {dag.py:3820} INFO - Setting next_dagrun for 333 to 2024-01-07T00:00:00+00:00, run_after=2024-01-08T00:00:00+00:00
[2024-01-06T12:36:25.119+0000] {processor.py:183} INFO - Processing /opt/airflow/dags/Dag1.py took 0.281 seconds
[2024-01-06T12:36:55.453+0000] {processor.py:161} INFO - Started process (PID=194) to work on /opt/airflow/dags/Dag1.py
[2024-01-06T12:36:55.455+0000] {processor.py:830} INFO - Processing file /opt/airflow/dags/Dag1.py for tasks to queue
[2024-01-06T12:36:55.456+0000] {logging_mixin.py:188} INFO - [2024-01-06T12:36:55.456+0000] {dagbag.py:538} INFO - Filling up the DagBag from /opt/airflow/dags/Dag1.py
[2024-01-06T12:36:55.482+0000] {processor.py:840} INFO - DAG(s) '333' retrieved from /opt/airflow/dags/Dag1.py
[2024-01-06T12:36:55.626+0000] {logging_mixin.py:188} INFO - [2024-01-06T12:36:55.626+0000] {dag.py:3033} INFO - Sync 1 DAGs
[2024-01-06T12:36:55.655+0000] {logging_mixin.py:188} INFO - [2024-01-06T12:36:55.654+0000] {dag.py:3820} INFO - Setting next_dagrun for 333 to 2024-01-07T00:00:00+00:00, run_after=2024-01-08T00:00:00+00:00
[2024-01-06T12:36:55.691+0000] {processor.py:183} INFO - Processing /opt/airflow/dags/Dag1.py took 0.242 seconds
[2024-01-06T12:37:25.980+0000] {processor.py:161} INFO - Started process (PID=219) to work on /opt/airflow/dags/Dag1.py
[2024-01-06T12:37:25.982+0000] {processor.py:830} INFO - Processing file /opt/airflow/dags/Dag1.py for tasks to queue
[2024-01-06T12:37:25.983+0000] {logging_mixin.py:188} INFO - [2024-01-06T12:37:25.982+0000] {dagbag.py:538} INFO - Filling up the DagBag from /opt/airflow/dags/Dag1.py
[2024-01-06T12:37:26.008+0000] {processor.py:840} INFO - DAG(s) '333' retrieved from /opt/airflow/dags/Dag1.py
[2024-01-06T12:37:26.180+0000] {logging_mixin.py:188} INFO - [2024-01-06T12:37:26.180+0000] {dag.py:3033} INFO - Sync 1 DAGs
[2024-01-06T12:37:26.219+0000] {logging_mixin.py:188} INFO - [2024-01-06T12:37:26.219+0000] {dag.py:3820} INFO - Setting next_dagrun for 333 to 2024-01-07T00:00:00+00:00, run_after=2024-01-08T00:00:00+00:00
[2024-01-06T12:37:26.249+0000] {processor.py:183} INFO - Processing /opt/airflow/dags/Dag1.py took 0.273 seconds
[2024-01-06T12:37:56.523+0000] {processor.py:161} INFO - Started process (PID=240) to work on /opt/airflow/dags/Dag1.py
[2024-01-06T12:37:56.524+0000] {processor.py:830} INFO - Processing file /opt/airflow/dags/Dag1.py for tasks to queue
[2024-01-06T12:37:56.525+0000] {logging_mixin.py:188} INFO - [2024-01-06T12:37:56.525+0000] {dagbag.py:538} INFO - Filling up the DagBag from /opt/airflow/dags/Dag1.py
[2024-01-06T12:37:56.549+0000] {processor.py:840} INFO - DAG(s) '333' retrieved from /opt/airflow/dags/Dag1.py
[2024-01-06T12:37:56.688+0000] {logging_mixin.py:188} INFO - [2024-01-06T12:37:56.687+0000] {dag.py:3033} INFO - Sync 1 DAGs
[2024-01-06T12:37:56.713+0000] {logging_mixin.py:188} INFO - [2024-01-06T12:37:56.713+0000] {dag.py:3820} INFO - Setting next_dagrun for 333 to 2024-01-07T00:00:00+00:00, run_after=2024-01-08T00:00:00+00:00
[2024-01-06T12:37:56.742+0000] {processor.py:183} INFO - Processing /opt/airflow/dags/Dag1.py took 0.224 seconds
[2024-01-06T12:38:27.638+0000] {processor.py:161} INFO - Started process (PID=264) to work on /opt/airflow/dags/Dag1.py
[2024-01-06T12:38:27.656+0000] {processor.py:830} INFO - Processing file /opt/airflow/dags/Dag1.py for tasks to queue
[2024-01-06T12:38:27.660+0000] {logging_mixin.py:188} INFO - [2024-01-06T12:38:27.659+0000] {dagbag.py:538} INFO - Filling up the DagBag from /opt/airflow/dags/Dag1.py
[2024-01-06T12:38:27.766+0000] {processor.py:840} INFO - DAG(s) '333' retrieved from /opt/airflow/dags/Dag1.py
[2024-01-06T12:38:27.935+0000] {logging_mixin.py:188} INFO - [2024-01-06T12:38:27.934+0000] {dag.py:3033} INFO - Sync 1 DAGs
[2024-01-06T12:38:27.963+0000] {logging_mixin.py:188} INFO - [2024-01-06T12:38:27.963+0000] {dag.py:3820} INFO - Setting next_dagrun for 333 to 2024-01-07T00:00:00+00:00, run_after=2024-01-08T00:00:00+00:00
[2024-01-06T12:38:27.989+0000] {processor.py:183} INFO - Processing /opt/airflow/dags/Dag1.py took 0.364 seconds
[2024-01-06T12:38:58.644+0000] {processor.py:161} INFO - Started process (PID=285) to work on /opt/airflow/dags/Dag1.py
[2024-01-06T12:38:58.645+0000] {processor.py:830} INFO - Processing file /opt/airflow/dags/Dag1.py for tasks to queue
[2024-01-06T12:38:58.646+0000] {logging_mixin.py:188} INFO - [2024-01-06T12:38:58.646+0000] {dagbag.py:538} INFO - Filling up the DagBag from /opt/airflow/dags/Dag1.py
[2024-01-06T12:38:58.671+0000] {processor.py:840} INFO - DAG(s) '333' retrieved from /opt/airflow/dags/Dag1.py
[2024-01-06T12:38:58.838+0000] {logging_mixin.py:188} INFO - [2024-01-06T12:38:58.838+0000] {dag.py:3033} INFO - Sync 1 DAGs
[2024-01-06T12:38:58.874+0000] {logging_mixin.py:188} INFO - [2024-01-06T12:38:58.873+0000] {dag.py:3820} INFO - Setting next_dagrun for 333 to 2024-01-07T00:00:00+00:00, run_after=2024-01-08T00:00:00+00:00
[2024-01-06T12:38:58.902+0000] {processor.py:183} INFO - Processing /opt/airflow/dags/Dag1.py took 0.262 seconds
[2024-01-06T12:39:29.036+0000] {processor.py:161} INFO - Started process (PID=308) to work on /opt/airflow/dags/Dag1.py
[2024-01-06T12:39:29.037+0000] {processor.py:830} INFO - Processing file /opt/airflow/dags/Dag1.py for tasks to queue
[2024-01-06T12:39:29.039+0000] {logging_mixin.py:188} INFO - [2024-01-06T12:39:29.038+0000] {dagbag.py:538} INFO - Filling up the DagBag from /opt/airflow/dags/Dag1.py
[2024-01-06T12:39:29.071+0000] {processor.py:840} INFO - DAG(s) '333' retrieved from /opt/airflow/dags/Dag1.py
[2024-01-06T12:39:29.254+0000] {logging_mixin.py:188} INFO - [2024-01-06T12:39:29.254+0000] {dag.py:3033} INFO - Sync 1 DAGs
[2024-01-06T12:39:29.311+0000] {logging_mixin.py:188} INFO - [2024-01-06T12:39:29.311+0000] {dag.py:3820} INFO - Setting next_dagrun for 333 to 2024-01-07T00:00:00+00:00, run_after=2024-01-08T00:00:00+00:00
[2024-01-06T12:39:29.350+0000] {processor.py:183} INFO - Processing /opt/airflow/dags/Dag1.py took 0.319 seconds
[2024-01-06T12:40:00.087+0000] {processor.py:161} INFO - Started process (PID=329) to work on /opt/airflow/dags/Dag1.py
[2024-01-06T12:40:00.089+0000] {processor.py:830} INFO - Processing file /opt/airflow/dags/Dag1.py for tasks to queue
[2024-01-06T12:40:00.090+0000] {logging_mixin.py:188} INFO - [2024-01-06T12:40:00.089+0000] {dagbag.py:538} INFO - Filling up the DagBag from /opt/airflow/dags/Dag1.py
[2024-01-06T12:40:00.118+0000] {processor.py:840} INFO - DAG(s) '333' retrieved from /opt/airflow/dags/Dag1.py
[2024-01-06T12:40:00.276+0000] {logging_mixin.py:188} INFO - [2024-01-06T12:40:00.276+0000] {dag.py:3033} INFO - Sync 1 DAGs
[2024-01-06T12:40:00.309+0000] {logging_mixin.py:188} INFO - [2024-01-06T12:40:00.308+0000] {dag.py:3820} INFO - Setting next_dagrun for 333 to 2024-01-07T00:00:00+00:00, run_after=2024-01-08T00:00:00+00:00
[2024-01-06T12:40:00.337+0000] {processor.py:183} INFO - Processing /opt/airflow/dags/Dag1.py took 0.254 seconds
[2024-01-06T12:40:30.776+0000] {processor.py:161} INFO - Started process (PID=355) to work on /opt/airflow/dags/Dag1.py
[2024-01-06T12:40:30.777+0000] {processor.py:830} INFO - Processing file /opt/airflow/dags/Dag1.py for tasks to queue
[2024-01-06T12:40:30.779+0000] {logging_mixin.py:188} INFO - [2024-01-06T12:40:30.778+0000] {dagbag.py:538} INFO - Filling up the DagBag from /opt/airflow/dags/Dag1.py
[2024-01-06T12:40:30.806+0000] {processor.py:840} INFO - DAG(s) '333' retrieved from /opt/airflow/dags/Dag1.py
[2024-01-06T12:40:30.950+0000] {logging_mixin.py:188} INFO - [2024-01-06T12:40:30.950+0000] {dag.py:3033} INFO - Sync 1 DAGs
[2024-01-06T12:40:30.977+0000] {logging_mixin.py:188} INFO - [2024-01-06T12:40:30.977+0000] {dag.py:3820} INFO - Setting next_dagrun for 333 to 2024-01-07T00:00:00+00:00, run_after=2024-01-08T00:00:00+00:00
[2024-01-06T12:40:31.004+0000] {processor.py:183} INFO - Processing /opt/airflow/dags/Dag1.py took 0.233 seconds
[2024-01-06T12:41:01.722+0000] {processor.py:161} INFO - Started process (PID=377) to work on /opt/airflow/dags/Dag1.py
[2024-01-06T12:41:01.723+0000] {processor.py:830} INFO - Processing file /opt/airflow/dags/Dag1.py for tasks to queue
[2024-01-06T12:41:01.724+0000] {logging_mixin.py:188} INFO - [2024-01-06T12:41:01.724+0000] {dagbag.py:538} INFO - Filling up the DagBag from /opt/airflow/dags/Dag1.py
[2024-01-06T12:41:01.767+0000] {processor.py:840} INFO - DAG(s) '333' retrieved from /opt/airflow/dags/Dag1.py
[2024-01-06T12:41:01.967+0000] {logging_mixin.py:188} INFO - [2024-01-06T12:41:01.967+0000] {dag.py:3033} INFO - Sync 1 DAGs
[2024-01-06T12:41:01.999+0000] {logging_mixin.py:188} INFO - [2024-01-06T12:41:01.999+0000] {dag.py:3820} INFO - Setting next_dagrun for 333 to 2024-01-07T00:00:00+00:00, run_after=2024-01-08T00:00:00+00:00
[2024-01-06T12:41:02.030+0000] {processor.py:183} INFO - Processing /opt/airflow/dags/Dag1.py took 0.312 seconds
[2024-01-06T12:41:32.362+0000] {processor.py:161} INFO - Started process (PID=402) to work on /opt/airflow/dags/Dag1.py
[2024-01-06T12:41:32.364+0000] {processor.py:830} INFO - Processing file /opt/airflow/dags/Dag1.py for tasks to queue
[2024-01-06T12:41:32.365+0000] {logging_mixin.py:188} INFO - [2024-01-06T12:41:32.365+0000] {dagbag.py:538} INFO - Filling up the DagBag from /opt/airflow/dags/Dag1.py
[2024-01-06T12:41:32.393+0000] {processor.py:840} INFO - DAG(s) '333' retrieved from /opt/airflow/dags/Dag1.py
[2024-01-06T12:41:32.539+0000] {logging_mixin.py:188} INFO - [2024-01-06T12:41:32.539+0000] {dag.py:3033} INFO - Sync 1 DAGs
[2024-01-06T12:41:32.564+0000] {logging_mixin.py:188} INFO - [2024-01-06T12:41:32.564+0000] {dag.py:3820} INFO - Setting next_dagrun for 333 to 2024-01-07T00:00:00+00:00, run_after=2024-01-08T00:00:00+00:00
[2024-01-06T12:41:32.591+0000] {processor.py:183} INFO - Processing /opt/airflow/dags/Dag1.py took 0.233 seconds
[2024-01-06T12:42:02.872+0000] {processor.py:161} INFO - Started process (PID=427) to work on /opt/airflow/dags/Dag1.py
[2024-01-06T12:42:02.874+0000] {processor.py:830} INFO - Processing file /opt/airflow/dags/Dag1.py for tasks to queue
[2024-01-06T12:42:02.875+0000] {logging_mixin.py:188} INFO - [2024-01-06T12:42:02.874+0000] {dagbag.py:538} INFO - Filling up the DagBag from /opt/airflow/dags/Dag1.py
[2024-01-06T12:42:02.900+0000] {processor.py:840} INFO - DAG(s) '333' retrieved from /opt/airflow/dags/Dag1.py
[2024-01-06T12:42:03.037+0000] {logging_mixin.py:188} INFO - [2024-01-06T12:42:03.037+0000] {dag.py:3033} INFO - Sync 1 DAGs
[2024-01-06T12:42:03.069+0000] {logging_mixin.py:188} INFO - [2024-01-06T12:42:03.069+0000] {dag.py:3820} INFO - Setting next_dagrun for 333 to 2024-01-07T00:00:00+00:00, run_after=2024-01-08T00:00:00+00:00
[2024-01-06T12:42:03.099+0000] {processor.py:183} INFO - Processing /opt/airflow/dags/Dag1.py took 0.232 seconds
[2024-01-06T12:42:33.391+0000] {processor.py:161} INFO - Started process (PID=449) to work on /opt/airflow/dags/Dag1.py
[2024-01-06T12:42:33.393+0000] {processor.py:830} INFO - Processing file /opt/airflow/dags/Dag1.py for tasks to queue
[2024-01-06T12:42:33.395+0000] {logging_mixin.py:188} INFO - [2024-01-06T12:42:33.394+0000] {dagbag.py:538} INFO - Filling up the DagBag from /opt/airflow/dags/Dag1.py
[2024-01-06T12:42:33.422+0000] {processor.py:840} INFO - DAG(s) '333' retrieved from /opt/airflow/dags/Dag1.py
[2024-01-06T12:42:33.558+0000] {logging_mixin.py:188} INFO - [2024-01-06T12:42:33.557+0000] {dag.py:3033} INFO - Sync 1 DAGs
[2024-01-06T12:42:33.583+0000] {logging_mixin.py:188} INFO - [2024-01-06T12:42:33.583+0000] {dag.py:3820} INFO - Setting next_dagrun for 333 to 2024-01-07T00:00:00+00:00, run_after=2024-01-08T00:00:00+00:00
[2024-01-06T12:42:33.611+0000] {processor.py:183} INFO - Processing /opt/airflow/dags/Dag1.py took 0.224 seconds
[2024-01-06T12:43:03.914+0000] {processor.py:161} INFO - Started process (PID=474) to work on /opt/airflow/dags/Dag1.py
[2024-01-06T12:43:03.915+0000] {processor.py:830} INFO - Processing file /opt/airflow/dags/Dag1.py for tasks to queue
[2024-01-06T12:43:03.917+0000] {logging_mixin.py:188} INFO - [2024-01-06T12:43:03.916+0000] {dagbag.py:538} INFO - Filling up the DagBag from /opt/airflow/dags/Dag1.py
[2024-01-06T12:43:03.943+0000] {processor.py:840} INFO - DAG(s) '333' retrieved from /opt/airflow/dags/Dag1.py
[2024-01-06T12:43:04.075+0000] {logging_mixin.py:188} INFO - [2024-01-06T12:43:04.075+0000] {dag.py:3033} INFO - Sync 1 DAGs
[2024-01-06T12:43:04.101+0000] {logging_mixin.py:188} INFO - [2024-01-06T12:43:04.101+0000] {dag.py:3820} INFO - Setting next_dagrun for 333 to 2024-01-07T00:00:00+00:00, run_after=2024-01-08T00:00:00+00:00
[2024-01-06T12:43:04.126+0000] {processor.py:183} INFO - Processing /opt/airflow/dags/Dag1.py took 0.217 seconds
[2024-01-06T12:43:34.539+0000] {processor.py:161} INFO - Started process (PID=495) to work on /opt/airflow/dags/Dag1.py
[2024-01-06T12:43:34.541+0000] {processor.py:830} INFO - Processing file /opt/airflow/dags/Dag1.py for tasks to queue
[2024-01-06T12:43:34.543+0000] {logging_mixin.py:188} INFO - [2024-01-06T12:43:34.542+0000] {dagbag.py:538} INFO - Filling up the DagBag from /opt/airflow/dags/Dag1.py
[2024-01-06T12:43:34.581+0000] {processor.py:840} INFO - DAG(s) '333' retrieved from /opt/airflow/dags/Dag1.py
[2024-01-06T12:43:34.745+0000] {logging_mixin.py:188} INFO - [2024-01-06T12:43:34.745+0000] {dag.py:3033} INFO - Sync 1 DAGs
[2024-01-06T12:43:34.775+0000] {logging_mixin.py:188} INFO - [2024-01-06T12:43:34.775+0000] {dag.py:3820} INFO - Setting next_dagrun for 333 to 2024-01-07T00:00:00+00:00, run_after=2024-01-08T00:00:00+00:00
[2024-01-06T12:43:34.805+0000] {processor.py:183} INFO - Processing /opt/airflow/dags/Dag1.py took 0.271 seconds
[2024-01-06T12:44:05.103+0000] {processor.py:161} INFO - Started process (PID=520) to work on /opt/airflow/dags/Dag1.py
[2024-01-06T12:44:05.104+0000] {processor.py:830} INFO - Processing file /opt/airflow/dags/Dag1.py for tasks to queue
[2024-01-06T12:44:05.106+0000] {logging_mixin.py:188} INFO - [2024-01-06T12:44:05.105+0000] {dagbag.py:538} INFO - Filling up the DagBag from /opt/airflow/dags/Dag1.py
[2024-01-06T12:44:05.133+0000] {processor.py:840} INFO - DAG(s) '333' retrieved from /opt/airflow/dags/Dag1.py
[2024-01-06T12:44:05.264+0000] {logging_mixin.py:188} INFO - [2024-01-06T12:44:05.264+0000] {dag.py:3033} INFO - Sync 1 DAGs
[2024-01-06T12:44:05.291+0000] {logging_mixin.py:188} INFO - [2024-01-06T12:44:05.290+0000] {dag.py:3820} INFO - Setting next_dagrun for 333 to 2024-01-07T00:00:00+00:00, run_after=2024-01-08T00:00:00+00:00
[2024-01-06T12:44:05.316+0000] {processor.py:183} INFO - Processing /opt/airflow/dags/Dag1.py took 0.218 seconds
[2024-01-06T12:44:35.669+0000] {processor.py:161} INFO - Started process (PID=541) to work on /opt/airflow/dags/Dag1.py
[2024-01-06T12:44:35.670+0000] {processor.py:830} INFO - Processing file /opt/airflow/dags/Dag1.py for tasks to queue
[2024-01-06T12:44:35.671+0000] {logging_mixin.py:188} INFO - [2024-01-06T12:44:35.671+0000] {dagbag.py:538} INFO - Filling up the DagBag from /opt/airflow/dags/Dag1.py
[2024-01-06T12:44:35.697+0000] {processor.py:840} INFO - DAG(s) '333' retrieved from /opt/airflow/dags/Dag1.py
[2024-01-06T12:44:35.862+0000] {logging_mixin.py:188} INFO - [2024-01-06T12:44:35.862+0000] {dag.py:3033} INFO - Sync 1 DAGs
[2024-01-06T12:44:35.927+0000] {logging_mixin.py:188} INFO - [2024-01-06T12:44:35.927+0000] {dag.py:3820} INFO - Setting next_dagrun for 333 to 2024-01-07T00:00:00+00:00, run_after=2024-01-08T00:00:00+00:00
[2024-01-06T12:44:35.961+0000] {processor.py:183} INFO - Processing /opt/airflow/dags/Dag1.py took 0.298 seconds
[2024-01-06T12:45:06.353+0000] {processor.py:161} INFO - Started process (PID=567) to work on /opt/airflow/dags/Dag1.py
[2024-01-06T12:45:06.355+0000] {processor.py:830} INFO - Processing file /opt/airflow/dags/Dag1.py for tasks to queue
[2024-01-06T12:45:06.356+0000] {logging_mixin.py:188} INFO - [2024-01-06T12:45:06.355+0000] {dagbag.py:538} INFO - Filling up the DagBag from /opt/airflow/dags/Dag1.py
[2024-01-06T12:45:06.385+0000] {processor.py:840} INFO - DAG(s) '333' retrieved from /opt/airflow/dags/Dag1.py
[2024-01-06T12:45:06.528+0000] {logging_mixin.py:188} INFO - [2024-01-06T12:45:06.528+0000] {dag.py:3033} INFO - Sync 1 DAGs
[2024-01-06T12:45:06.556+0000] {logging_mixin.py:188} INFO - [2024-01-06T12:45:06.556+0000] {dag.py:3820} INFO - Setting next_dagrun for 333 to 2024-01-07T00:00:00+00:00, run_after=2024-01-08T00:00:00+00:00
[2024-01-06T12:45:06.596+0000] {processor.py:183} INFO - Processing /opt/airflow/dags/Dag1.py took 0.247 seconds
[2024-01-06T12:45:38.364+0000] {processor.py:161} INFO - Started process (PID=589) to work on /opt/airflow/dags/Dag1.py
[2024-01-06T12:45:38.365+0000] {processor.py:830} INFO - Processing file /opt/airflow/dags/Dag1.py for tasks to queue
[2024-01-06T12:45:38.367+0000] {logging_mixin.py:188} INFO - [2024-01-06T12:45:38.366+0000] {dagbag.py:538} INFO - Filling up the DagBag from /opt/airflow/dags/Dag1.py
[2024-01-06T12:45:38.402+0000] {processor.py:840} INFO - DAG(s) '333' retrieved from /opt/airflow/dags/Dag1.py
[2024-01-06T12:45:38.609+0000] {logging_mixin.py:188} INFO - [2024-01-06T12:45:38.609+0000] {dag.py:3033} INFO - Sync 1 DAGs
[2024-01-06T12:45:38.641+0000] {logging_mixin.py:188} INFO - [2024-01-06T12:45:38.641+0000] {dag.py:3820} INFO - Setting next_dagrun for 333 to 2024-01-07T00:00:00+00:00, run_after=2024-01-08T00:00:00+00:00
[2024-01-06T12:45:38.686+0000] {processor.py:183} INFO - Processing /opt/airflow/dags/Dag1.py took 0.327 seconds
[2024-01-06T12:46:09.095+0000] {processor.py:161} INFO - Started process (PID=614) to work on /opt/airflow/dags/Dag1.py
[2024-01-06T12:46:09.097+0000] {processor.py:830} INFO - Processing file /opt/airflow/dags/Dag1.py for tasks to queue
[2024-01-06T12:46:09.098+0000] {logging_mixin.py:188} INFO - [2024-01-06T12:46:09.098+0000] {dagbag.py:538} INFO - Filling up the DagBag from /opt/airflow/dags/Dag1.py
[2024-01-06T12:46:09.123+0000] {processor.py:840} INFO - DAG(s) '333' retrieved from /opt/airflow/dags/Dag1.py
[2024-01-06T12:46:09.304+0000] {logging_mixin.py:188} INFO - [2024-01-06T12:46:09.304+0000] {dag.py:3033} INFO - Sync 1 DAGs
[2024-01-06T12:46:09.333+0000] {logging_mixin.py:188} INFO - [2024-01-06T12:46:09.332+0000] {dag.py:3820} INFO - Setting next_dagrun for 333 to 2024-01-07T00:00:00+00:00, run_after=2024-01-08T00:00:00+00:00
[2024-01-06T12:46:09.359+0000] {processor.py:183} INFO - Processing /opt/airflow/dags/Dag1.py took 0.268 seconds
[2024-01-06T12:46:39.822+0000] {processor.py:161} INFO - Started process (PID=640) to work on /opt/airflow/dags/Dag1.py
[2024-01-06T12:46:39.823+0000] {processor.py:830} INFO - Processing file /opt/airflow/dags/Dag1.py for tasks to queue
[2024-01-06T12:46:39.824+0000] {logging_mixin.py:188} INFO - [2024-01-06T12:46:39.824+0000] {dagbag.py:538} INFO - Filling up the DagBag from /opt/airflow/dags/Dag1.py
[2024-01-06T12:46:39.852+0000] {processor.py:840} INFO - DAG(s) '333' retrieved from /opt/airflow/dags/Dag1.py
[2024-01-06T12:46:40.036+0000] {logging_mixin.py:188} INFO - [2024-01-06T12:46:40.036+0000] {dag.py:3033} INFO - Sync 1 DAGs
[2024-01-06T12:46:40.073+0000] {logging_mixin.py:188} INFO - [2024-01-06T12:46:40.073+0000] {dag.py:3820} INFO - Setting next_dagrun for 333 to 2024-01-07T00:00:00+00:00, run_after=2024-01-08T00:00:00+00:00
[2024-01-06T12:46:40.112+0000] {processor.py:183} INFO - Processing /opt/airflow/dags/Dag1.py took 0.296 seconds
[2024-01-06T12:47:10.962+0000] {processor.py:161} INFO - Started process (PID=663) to work on /opt/airflow/dags/Dag1.py
[2024-01-06T12:47:10.964+0000] {processor.py:830} INFO - Processing file /opt/airflow/dags/Dag1.py for tasks to queue
[2024-01-06T12:47:10.973+0000] {logging_mixin.py:188} INFO - [2024-01-06T12:47:10.973+0000] {dagbag.py:538} INFO - Filling up the DagBag from /opt/airflow/dags/Dag1.py
[2024-01-06T12:47:11.012+0000] {processor.py:840} INFO - DAG(s) '333' retrieved from /opt/airflow/dags/Dag1.py
[2024-01-06T12:47:11.207+0000] {logging_mixin.py:188} INFO - [2024-01-06T12:47:11.207+0000] {dag.py:3033} INFO - Sync 1 DAGs
[2024-01-06T12:47:11.246+0000] {logging_mixin.py:188} INFO - [2024-01-06T12:47:11.246+0000] {dag.py:3820} INFO - Setting next_dagrun for 333 to 2024-01-07T00:00:00+00:00, run_after=2024-01-08T00:00:00+00:00
[2024-01-06T12:47:11.275+0000] {processor.py:183} INFO - Processing /opt/airflow/dags/Dag1.py took 0.326 seconds
[2024-01-06T12:47:41.810+0000] {processor.py:161} INFO - Started process (PID=686) to work on /opt/airflow/dags/Dag1.py
[2024-01-06T12:47:41.811+0000] {processor.py:830} INFO - Processing file /opt/airflow/dags/Dag1.py for tasks to queue
[2024-01-06T12:47:41.812+0000] {logging_mixin.py:188} INFO - [2024-01-06T12:47:41.812+0000] {dagbag.py:538} INFO - Filling up the DagBag from /opt/airflow/dags/Dag1.py
[2024-01-06T12:47:41.841+0000] {processor.py:840} INFO - DAG(s) '333' retrieved from /opt/airflow/dags/Dag1.py
[2024-01-06T12:47:42.014+0000] {logging_mixin.py:188} INFO - [2024-01-06T12:47:42.013+0000] {dag.py:3033} INFO - Sync 1 DAGs
[2024-01-06T12:47:42.042+0000] {logging_mixin.py:188} INFO - [2024-01-06T12:47:42.041+0000] {dag.py:3820} INFO - Setting next_dagrun for 333 to 2024-01-07T00:00:00+00:00, run_after=2024-01-08T00:00:00+00:00
[2024-01-06T12:47:42.071+0000] {processor.py:183} INFO - Processing /opt/airflow/dags/Dag1.py took 0.266 seconds
[2024-01-06T12:48:13.102+0000] {processor.py:161} INFO - Started process (PID=711) to work on /opt/airflow/dags/Dag1.py
[2024-01-06T12:48:13.103+0000] {processor.py:830} INFO - Processing file /opt/airflow/dags/Dag1.py for tasks to queue
[2024-01-06T12:48:13.105+0000] {logging_mixin.py:188} INFO - [2024-01-06T12:48:13.104+0000] {dagbag.py:538} INFO - Filling up the DagBag from /opt/airflow/dags/Dag1.py
[2024-01-06T12:48:13.151+0000] {processor.py:840} INFO - DAG(s) '333' retrieved from /opt/airflow/dags/Dag1.py
[2024-01-06T12:48:13.551+0000] {logging_mixin.py:188} INFO - [2024-01-06T12:48:13.551+0000] {dag.py:3033} INFO - Sync 1 DAGs
[2024-01-06T12:48:13.644+0000] {logging_mixin.py:188} INFO - [2024-01-06T12:48:13.643+0000] {dag.py:3820} INFO - Setting next_dagrun for 333 to 2024-01-07T00:00:00+00:00, run_after=2024-01-08T00:00:00+00:00
[2024-01-06T12:48:13.716+0000] {processor.py:183} INFO - Processing /opt/airflow/dags/Dag1.py took 0.629 seconds
[2024-01-06T12:48:44.561+0000] {processor.py:161} INFO - Started process (PID=732) to work on /opt/airflow/dags/Dag1.py
[2024-01-06T12:48:44.564+0000] {processor.py:830} INFO - Processing file /opt/airflow/dags/Dag1.py for tasks to queue
[2024-01-06T12:48:44.566+0000] {logging_mixin.py:188} INFO - [2024-01-06T12:48:44.565+0000] {dagbag.py:538} INFO - Filling up the DagBag from /opt/airflow/dags/Dag1.py
[2024-01-06T12:48:44.605+0000] {processor.py:840} INFO - DAG(s) '333' retrieved from /opt/airflow/dags/Dag1.py
[2024-01-06T12:48:44.779+0000] {logging_mixin.py:188} INFO - [2024-01-06T12:48:44.779+0000] {dag.py:3033} INFO - Sync 1 DAGs
[2024-01-06T12:48:44.814+0000] {logging_mixin.py:188} INFO - [2024-01-06T12:48:44.814+0000] {dag.py:3820} INFO - Setting next_dagrun for 333 to 2024-01-07T00:00:00+00:00, run_after=2024-01-08T00:00:00+00:00
[2024-01-06T12:48:44.885+0000] {processor.py:183} INFO - Processing /opt/airflow/dags/Dag1.py took 0.330 seconds
[2024-01-06T12:49:15.244+0000] {processor.py:161} INFO - Started process (PID=758) to work on /opt/airflow/dags/Dag1.py
[2024-01-06T12:49:15.246+0000] {processor.py:830} INFO - Processing file /opt/airflow/dags/Dag1.py for tasks to queue
[2024-01-06T12:49:15.248+0000] {logging_mixin.py:188} INFO - [2024-01-06T12:49:15.247+0000] {dagbag.py:538} INFO - Filling up the DagBag from /opt/airflow/dags/Dag1.py
[2024-01-06T12:49:15.281+0000] {processor.py:840} INFO - DAG(s) '333' retrieved from /opt/airflow/dags/Dag1.py
[2024-01-06T12:49:15.441+0000] {logging_mixin.py:188} INFO - [2024-01-06T12:49:15.441+0000] {dag.py:3033} INFO - Sync 1 DAGs
[2024-01-06T12:49:15.472+0000] {logging_mixin.py:188} INFO - [2024-01-06T12:49:15.471+0000] {dag.py:3820} INFO - Setting next_dagrun for 333 to 2024-01-07T00:00:00+00:00, run_after=2024-01-08T00:00:00+00:00
[2024-01-06T12:49:15.516+0000] {processor.py:183} INFO - Processing /opt/airflow/dags/Dag1.py took 0.276 seconds
[2024-01-06T12:49:46.006+0000] {processor.py:161} INFO - Started process (PID=779) to work on /opt/airflow/dags/Dag1.py
[2024-01-06T12:49:46.007+0000] {processor.py:830} INFO - Processing file /opt/airflow/dags/Dag1.py for tasks to queue
[2024-01-06T12:49:46.009+0000] {logging_mixin.py:188} INFO - [2024-01-06T12:49:46.008+0000] {dagbag.py:538} INFO - Filling up the DagBag from /opt/airflow/dags/Dag1.py
[2024-01-06T12:49:46.249+0000] {processor.py:840} INFO - DAG(s) '333' retrieved from /opt/airflow/dags/Dag1.py
[2024-01-06T12:49:46.511+0000] {logging_mixin.py:188} INFO - [2024-01-06T12:49:46.510+0000] {dag.py:3033} INFO - Sync 1 DAGs
[2024-01-06T12:49:46.549+0000] {logging_mixin.py:188} INFO - [2024-01-06T12:49:46.549+0000] {dag.py:3820} INFO - Setting next_dagrun for 333 to 2024-01-07T00:00:00+00:00, run_after=2024-01-08T00:00:00+00:00
[2024-01-06T12:49:46.580+0000] {processor.py:183} INFO - Processing /opt/airflow/dags/Dag1.py took 0.583 seconds
[2024-01-06T12:50:16.883+0000] {processor.py:161} INFO - Started process (PID=804) to work on /opt/airflow/dags/Dag1.py
[2024-01-06T12:50:16.884+0000] {processor.py:830} INFO - Processing file /opt/airflow/dags/Dag1.py for tasks to queue
[2024-01-06T12:50:16.887+0000] {logging_mixin.py:188} INFO - [2024-01-06T12:50:16.887+0000] {dagbag.py:538} INFO - Filling up the DagBag from /opt/airflow/dags/Dag1.py
[2024-01-06T12:50:16.929+0000] {processor.py:840} INFO - DAG(s) '333' retrieved from /opt/airflow/dags/Dag1.py
[2024-01-06T12:50:17.084+0000] {logging_mixin.py:188} INFO - [2024-01-06T12:50:17.084+0000] {dag.py:3033} INFO - Sync 1 DAGs
[2024-01-06T12:50:17.112+0000] {logging_mixin.py:188} INFO - [2024-01-06T12:50:17.112+0000] {dag.py:3820} INFO - Setting next_dagrun for 333 to 2024-01-07T00:00:00+00:00, run_after=2024-01-08T00:00:00+00:00
[2024-01-06T12:50:17.144+0000] {processor.py:183} INFO - Processing /opt/airflow/dags/Dag1.py took 0.266 seconds
[2024-01-06T12:50:47.464+0000] {processor.py:161} INFO - Started process (PID=825) to work on /opt/airflow/dags/Dag1.py
[2024-01-06T12:50:47.467+0000] {processor.py:830} INFO - Processing file /opt/airflow/dags/Dag1.py for tasks to queue
[2024-01-06T12:50:47.468+0000] {logging_mixin.py:188} INFO - [2024-01-06T12:50:47.468+0000] {dagbag.py:538} INFO - Filling up the DagBag from /opt/airflow/dags/Dag1.py
[2024-01-06T12:50:47.510+0000] {processor.py:840} INFO - DAG(s) '333' retrieved from /opt/airflow/dags/Dag1.py
[2024-01-06T12:50:47.663+0000] {logging_mixin.py:188} INFO - [2024-01-06T12:50:47.663+0000] {dag.py:3033} INFO - Sync 1 DAGs
[2024-01-06T12:50:47.703+0000] {logging_mixin.py:188} INFO - [2024-01-06T12:50:47.702+0000] {dag.py:3820} INFO - Setting next_dagrun for 333 to 2024-01-07T00:00:00+00:00, run_after=2024-01-08T00:00:00+00:00
[2024-01-06T12:50:47.743+0000] {processor.py:183} INFO - Processing /opt/airflow/dags/Dag1.py took 0.284 seconds
[2024-01-06T12:51:17.965+0000] {processor.py:161} INFO - Started process (PID=848) to work on /opt/airflow/dags/Dag1.py
[2024-01-06T12:51:17.967+0000] {processor.py:830} INFO - Processing file /opt/airflow/dags/Dag1.py for tasks to queue
[2024-01-06T12:51:17.968+0000] {logging_mixin.py:188} INFO - [2024-01-06T12:51:17.968+0000] {dagbag.py:538} INFO - Filling up the DagBag from /opt/airflow/dags/Dag1.py
[2024-01-06T12:51:18.007+0000] {processor.py:840} INFO - DAG(s) '333' retrieved from /opt/airflow/dags/Dag1.py
[2024-01-06T12:51:18.178+0000] {logging_mixin.py:188} INFO - [2024-01-06T12:51:18.177+0000] {dag.py:3033} INFO - Sync 1 DAGs
[2024-01-06T12:51:18.207+0000] {logging_mixin.py:188} INFO - [2024-01-06T12:51:18.207+0000] {dag.py:3820} INFO - Setting next_dagrun for 333 to 2024-01-07T00:00:00+00:00, run_after=2024-01-08T00:00:00+00:00
[2024-01-06T12:51:18.257+0000] {processor.py:183} INFO - Processing /opt/airflow/dags/Dag1.py took 0.297 seconds
[2024-01-06T12:51:48.685+0000] {processor.py:161} INFO - Started process (PID=869) to work on /opt/airflow/dags/Dag1.py
[2024-01-06T12:51:48.687+0000] {processor.py:830} INFO - Processing file /opt/airflow/dags/Dag1.py for tasks to queue
[2024-01-06T12:51:48.688+0000] {logging_mixin.py:188} INFO - [2024-01-06T12:51:48.688+0000] {dagbag.py:538} INFO - Filling up the DagBag from /opt/airflow/dags/Dag1.py
[2024-01-06T12:51:48.721+0000] {processor.py:840} INFO - DAG(s) '333' retrieved from /opt/airflow/dags/Dag1.py
[2024-01-06T12:51:48.856+0000] {logging_mixin.py:188} INFO - [2024-01-06T12:51:48.855+0000] {dag.py:3033} INFO - Sync 1 DAGs
[2024-01-06T12:51:48.882+0000] {logging_mixin.py:188} INFO - [2024-01-06T12:51:48.882+0000] {dag.py:3820} INFO - Setting next_dagrun for 333 to 2024-01-07T00:00:00+00:00, run_after=2024-01-08T00:00:00+00:00
[2024-01-06T12:51:48.908+0000] {processor.py:183} INFO - Processing /opt/airflow/dags/Dag1.py took 0.229 seconds
[2024-01-06T12:52:19.423+0000] {processor.py:161} INFO - Started process (PID=896) to work on /opt/airflow/dags/Dag1.py
[2024-01-06T12:52:19.424+0000] {processor.py:830} INFO - Processing file /opt/airflow/dags/Dag1.py for tasks to queue
[2024-01-06T12:52:19.426+0000] {logging_mixin.py:188} INFO - [2024-01-06T12:52:19.425+0000] {dagbag.py:538} INFO - Filling up the DagBag from /opt/airflow/dags/Dag1.py
[2024-01-06T12:52:19.454+0000] {processor.py:840} INFO - DAG(s) '333' retrieved from /opt/airflow/dags/Dag1.py
[2024-01-06T12:52:19.590+0000] {logging_mixin.py:188} INFO - [2024-01-06T12:52:19.590+0000] {dag.py:3033} INFO - Sync 1 DAGs
[2024-01-06T12:52:19.617+0000] {logging_mixin.py:188} INFO - [2024-01-06T12:52:19.617+0000] {dag.py:3820} INFO - Setting next_dagrun for 333 to 2024-01-07T00:00:00+00:00, run_after=2024-01-08T00:00:00+00:00
[2024-01-06T12:52:19.642+0000] {processor.py:183} INFO - Processing /opt/airflow/dags/Dag1.py took 0.224 seconds
[2024-01-06T12:52:50.020+0000] {processor.py:161} INFO - Started process (PID=916) to work on /opt/airflow/dags/Dag1.py
[2024-01-06T12:52:50.021+0000] {processor.py:830} INFO - Processing file /opt/airflow/dags/Dag1.py for tasks to queue
[2024-01-06T12:52:50.023+0000] {logging_mixin.py:188} INFO - [2024-01-06T12:52:50.022+0000] {dagbag.py:538} INFO - Filling up the DagBag from /opt/airflow/dags/Dag1.py
[2024-01-06T12:52:50.048+0000] {processor.py:840} INFO - DAG(s) '333' retrieved from /opt/airflow/dags/Dag1.py
[2024-01-06T12:52:50.187+0000] {logging_mixin.py:188} INFO - [2024-01-06T12:52:50.186+0000] {dag.py:3033} INFO - Sync 1 DAGs
[2024-01-06T12:52:50.213+0000] {logging_mixin.py:188} INFO - [2024-01-06T12:52:50.213+0000] {dag.py:3820} INFO - Setting next_dagrun for 333 to 2024-01-07T00:00:00+00:00, run_after=2024-01-08T00:00:00+00:00
[2024-01-06T12:52:50.247+0000] {processor.py:183} INFO - Processing /opt/airflow/dags/Dag1.py took 0.233 seconds
[2024-01-06T12:53:20.619+0000] {processor.py:161} INFO - Started process (PID=943) to work on /opt/airflow/dags/Dag1.py
[2024-01-06T12:53:20.620+0000] {processor.py:830} INFO - Processing file /opt/airflow/dags/Dag1.py for tasks to queue
[2024-01-06T12:53:20.621+0000] {logging_mixin.py:188} INFO - [2024-01-06T12:53:20.621+0000] {dagbag.py:538} INFO - Filling up the DagBag from /opt/airflow/dags/Dag1.py
[2024-01-06T12:53:20.647+0000] {processor.py:840} INFO - DAG(s) '333' retrieved from /opt/airflow/dags/Dag1.py
[2024-01-06T12:53:20.793+0000] {logging_mixin.py:188} INFO - [2024-01-06T12:53:20.792+0000] {dag.py:3033} INFO - Sync 1 DAGs
[2024-01-06T12:53:20.819+0000] {logging_mixin.py:188} INFO - [2024-01-06T12:53:20.819+0000] {dag.py:3820} INFO - Setting next_dagrun for 333 to 2024-01-07T00:00:00+00:00, run_after=2024-01-08T00:00:00+00:00
[2024-01-06T12:53:20.844+0000] {processor.py:183} INFO - Processing /opt/airflow/dags/Dag1.py took 0.230 seconds
[2024-01-06T12:53:51.180+0000] {processor.py:161} INFO - Started process (PID=964) to work on /opt/airflow/dags/Dag1.py
[2024-01-06T12:53:51.182+0000] {processor.py:830} INFO - Processing file /opt/airflow/dags/Dag1.py for tasks to queue
[2024-01-06T12:53:51.183+0000] {logging_mixin.py:188} INFO - [2024-01-06T12:53:51.182+0000] {dagbag.py:538} INFO - Filling up the DagBag from /opt/airflow/dags/Dag1.py
[2024-01-06T12:53:51.210+0000] {processor.py:840} INFO - DAG(s) '333' retrieved from /opt/airflow/dags/Dag1.py
[2024-01-06T12:53:51.348+0000] {logging_mixin.py:188} INFO - [2024-01-06T12:53:51.347+0000] {dag.py:3033} INFO - Sync 1 DAGs
[2024-01-06T12:53:51.375+0000] {logging_mixin.py:188} INFO - [2024-01-06T12:53:51.375+0000] {dag.py:3820} INFO - Setting next_dagrun for 333 to 2024-01-07T00:00:00+00:00, run_after=2024-01-08T00:00:00+00:00
[2024-01-06T12:53:51.403+0000] {processor.py:183} INFO - Processing /opt/airflow/dags/Dag1.py took 0.227 seconds
[2024-01-06T12:54:21.903+0000] {processor.py:161} INFO - Started process (PID=988) to work on /opt/airflow/dags/Dag1.py
[2024-01-06T12:54:21.904+0000] {processor.py:830} INFO - Processing file /opt/airflow/dags/Dag1.py for tasks to queue
[2024-01-06T12:54:21.906+0000] {logging_mixin.py:188} INFO - [2024-01-06T12:54:21.906+0000] {dagbag.py:538} INFO - Filling up the DagBag from /opt/airflow/dags/Dag1.py
[2024-01-06T12:54:21.933+0000] {processor.py:840} INFO - DAG(s) '333' retrieved from /opt/airflow/dags/Dag1.py
[2024-01-06T12:54:22.067+0000] {logging_mixin.py:188} INFO - [2024-01-06T12:54:22.066+0000] {dag.py:3033} INFO - Sync 1 DAGs
[2024-01-06T12:54:22.096+0000] {logging_mixin.py:188} INFO - [2024-01-06T12:54:22.096+0000] {dag.py:3820} INFO - Setting next_dagrun for 333 to 2024-01-07T00:00:00+00:00, run_after=2024-01-08T00:00:00+00:00
[2024-01-06T12:54:22.122+0000] {processor.py:183} INFO - Processing /opt/airflow/dags/Dag1.py took 0.224 seconds
[2024-01-06T12:54:52.547+0000] {processor.py:161} INFO - Started process (PID=1009) to work on /opt/airflow/dags/Dag1.py
[2024-01-06T12:54:52.548+0000] {processor.py:830} INFO - Processing file /opt/airflow/dags/Dag1.py for tasks to queue
[2024-01-06T12:54:52.549+0000] {logging_mixin.py:188} INFO - [2024-01-06T12:54:52.549+0000] {dagbag.py:538} INFO - Filling up the DagBag from /opt/airflow/dags/Dag1.py
[2024-01-06T12:54:52.579+0000] {processor.py:840} INFO - DAG(s) '333' retrieved from /opt/airflow/dags/Dag1.py
[2024-01-06T12:54:52.729+0000] {logging_mixin.py:188} INFO - [2024-01-06T12:54:52.729+0000] {dag.py:3033} INFO - Sync 1 DAGs
[2024-01-06T12:54:52.761+0000] {logging_mixin.py:188} INFO - [2024-01-06T12:54:52.761+0000] {dag.py:3820} INFO - Setting next_dagrun for 333 to 2024-01-07T00:00:00+00:00, run_after=2024-01-08T00:00:00+00:00
[2024-01-06T12:54:52.788+0000] {processor.py:183} INFO - Processing /opt/airflow/dags/Dag1.py took 0.246 seconds
[2024-01-06T12:55:23.194+0000] {processor.py:161} INFO - Started process (PID=1034) to work on /opt/airflow/dags/Dag1.py
[2024-01-06T12:55:23.195+0000] {processor.py:830} INFO - Processing file /opt/airflow/dags/Dag1.py for tasks to queue
[2024-01-06T12:55:23.196+0000] {logging_mixin.py:188} INFO - [2024-01-06T12:55:23.196+0000] {dagbag.py:538} INFO - Filling up the DagBag from /opt/airflow/dags/Dag1.py
[2024-01-06T12:55:23.223+0000] {processor.py:840} INFO - DAG(s) '333' retrieved from /opt/airflow/dags/Dag1.py
[2024-01-06T12:55:23.389+0000] {logging_mixin.py:188} INFO - [2024-01-06T12:55:23.389+0000] {dag.py:3033} INFO - Sync 1 DAGs
[2024-01-06T12:55:23.417+0000] {logging_mixin.py:188} INFO - [2024-01-06T12:55:23.416+0000] {dag.py:3820} INFO - Setting next_dagrun for 333 to 2024-01-07T00:00:00+00:00, run_after=2024-01-08T00:00:00+00:00
[2024-01-06T12:55:23.444+0000] {processor.py:183} INFO - Processing /opt/airflow/dags/Dag1.py took 0.254 seconds
[2024-01-06T12:55:53.768+0000] {processor.py:161} INFO - Started process (PID=1055) to work on /opt/airflow/dags/Dag1.py
[2024-01-06T12:55:53.769+0000] {processor.py:830} INFO - Processing file /opt/airflow/dags/Dag1.py for tasks to queue
[2024-01-06T12:55:53.771+0000] {logging_mixin.py:188} INFO - [2024-01-06T12:55:53.770+0000] {dagbag.py:538} INFO - Filling up the DagBag from /opt/airflow/dags/Dag1.py
[2024-01-06T12:55:53.796+0000] {processor.py:840} INFO - DAG(s) '333' retrieved from /opt/airflow/dags/Dag1.py
[2024-01-06T12:55:53.953+0000] {logging_mixin.py:188} INFO - [2024-01-06T12:55:53.953+0000] {dag.py:3033} INFO - Sync 1 DAGs
[2024-01-06T12:55:53.978+0000] {logging_mixin.py:188} INFO - [2024-01-06T12:55:53.978+0000] {dag.py:3820} INFO - Setting next_dagrun for 333 to 2024-01-07T00:00:00+00:00, run_after=2024-01-08T00:00:00+00:00
[2024-01-06T12:55:54.006+0000] {processor.py:183} INFO - Processing /opt/airflow/dags/Dag1.py took 0.243 seconds
[2024-01-06T12:56:24.308+0000] {processor.py:161} INFO - Started process (PID=1080) to work on /opt/airflow/dags/Dag1.py
[2024-01-06T12:56:24.310+0000] {processor.py:830} INFO - Processing file /opt/airflow/dags/Dag1.py for tasks to queue
[2024-01-06T12:56:24.311+0000] {logging_mixin.py:188} INFO - [2024-01-06T12:56:24.311+0000] {dagbag.py:538} INFO - Filling up the DagBag from /opt/airflow/dags/Dag1.py
[2024-01-06T12:56:24.339+0000] {processor.py:840} INFO - DAG(s) '333' retrieved from /opt/airflow/dags/Dag1.py
[2024-01-06T12:56:24.495+0000] {logging_mixin.py:188} INFO - [2024-01-06T12:56:24.494+0000] {dag.py:3033} INFO - Sync 1 DAGs
[2024-01-06T12:56:24.519+0000] {logging_mixin.py:188} INFO - [2024-01-06T12:56:24.519+0000] {dag.py:3820} INFO - Setting next_dagrun for 333 to 2024-01-07T00:00:00+00:00, run_after=2024-01-08T00:00:00+00:00
[2024-01-06T12:56:24.548+0000] {processor.py:183} INFO - Processing /opt/airflow/dags/Dag1.py took 0.244 seconds
[2024-01-06T12:56:54.942+0000] {processor.py:161} INFO - Started process (PID=1100) to work on /opt/airflow/dags/Dag1.py
[2024-01-06T12:56:54.943+0000] {processor.py:830} INFO - Processing file /opt/airflow/dags/Dag1.py for tasks to queue
[2024-01-06T12:56:54.945+0000] {logging_mixin.py:188} INFO - [2024-01-06T12:56:54.944+0000] {dagbag.py:538} INFO - Filling up the DagBag from /opt/airflow/dags/Dag1.py
[2024-01-06T12:56:54.971+0000] {processor.py:840} INFO - DAG(s) '333' retrieved from /opt/airflow/dags/Dag1.py
[2024-01-06T12:56:55.107+0000] {logging_mixin.py:188} INFO - [2024-01-06T12:56:55.106+0000] {dag.py:3033} INFO - Sync 1 DAGs
[2024-01-06T12:56:55.135+0000] {logging_mixin.py:188} INFO - [2024-01-06T12:56:55.134+0000] {dag.py:3820} INFO - Setting next_dagrun for 333 to 2024-01-07T00:00:00+00:00, run_after=2024-01-08T00:00:00+00:00
[2024-01-06T12:56:55.162+0000] {processor.py:183} INFO - Processing /opt/airflow/dags/Dag1.py took 0.224 seconds
[2024-01-06T12:57:25.670+0000] {processor.py:161} INFO - Started process (PID=1124) to work on /opt/airflow/dags/Dag1.py
[2024-01-06T12:57:25.672+0000] {processor.py:830} INFO - Processing file /opt/airflow/dags/Dag1.py for tasks to queue
[2024-01-06T12:57:25.674+0000] {logging_mixin.py:188} INFO - [2024-01-06T12:57:25.673+0000] {dagbag.py:538} INFO - Filling up the DagBag from /opt/airflow/dags/Dag1.py
[2024-01-06T12:57:25.700+0000] {processor.py:840} INFO - DAG(s) '333' retrieved from /opt/airflow/dags/Dag1.py
[2024-01-06T12:57:25.844+0000] {logging_mixin.py:188} INFO - [2024-01-06T12:57:25.844+0000] {dag.py:3033} INFO - Sync 1 DAGs
[2024-01-06T12:57:25.871+0000] {logging_mixin.py:188} INFO - [2024-01-06T12:57:25.871+0000] {dag.py:3820} INFO - Setting next_dagrun for 333 to 2024-01-07T00:00:00+00:00, run_after=2024-01-08T00:00:00+00:00
[2024-01-06T12:57:25.898+0000] {processor.py:183} INFO - Processing /opt/airflow/dags/Dag1.py took 0.231 seconds
[2024-01-06T12:57:56.305+0000] {processor.py:161} INFO - Started process (PID=1145) to work on /opt/airflow/dags/Dag1.py
[2024-01-06T12:57:56.306+0000] {processor.py:830} INFO - Processing file /opt/airflow/dags/Dag1.py for tasks to queue
[2024-01-06T12:57:56.308+0000] {logging_mixin.py:188} INFO - [2024-01-06T12:57:56.307+0000] {dagbag.py:538} INFO - Filling up the DagBag from /opt/airflow/dags/Dag1.py
[2024-01-06T12:57:56.360+0000] {processor.py:840} INFO - DAG(s) '333' retrieved from /opt/airflow/dags/Dag1.py
[2024-01-06T12:57:56.529+0000] {logging_mixin.py:188} INFO - [2024-01-06T12:57:56.528+0000] {dag.py:3033} INFO - Sync 1 DAGs
[2024-01-06T12:57:56.561+0000] {logging_mixin.py:188} INFO - [2024-01-06T12:57:56.561+0000] {dag.py:3820} INFO - Setting next_dagrun for 333 to 2024-01-07T00:00:00+00:00, run_after=2024-01-08T00:00:00+00:00
[2024-01-06T12:57:56.602+0000] {processor.py:183} INFO - Processing /opt/airflow/dags/Dag1.py took 0.302 seconds
[2024-01-06T12:58:27.007+0000] {processor.py:161} INFO - Started process (PID=1170) to work on /opt/airflow/dags/Dag1.py
[2024-01-06T12:58:27.008+0000] {processor.py:830} INFO - Processing file /opt/airflow/dags/Dag1.py for tasks to queue
[2024-01-06T12:58:27.010+0000] {logging_mixin.py:188} INFO - [2024-01-06T12:58:27.009+0000] {dagbag.py:538} INFO - Filling up the DagBag from /opt/airflow/dags/Dag1.py
[2024-01-06T12:58:27.037+0000] {processor.py:840} INFO - DAG(s) '333' retrieved from /opt/airflow/dags/Dag1.py
[2024-01-06T12:58:27.179+0000] {logging_mixin.py:188} INFO - [2024-01-06T12:58:27.179+0000] {dag.py:3033} INFO - Sync 1 DAGs
[2024-01-06T12:58:27.205+0000] {logging_mixin.py:188} INFO - [2024-01-06T12:58:27.205+0000] {dag.py:3820} INFO - Setting next_dagrun for 333 to 2024-01-07T00:00:00+00:00, run_after=2024-01-08T00:00:00+00:00
[2024-01-06T12:58:27.233+0000] {processor.py:183} INFO - Processing /opt/airflow/dags/Dag1.py took 0.231 seconds
[2024-01-06T12:58:57.617+0000] {processor.py:161} INFO - Started process (PID=1191) to work on /opt/airflow/dags/Dag1.py
[2024-01-06T12:58:57.618+0000] {processor.py:830} INFO - Processing file /opt/airflow/dags/Dag1.py for tasks to queue
[2024-01-06T12:58:57.619+0000] {logging_mixin.py:188} INFO - [2024-01-06T12:58:57.619+0000] {dagbag.py:538} INFO - Filling up the DagBag from /opt/airflow/dags/Dag1.py
[2024-01-06T12:58:57.652+0000] {processor.py:840} INFO - DAG(s) '333' retrieved from /opt/airflow/dags/Dag1.py
[2024-01-06T12:58:57.799+0000] {logging_mixin.py:188} INFO - [2024-01-06T12:58:57.799+0000] {dag.py:3033} INFO - Sync 1 DAGs
[2024-01-06T12:58:57.825+0000] {logging_mixin.py:188} INFO - [2024-01-06T12:58:57.825+0000] {dag.py:3820} INFO - Setting next_dagrun for 333 to 2024-01-07T00:00:00+00:00, run_after=2024-01-08T00:00:00+00:00
[2024-01-06T12:58:57.869+0000] {processor.py:183} INFO - Processing /opt/airflow/dags/Dag1.py took 0.256 seconds
[2024-01-06T12:59:28.286+0000] {processor.py:161} INFO - Started process (PID=1216) to work on /opt/airflow/dags/Dag1.py
[2024-01-06T12:59:28.288+0000] {processor.py:830} INFO - Processing file /opt/airflow/dags/Dag1.py for tasks to queue
[2024-01-06T12:59:28.289+0000] {logging_mixin.py:188} INFO - [2024-01-06T12:59:28.289+0000] {dagbag.py:538} INFO - Filling up the DagBag from /opt/airflow/dags/Dag1.py
[2024-01-06T12:59:28.324+0000] {processor.py:840} INFO - DAG(s) '333' retrieved from /opt/airflow/dags/Dag1.py
[2024-01-06T12:59:28.489+0000] {logging_mixin.py:188} INFO - [2024-01-06T12:59:28.489+0000] {dag.py:3033} INFO - Sync 1 DAGs
[2024-01-06T12:59:28.517+0000] {logging_mixin.py:188} INFO - [2024-01-06T12:59:28.517+0000] {dag.py:3820} INFO - Setting next_dagrun for 333 to 2024-01-07T00:00:00+00:00, run_after=2024-01-08T00:00:00+00:00
[2024-01-06T12:59:28.548+0000] {processor.py:183} INFO - Processing /opt/airflow/dags/Dag1.py took 0.266 seconds
[2024-01-06T12:59:59.022+0000] {processor.py:161} INFO - Started process (PID=1237) to work on /opt/airflow/dags/Dag1.py
[2024-01-06T12:59:59.024+0000] {processor.py:830} INFO - Processing file /opt/airflow/dags/Dag1.py for tasks to queue
[2024-01-06T12:59:59.026+0000] {logging_mixin.py:188} INFO - [2024-01-06T12:59:59.025+0000] {dagbag.py:538} INFO - Filling up the DagBag from /opt/airflow/dags/Dag1.py
[2024-01-06T12:59:59.058+0000] {processor.py:840} INFO - DAG(s) '333' retrieved from /opt/airflow/dags/Dag1.py
[2024-01-06T12:59:59.227+0000] {logging_mixin.py:188} INFO - [2024-01-06T12:59:59.227+0000] {dag.py:3033} INFO - Sync 1 DAGs
[2024-01-06T12:59:59.269+0000] {logging_mixin.py:188} INFO - [2024-01-06T12:59:59.269+0000] {dag.py:3820} INFO - Setting next_dagrun for 333 to 2024-01-07T00:00:00+00:00, run_after=2024-01-08T00:00:00+00:00
[2024-01-06T12:59:59.307+0000] {processor.py:183} INFO - Processing /opt/airflow/dags/Dag1.py took 0.289 seconds
[2024-01-06T13:00:31.150+0000] {processor.py:161} INFO - Started process (PID=1262) to work on /opt/airflow/dags/Dag1.py
[2024-01-06T13:00:31.151+0000] {processor.py:830} INFO - Processing file /opt/airflow/dags/Dag1.py for tasks to queue
[2024-01-06T13:00:31.153+0000] {logging_mixin.py:188} INFO - [2024-01-06T13:00:31.152+0000] {dagbag.py:538} INFO - Filling up the DagBag from /opt/airflow/dags/Dag1.py
[2024-01-06T13:00:31.179+0000] {processor.py:840} INFO - DAG(s) '333' retrieved from /opt/airflow/dags/Dag1.py
[2024-01-06T13:00:31.318+0000] {logging_mixin.py:188} INFO - [2024-01-06T13:00:31.318+0000] {dag.py:3033} INFO - Sync 1 DAGs
[2024-01-06T13:00:31.347+0000] {logging_mixin.py:188} INFO - [2024-01-06T13:00:31.347+0000] {dag.py:3820} INFO - Setting next_dagrun for 333 to 2024-01-07T00:00:00+00:00, run_after=2024-01-08T00:00:00+00:00
[2024-01-06T13:00:31.377+0000] {processor.py:183} INFO - Processing /opt/airflow/dags/Dag1.py took 0.231 seconds
[2024-01-06T13:01:02.221+0000] {processor.py:161} INFO - Started process (PID=1283) to work on /opt/airflow/dags/Dag1.py
[2024-01-06T13:01:02.223+0000] {processor.py:830} INFO - Processing file /opt/airflow/dags/Dag1.py for tasks to queue
[2024-01-06T13:01:02.224+0000] {logging_mixin.py:188} INFO - [2024-01-06T13:01:02.224+0000] {dagbag.py:538} INFO - Filling up the DagBag from /opt/airflow/dags/Dag1.py
[2024-01-06T13:01:02.271+0000] {processor.py:840} INFO - DAG(s) '333' retrieved from /opt/airflow/dags/Dag1.py
[2024-01-06T13:01:02.447+0000] {logging_mixin.py:188} INFO - [2024-01-06T13:01:02.447+0000] {dag.py:3033} INFO - Sync 1 DAGs
[2024-01-06T13:01:02.478+0000] {logging_mixin.py:188} INFO - [2024-01-06T13:01:02.478+0000] {dag.py:3820} INFO - Setting next_dagrun for 333 to 2024-01-07T00:00:00+00:00, run_after=2024-01-08T00:00:00+00:00
[2024-01-06T13:01:02.508+0000] {processor.py:183} INFO - Processing /opt/airflow/dags/Dag1.py took 0.292 seconds
[2024-01-06T13:02:37.405+0000] {processor.py:161} INFO - Started process (PID=1304) to work on /opt/airflow/dags/Dag1.py
[2024-01-06T13:02:37.457+0000] {processor.py:830} INFO - Processing file /opt/airflow/dags/Dag1.py for tasks to queue
[2024-01-06T13:02:37.610+0000] {logging_mixin.py:188} INFO - [2024-01-06T13:02:37.549+0000] {dagbag.py:538} INFO - Filling up the DagBag from /opt/airflow/dags/Dag1.py
[2024-01-06T13:02:40.531+0000] {processor.py:840} INFO - DAG(s) '333' retrieved from /opt/airflow/dags/Dag1.py
[2024-01-06T13:03:06.373+0000] {logging_mixin.py:188} INFO - [2024-01-06T13:03:06.357+0000] {dag.py:3033} INFO - Sync 1 DAGs
[2024-01-06T13:03:08.097+0000] {logging_mixin.py:188} INFO - [2024-01-06T13:03:07.981+0000] {dag.py:3820} INFO - Setting next_dagrun for 333 to 2024-01-07T00:00:00+00:00, run_after=2024-01-08T00:00:00+00:00
[2024-01-06T13:03:09.830+0000] {processor.py:183} INFO - Processing /opt/airflow/dags/Dag1.py took 32.775 seconds
[2024-01-06T13:03:40.876+0000] {processor.py:161} INFO - Started process (PID=1322) to work on /opt/airflow/dags/Dag1.py
[2024-01-06T13:03:40.877+0000] {processor.py:830} INFO - Processing file /opt/airflow/dags/Dag1.py for tasks to queue
[2024-01-06T13:03:40.906+0000] {logging_mixin.py:188} INFO - [2024-01-06T13:03:40.894+0000] {dagbag.py:538} INFO - Filling up the DagBag from /opt/airflow/dags/Dag1.py
[2024-01-06T13:03:41.651+0000] {processor.py:840} INFO - DAG(s) '333' retrieved from /opt/airflow/dags/Dag1.py
[2024-01-06T13:05:58.851+0000] {processor.py:186} ERROR - Got an exception! Propagating...
Traceback (most recent call last):
  File "/home/airflow/.local/lib/python3.8/site-packages/sqlalchemy/engine/base.py", line 3371, in _wrap_pool_connect
    return fn()
  File "/home/airflow/.local/lib/python3.8/site-packages/sqlalchemy/pool/base.py", line 327, in connect
    return _ConnectionFairy._checkout(self)
  File "/home/airflow/.local/lib/python3.8/site-packages/sqlalchemy/pool/base.py", line 894, in _checkout
    fairy = _ConnectionRecord.checkout(pool)
  File "/home/airflow/.local/lib/python3.8/site-packages/sqlalchemy/pool/base.py", line 493, in checkout
    rec = pool._do_get()
  File "/home/airflow/.local/lib/python3.8/site-packages/sqlalchemy/pool/impl.py", line 146, in _do_get
    self._dec_overflow()
  File "/home/airflow/.local/lib/python3.8/site-packages/sqlalchemy/util/langhelpers.py", line 70, in __exit__
    compat.raise_(
  File "/home/airflow/.local/lib/python3.8/site-packages/sqlalchemy/util/compat.py", line 211, in raise_
    raise exception
  File "/home/airflow/.local/lib/python3.8/site-packages/sqlalchemy/pool/impl.py", line 143, in _do_get
    return self._create_connection()
  File "/home/airflow/.local/lib/python3.8/site-packages/sqlalchemy/pool/base.py", line 273, in _create_connection
    return _ConnectionRecord(self)
  File "/home/airflow/.local/lib/python3.8/site-packages/sqlalchemy/pool/base.py", line 388, in __init__
    self.__connect()
  File "/home/airflow/.local/lib/python3.8/site-packages/sqlalchemy/pool/base.py", line 691, in __connect
    pool.logger.debug("Error on connect(): %s", e)
  File "/home/airflow/.local/lib/python3.8/site-packages/sqlalchemy/util/langhelpers.py", line 70, in __exit__
    compat.raise_(
  File "/home/airflow/.local/lib/python3.8/site-packages/sqlalchemy/util/compat.py", line 211, in raise_
    raise exception
  File "/home/airflow/.local/lib/python3.8/site-packages/sqlalchemy/pool/base.py", line 686, in __connect
    self.dbapi_connection = connection = pool._invoke_creator(self)
  File "/home/airflow/.local/lib/python3.8/site-packages/sqlalchemy/engine/create.py", line 574, in connect
    return dialect.connect(*cargs, **cparams)
  File "/home/airflow/.local/lib/python3.8/site-packages/sqlalchemy/engine/default.py", line 598, in connect
    return self.dbapi.connect(*cargs, **cparams)
  File "/home/airflow/.local/lib/python3.8/site-packages/psycopg2/__init__.py", line 122, in connect
    conn = _connect(dsn, connection_factory=connection_factory, **kwasync)
psycopg2.OperationalError: could not translate host name "postgres" to address: Temporary failure in name resolution


The above exception was the direct cause of the following exception:

Traceback (most recent call last):
  File "/home/airflow/.local/lib/python3.8/site-packages/airflow/dag_processing/processor.py", line 182, in _run_file_processor
    _handle_dag_file_processing()
  File "/home/airflow/.local/lib/python3.8/site-packages/airflow/dag_processing/processor.py", line 163, in _handle_dag_file_processing
    result: tuple[int, int] = dag_file_processor.process_file(
  File "/home/airflow/.local/lib/python3.8/site-packages/airflow/utils/session.py", line 79, in wrapper
    return func(*args, session=session, **kwargs)
  File "/home/airflow/.local/lib/python3.8/site-packages/airflow/dag_processing/processor.py", line 859, in process_file
    serialize_errors = DagFileProcessor.save_dag_to_db(
  File "/home/airflow/.local/lib/python3.8/site-packages/airflow/api_internal/internal_api_call.py", line 114, in wrapper
    return func(*args, **kwargs)
  File "/home/airflow/.local/lib/python3.8/site-packages/airflow/utils/session.py", line 79, in wrapper
    return func(*args, session=session, **kwargs)
  File "/home/airflow/.local/lib/python3.8/site-packages/airflow/dag_processing/processor.py", line 895, in save_dag_to_db
    import_errors = DagBag._sync_to_db(dags=dags, processor_subdir=dag_directory, session=session)
  File "/home/airflow/.local/lib/python3.8/site-packages/airflow/utils/session.py", line 76, in wrapper
    return func(*args, **kwargs)
  File "/home/airflow/.local/lib/python3.8/site-packages/airflow/models/dagbag.py", line 657, in _sync_to_db
    for attempt in run_with_db_retries(logger=log):
  File "/home/airflow/.local/lib/python3.8/site-packages/tenacity/__init__.py", line 347, in __iter__
    do = self.iter(retry_state=retry_state)
  File "/home/airflow/.local/lib/python3.8/site-packages/tenacity/__init__.py", line 325, in iter
    raise retry_exc.reraise()
  File "/home/airflow/.local/lib/python3.8/site-packages/tenacity/__init__.py", line 158, in reraise
    raise self.last_attempt.result()
  File "/usr/local/lib/python3.8/concurrent/futures/_base.py", line 437, in result
    return self.__get_result()
  File "/usr/local/lib/python3.8/concurrent/futures/_base.py", line 389, in __get_result
    raise self._exception
  File "/home/airflow/.local/lib/python3.8/site-packages/airflow/models/dagbag.py", line 670, in _sync_to_db
    _serialize_dag_capturing_errors(dag, session, processor_subdir)
  File "/home/airflow/.local/lib/python3.8/site-packages/airflow/models/dagbag.py", line 635, in _serialize_dag_capturing_errors
    dag_was_updated = SerializedDagModel.write_dag(
  File "/home/airflow/.local/lib/python3.8/site-packages/airflow/utils/session.py", line 76, in wrapper
    return func(*args, **kwargs)
  File "/home/airflow/.local/lib/python3.8/site-packages/airflow/models/serialized_dag.py", line 157, in write_dag
    if session.scalar(
  File "/home/airflow/.local/lib/python3.8/site-packages/sqlalchemy/orm/session.py", line 1747, in scalar
    return self.execute(
  File "/home/airflow/.local/lib/python3.8/site-packages/sqlalchemy/orm/session.py", line 1716, in execute
    conn = self._connection_for_bind(bind)
  File "/home/airflow/.local/lib/python3.8/site-packages/sqlalchemy/orm/session.py", line 1555, in _connection_for_bind
    return self._transaction._connection_for_bind(
  File "/home/airflow/.local/lib/python3.8/site-packages/sqlalchemy/orm/session.py", line 750, in _connection_for_bind
    conn = bind.connect()
  File "/home/airflow/.local/lib/python3.8/site-packages/sqlalchemy/future/engine.py", line 406, in connect
    return super(Engine, self).connect()
  File "/home/airflow/.local/lib/python3.8/site-packages/sqlalchemy/engine/base.py", line 3325, in connect
    return self._connection_cls(self, close_with_result=close_with_result)
  File "/home/airflow/.local/lib/python3.8/site-packages/sqlalchemy/engine/base.py", line 96, in __init__
    else engine.raw_connection()
  File "/home/airflow/.local/lib/python3.8/site-packages/sqlalchemy/engine/base.py", line 3404, in raw_connection
    return self._wrap_pool_connect(self.pool.connect, _connection)
  File "/home/airflow/.local/lib/python3.8/site-packages/sqlalchemy/engine/base.py", line 3374, in _wrap_pool_connect
    Connection._handle_dbapi_exception_noconnection(
  File "/home/airflow/.local/lib/python3.8/site-packages/sqlalchemy/engine/base.py", line 2208, in _handle_dbapi_exception_noconnection
    util.raise_(
  File "/home/airflow/.local/lib/python3.8/site-packages/sqlalchemy/util/compat.py", line 211, in raise_
    raise exception
  File "/home/airflow/.local/lib/python3.8/site-packages/sqlalchemy/engine/base.py", line 3371, in _wrap_pool_connect
    return fn()
  File "/home/airflow/.local/lib/python3.8/site-packages/sqlalchemy/pool/base.py", line 327, in connect
    return _ConnectionFairy._checkout(self)
  File "/home/airflow/.local/lib/python3.8/site-packages/sqlalchemy/pool/base.py", line 894, in _checkout
    fairy = _ConnectionRecord.checkout(pool)
  File "/home/airflow/.local/lib/python3.8/site-packages/sqlalchemy/pool/base.py", line 493, in checkout
    rec = pool._do_get()
  File "/home/airflow/.local/lib/python3.8/site-packages/sqlalchemy/pool/impl.py", line 146, in _do_get
    self._dec_overflow()
  File "/home/airflow/.local/lib/python3.8/site-packages/sqlalchemy/util/langhelpers.py", line 70, in __exit__
    compat.raise_(
  File "/home/airflow/.local/lib/python3.8/site-packages/sqlalchemy/util/compat.py", line 211, in raise_
    raise exception
  File "/home/airflow/.local/lib/python3.8/site-packages/sqlalchemy/pool/impl.py", line 143, in _do_get
    return self._create_connection()
  File "/home/airflow/.local/lib/python3.8/site-packages/sqlalchemy/pool/base.py", line 273, in _create_connection
    return _ConnectionRecord(self)
  File "/home/airflow/.local/lib/python3.8/site-packages/sqlalchemy/pool/base.py", line 388, in __init__
    self.__connect()
  File "/home/airflow/.local/lib/python3.8/site-packages/sqlalchemy/pool/base.py", line 691, in __connect
    pool.logger.debug("Error on connect(): %s", e)
  File "/home/airflow/.local/lib/python3.8/site-packages/sqlalchemy/util/langhelpers.py", line 70, in __exit__
    compat.raise_(
  File "/home/airflow/.local/lib/python3.8/site-packages/sqlalchemy/util/compat.py", line 211, in raise_
    raise exception
  File "/home/airflow/.local/lib/python3.8/site-packages/sqlalchemy/pool/base.py", line 686, in __connect
    self.dbapi_connection = connection = pool._invoke_creator(self)
  File "/home/airflow/.local/lib/python3.8/site-packages/sqlalchemy/engine/create.py", line 574, in connect
    return dialect.connect(*cargs, **cparams)
  File "/home/airflow/.local/lib/python3.8/site-packages/sqlalchemy/engine/default.py", line 598, in connect
    return self.dbapi.connect(*cargs, **cparams)
  File "/home/airflow/.local/lib/python3.8/site-packages/psycopg2/__init__.py", line 122, in connect
    conn = _connect(dsn, connection_factory=connection_factory, **kwasync)
sqlalchemy.exc.OperationalError: (psycopg2.OperationalError) could not translate host name "postgres" to address: Temporary failure in name resolution

(Background on this error at: https://sqlalche.me/e/14/e3q8)
[2024-01-06T13:52:00.282+0000] {processor.py:161} INFO - Started process (PID=1365) to work on /opt/airflow/dags/Dag1.py
[2024-01-06T13:52:00.290+0000] {processor.py:830} INFO - Processing file /opt/airflow/dags/Dag1.py for tasks to queue
[2024-01-06T13:52:00.293+0000] {logging_mixin.py:188} INFO - [2024-01-06T13:52:00.293+0000] {dagbag.py:538} INFO - Filling up the DagBag from /opt/airflow/dags/Dag1.py
[2024-01-06T13:52:00.409+0000] {processor.py:840} INFO - DAG(s) '333' retrieved from /opt/airflow/dags/Dag1.py
[2024-01-06T13:52:01.358+0000] {logging_mixin.py:188} INFO - [2024-01-06T13:52:01.357+0000] {dag.py:3033} INFO - Sync 1 DAGs
[2024-01-06T13:52:01.505+0000] {logging_mixin.py:188} INFO - [2024-01-06T13:52:01.500+0000] {dag.py:3820} INFO - Setting next_dagrun for 333 to 2024-01-07T00:00:00+00:00, run_after=2024-01-08T00:00:00+00:00
[2024-01-06T13:52:01.632+0000] {processor.py:183} INFO - Processing /opt/airflow/dags/Dag1.py took 1.355 seconds
[2024-01-06T14:02:32.284+0000] {processor.py:161} INFO - Started process (PID=1412) to work on /opt/airflow/dags/Dag1.py
[2024-01-06T14:02:32.287+0000] {processor.py:830} INFO - Processing file /opt/airflow/dags/Dag1.py for tasks to queue
[2024-01-06T14:02:32.290+0000] {logging_mixin.py:188} INFO - [2024-01-06T14:02:32.289+0000] {dagbag.py:538} INFO - Filling up the DagBag from /opt/airflow/dags/Dag1.py
[2024-01-06T14:02:32.323+0000] {processor.py:840} INFO - DAG(s) '333' retrieved from /opt/airflow/dags/Dag1.py
[2024-01-06T14:02:32.521+0000] {logging_mixin.py:188} INFO - [2024-01-06T14:02:32.521+0000] {dag.py:3033} INFO - Sync 1 DAGs
[2024-01-06T14:02:32.575+0000] {logging_mixin.py:188} INFO - [2024-01-06T14:02:32.575+0000] {dag.py:3820} INFO - Setting next_dagrun for 333 to 2024-01-07T00:00:00+00:00, run_after=2024-01-08T00:00:00+00:00
[2024-01-06T14:02:32.641+0000] {processor.py:183} INFO - Processing /opt/airflow/dags/Dag1.py took 0.361 seconds
[2024-01-06T14:03:02.767+0000] {processor.py:161} INFO - Started process (PID=1473) to work on /opt/airflow/dags/Dag1.py
[2024-01-06T14:03:02.768+0000] {processor.py:830} INFO - Processing file /opt/airflow/dags/Dag1.py for tasks to queue
[2024-01-06T14:03:02.769+0000] {logging_mixin.py:188} INFO - [2024-01-06T14:03:02.769+0000] {dagbag.py:538} INFO - Filling up the DagBag from /opt/airflow/dags/Dag1.py
[2024-01-06T14:03:02.788+0000] {processor.py:840} INFO - DAG(s) '333' retrieved from /opt/airflow/dags/Dag1.py
[2024-01-06T14:03:02.937+0000] {logging_mixin.py:188} INFO - [2024-01-06T14:03:02.936+0000] {dag.py:3033} INFO - Sync 1 DAGs
[2024-01-06T14:03:02.960+0000] {logging_mixin.py:188} INFO - [2024-01-06T14:03:02.959+0000] {dag.py:3820} INFO - Setting next_dagrun for 333 to 2024-01-07T00:00:00+00:00, run_after=2024-01-08T00:00:00+00:00
[2024-01-06T14:03:02.984+0000] {processor.py:183} INFO - Processing /opt/airflow/dags/Dag1.py took 0.224 seconds
[2024-01-06T14:03:33.252+0000] {processor.py:161} INFO - Started process (PID=1492) to work on /opt/airflow/dags/Dag1.py
[2024-01-06T14:03:33.260+0000] {processor.py:830} INFO - Processing file /opt/airflow/dags/Dag1.py for tasks to queue
[2024-01-06T14:03:33.261+0000] {logging_mixin.py:188} INFO - [2024-01-06T14:03:33.261+0000] {dagbag.py:538} INFO - Filling up the DagBag from /opt/airflow/dags/Dag1.py
[2024-01-06T14:03:33.279+0000] {processor.py:840} INFO - DAG(s) '333' retrieved from /opt/airflow/dags/Dag1.py
[2024-01-06T14:03:33.426+0000] {logging_mixin.py:188} INFO - [2024-01-06T14:03:33.425+0000] {dag.py:3033} INFO - Sync 1 DAGs
[2024-01-06T14:03:33.448+0000] {logging_mixin.py:188} INFO - [2024-01-06T14:03:33.448+0000] {dag.py:3820} INFO - Setting next_dagrun for 333 to 2024-01-07T00:00:00+00:00, run_after=2024-01-08T00:00:00+00:00
[2024-01-06T14:03:33.472+0000] {processor.py:183} INFO - Processing /opt/airflow/dags/Dag1.py took 0.225 seconds
[2024-01-06T14:04:03.757+0000] {processor.py:161} INFO - Started process (PID=1517) to work on /opt/airflow/dags/Dag1.py
[2024-01-06T14:04:03.758+0000] {processor.py:830} INFO - Processing file /opt/airflow/dags/Dag1.py for tasks to queue
[2024-01-06T14:04:03.760+0000] {logging_mixin.py:188} INFO - [2024-01-06T14:04:03.760+0000] {dagbag.py:538} INFO - Filling up the DagBag from /opt/airflow/dags/Dag1.py
[2024-01-06T14:04:03.777+0000] {processor.py:840} INFO - DAG(s) '333' retrieved from /opt/airflow/dags/Dag1.py
[2024-01-06T14:04:03.921+0000] {logging_mixin.py:188} INFO - [2024-01-06T14:04:03.921+0000] {dag.py:3033} INFO - Sync 1 DAGs
[2024-01-06T14:04:03.942+0000] {logging_mixin.py:188} INFO - [2024-01-06T14:04:03.942+0000] {dag.py:3820} INFO - Setting next_dagrun for 333 to 2024-01-07T00:00:00+00:00, run_after=2024-01-08T00:00:00+00:00
[2024-01-06T14:04:03.974+0000] {processor.py:183} INFO - Processing /opt/airflow/dags/Dag1.py took 0.222 seconds
[2024-01-06T14:04:34.358+0000] {processor.py:161} INFO - Started process (PID=1538) to work on /opt/airflow/dags/Dag1.py
[2024-01-06T14:04:34.359+0000] {processor.py:830} INFO - Processing file /opt/airflow/dags/Dag1.py for tasks to queue
[2024-01-06T14:04:34.360+0000] {logging_mixin.py:188} INFO - [2024-01-06T14:04:34.360+0000] {dagbag.py:538} INFO - Filling up the DagBag from /opt/airflow/dags/Dag1.py
[2024-01-06T14:04:34.380+0000] {processor.py:840} INFO - DAG(s) '333' retrieved from /opt/airflow/dags/Dag1.py
[2024-01-06T14:04:34.528+0000] {logging_mixin.py:188} INFO - [2024-01-06T14:04:34.528+0000] {dag.py:3033} INFO - Sync 1 DAGs
[2024-01-06T14:04:34.549+0000] {logging_mixin.py:188} INFO - [2024-01-06T14:04:34.549+0000] {dag.py:3820} INFO - Setting next_dagrun for 333 to 2024-01-07T00:00:00+00:00, run_after=2024-01-08T00:00:00+00:00
[2024-01-06T14:04:34.575+0000] {processor.py:183} INFO - Processing /opt/airflow/dags/Dag1.py took 0.222 seconds
[2024-01-06T14:05:04.867+0000] {processor.py:161} INFO - Started process (PID=1564) to work on /opt/airflow/dags/Dag1.py
[2024-01-06T14:05:04.868+0000] {processor.py:830} INFO - Processing file /opt/airflow/dags/Dag1.py for tasks to queue
[2024-01-06T14:05:04.869+0000] {logging_mixin.py:188} INFO - [2024-01-06T14:05:04.869+0000] {dagbag.py:538} INFO - Filling up the DagBag from /opt/airflow/dags/Dag1.py
[2024-01-06T14:05:04.891+0000] {processor.py:840} INFO - DAG(s) '333' retrieved from /opt/airflow/dags/Dag1.py
[2024-01-06T14:05:05.040+0000] {logging_mixin.py:188} INFO - [2024-01-06T14:05:05.039+0000] {dag.py:3033} INFO - Sync 1 DAGs
[2024-01-06T14:05:05.064+0000] {logging_mixin.py:188} INFO - [2024-01-06T14:05:05.064+0000] {dag.py:3820} INFO - Setting next_dagrun for 333 to 2024-01-07T00:00:00+00:00, run_after=2024-01-08T00:00:00+00:00
[2024-01-06T14:05:05.091+0000] {processor.py:183} INFO - Processing /opt/airflow/dags/Dag1.py took 0.229 seconds
[2024-01-06T14:05:35.449+0000] {processor.py:161} INFO - Started process (PID=1585) to work on /opt/airflow/dags/Dag1.py
[2024-01-06T14:05:35.451+0000] {processor.py:830} INFO - Processing file /opt/airflow/dags/Dag1.py for tasks to queue
[2024-01-06T14:05:35.453+0000] {logging_mixin.py:188} INFO - [2024-01-06T14:05:35.452+0000] {dagbag.py:538} INFO - Filling up the DagBag from /opt/airflow/dags/Dag1.py
[2024-01-06T14:05:35.485+0000] {processor.py:840} INFO - DAG(s) '333' retrieved from /opt/airflow/dags/Dag1.py
[2024-01-06T14:05:35.621+0000] {logging_mixin.py:188} INFO - [2024-01-06T14:05:35.621+0000] {dag.py:3033} INFO - Sync 1 DAGs
[2024-01-06T14:05:35.642+0000] {logging_mixin.py:188} INFO - [2024-01-06T14:05:35.642+0000] {dag.py:3820} INFO - Setting next_dagrun for 333 to 2024-01-07T00:00:00+00:00, run_after=2024-01-08T00:00:00+00:00
[2024-01-06T14:05:35.668+0000] {processor.py:183} INFO - Processing /opt/airflow/dags/Dag1.py took 0.229 seconds
[2024-01-06T14:06:05.965+0000] {processor.py:161} INFO - Started process (PID=1608) to work on /opt/airflow/dags/Dag1.py
[2024-01-06T14:06:05.969+0000] {processor.py:830} INFO - Processing file /opt/airflow/dags/Dag1.py for tasks to queue
[2024-01-06T14:06:05.970+0000] {logging_mixin.py:188} INFO - [2024-01-06T14:06:05.970+0000] {dagbag.py:538} INFO - Filling up the DagBag from /opt/airflow/dags/Dag1.py
[2024-01-06T14:06:05.999+0000] {processor.py:840} INFO - DAG(s) '333' retrieved from /opt/airflow/dags/Dag1.py
[2024-01-06T14:06:06.139+0000] {logging_mixin.py:188} INFO - [2024-01-06T14:06:06.138+0000] {dag.py:3033} INFO - Sync 1 DAGs
[2024-01-06T14:06:06.162+0000] {logging_mixin.py:188} INFO - [2024-01-06T14:06:06.161+0000] {dag.py:3820} INFO - Setting next_dagrun for 333 to 2024-01-07T00:00:00+00:00, run_after=2024-01-08T00:00:00+00:00
[2024-01-06T14:06:06.190+0000] {processor.py:183} INFO - Processing /opt/airflow/dags/Dag1.py took 0.230 seconds
[2024-01-06T14:06:36.487+0000] {processor.py:161} INFO - Started process (PID=1628) to work on /opt/airflow/dags/Dag1.py
[2024-01-06T14:06:36.488+0000] {processor.py:830} INFO - Processing file /opt/airflow/dags/Dag1.py for tasks to queue
[2024-01-06T14:06:36.489+0000] {logging_mixin.py:188} INFO - [2024-01-06T14:06:36.489+0000] {dagbag.py:538} INFO - Filling up the DagBag from /opt/airflow/dags/Dag1.py
[2024-01-06T14:06:36.516+0000] {processor.py:840} INFO - DAG(s) '333' retrieved from /opt/airflow/dags/Dag1.py
[2024-01-06T14:06:36.656+0000] {logging_mixin.py:188} INFO - [2024-01-06T14:06:36.656+0000] {dag.py:3033} INFO - Sync 1 DAGs
[2024-01-06T14:06:36.679+0000] {logging_mixin.py:188} INFO - [2024-01-06T14:06:36.679+0000] {dag.py:3820} INFO - Setting next_dagrun for 333 to 2024-01-07T00:00:00+00:00, run_after=2024-01-08T00:00:00+00:00
[2024-01-06T14:06:36.704+0000] {processor.py:183} INFO - Processing /opt/airflow/dags/Dag1.py took 0.224 seconds
[2024-01-06T14:07:07.029+0000] {processor.py:161} INFO - Started process (PID=1655) to work on /opt/airflow/dags/Dag1.py
[2024-01-06T14:07:07.030+0000] {processor.py:830} INFO - Processing file /opt/airflow/dags/Dag1.py for tasks to queue
[2024-01-06T14:07:07.032+0000] {logging_mixin.py:188} INFO - [2024-01-06T14:07:07.032+0000] {dagbag.py:538} INFO - Filling up the DagBag from /opt/airflow/dags/Dag1.py
[2024-01-06T14:07:07.056+0000] {processor.py:840} INFO - DAG(s) '333' retrieved from /opt/airflow/dags/Dag1.py
[2024-01-06T14:07:07.213+0000] {logging_mixin.py:188} INFO - [2024-01-06T14:07:07.213+0000] {dag.py:3033} INFO - Sync 1 DAGs
[2024-01-06T14:07:07.237+0000] {logging_mixin.py:188} INFO - [2024-01-06T14:07:07.237+0000] {dag.py:3820} INFO - Setting next_dagrun for 333 to 2024-01-07T00:00:00+00:00, run_after=2024-01-08T00:00:00+00:00
[2024-01-06T14:07:07.265+0000] {processor.py:183} INFO - Processing /opt/airflow/dags/Dag1.py took 0.241 seconds
[2024-01-06T14:07:37.548+0000] {processor.py:161} INFO - Started process (PID=1673) to work on /opt/airflow/dags/Dag1.py
[2024-01-06T14:07:37.550+0000] {processor.py:830} INFO - Processing file /opt/airflow/dags/Dag1.py for tasks to queue
[2024-01-06T14:07:37.551+0000] {logging_mixin.py:188} INFO - [2024-01-06T14:07:37.551+0000] {dagbag.py:538} INFO - Filling up the DagBag from /opt/airflow/dags/Dag1.py
[2024-01-06T14:07:37.599+0000] {processor.py:840} INFO - DAG(s) '333' retrieved from /opt/airflow/dags/Dag1.py
[2024-01-06T14:07:37.750+0000] {logging_mixin.py:188} INFO - [2024-01-06T14:07:37.750+0000] {dag.py:3033} INFO - Sync 1 DAGs
[2024-01-06T14:07:37.775+0000] {logging_mixin.py:188} INFO - [2024-01-06T14:07:37.774+0000] {dag.py:3820} INFO - Setting next_dagrun for 333 to 2024-01-07T00:00:00+00:00, run_after=2024-01-08T00:00:00+00:00
[2024-01-06T14:07:37.807+0000] {processor.py:183} INFO - Processing /opt/airflow/dags/Dag1.py took 0.263 seconds
[2024-01-06T14:08:08.115+0000] {processor.py:161} INFO - Started process (PID=1698) to work on /opt/airflow/dags/Dag1.py
[2024-01-06T14:08:08.116+0000] {processor.py:830} INFO - Processing file /opt/airflow/dags/Dag1.py for tasks to queue
[2024-01-06T14:08:08.124+0000] {logging_mixin.py:188} INFO - [2024-01-06T14:08:08.123+0000] {dagbag.py:538} INFO - Filling up the DagBag from /opt/airflow/dags/Dag1.py
[2024-01-06T14:08:08.140+0000] {processor.py:840} INFO - DAG(s) '333' retrieved from /opt/airflow/dags/Dag1.py
[2024-01-06T14:08:08.280+0000] {logging_mixin.py:188} INFO - [2024-01-06T14:08:08.280+0000] {dag.py:3033} INFO - Sync 1 DAGs
[2024-01-06T14:08:08.306+0000] {logging_mixin.py:188} INFO - [2024-01-06T14:08:08.306+0000] {dag.py:3820} INFO - Setting next_dagrun for 333 to 2024-01-07T00:00:00+00:00, run_after=2024-01-08T00:00:00+00:00
[2024-01-06T14:08:08.330+0000] {processor.py:183} INFO - Processing /opt/airflow/dags/Dag1.py took 0.221 seconds
[2024-01-06T14:08:38.908+0000] {processor.py:161} INFO - Started process (PID=1721) to work on /opt/airflow/dags/Dag1.py
[2024-01-06T14:08:38.910+0000] {processor.py:830} INFO - Processing file /opt/airflow/dags/Dag1.py for tasks to queue
[2024-01-06T14:08:38.912+0000] {logging_mixin.py:188} INFO - [2024-01-06T14:08:38.911+0000] {dagbag.py:538} INFO - Filling up the DagBag from /opt/airflow/dags/Dag1.py
[2024-01-06T14:08:38.939+0000] {processor.py:840} INFO - DAG(s) '333' retrieved from /opt/airflow/dags/Dag1.py
[2024-01-06T14:08:39.145+0000] {logging_mixin.py:188} INFO - [2024-01-06T14:08:39.145+0000] {dag.py:3033} INFO - Sync 1 DAGs
[2024-01-06T14:08:39.183+0000] {logging_mixin.py:188} INFO - [2024-01-06T14:08:39.182+0000] {dag.py:3820} INFO - Setting next_dagrun for 333 to 2024-01-07T00:00:00+00:00, run_after=2024-01-08T00:00:00+00:00
[2024-01-06T14:08:39.227+0000] {processor.py:183} INFO - Processing /opt/airflow/dags/Dag1.py took 0.324 seconds
[2024-01-06T14:09:09.557+0000] {processor.py:161} INFO - Started process (PID=1744) to work on /opt/airflow/dags/Dag1.py
[2024-01-06T14:09:09.561+0000] {processor.py:830} INFO - Processing file /opt/airflow/dags/Dag1.py for tasks to queue
[2024-01-06T14:09:09.562+0000] {logging_mixin.py:188} INFO - [2024-01-06T14:09:09.562+0000] {dagbag.py:538} INFO - Filling up the DagBag from /opt/airflow/dags/Dag1.py
[2024-01-06T14:09:09.588+0000] {processor.py:840} INFO - DAG(s) '333' retrieved from /opt/airflow/dags/Dag1.py
[2024-01-06T14:09:09.781+0000] {logging_mixin.py:188} INFO - [2024-01-06T14:09:09.781+0000] {dag.py:3033} INFO - Sync 1 DAGs
[2024-01-06T14:09:09.802+0000] {logging_mixin.py:188} INFO - [2024-01-06T14:09:09.802+0000] {dag.py:3820} INFO - Setting next_dagrun for 333 to 2024-01-07T00:00:00+00:00, run_after=2024-01-08T00:00:00+00:00
[2024-01-06T14:09:09.831+0000] {processor.py:183} INFO - Processing /opt/airflow/dags/Dag1.py took 0.282 seconds
[2024-01-06T14:09:40.372+0000] {processor.py:161} INFO - Started process (PID=1765) to work on /opt/airflow/dags/Dag1.py
[2024-01-06T14:09:40.380+0000] {processor.py:830} INFO - Processing file /opt/airflow/dags/Dag1.py for tasks to queue
[2024-01-06T14:09:40.381+0000] {logging_mixin.py:188} INFO - [2024-01-06T14:09:40.381+0000] {dagbag.py:538} INFO - Filling up the DagBag from /opt/airflow/dags/Dag1.py
[2024-01-06T14:09:40.399+0000] {processor.py:840} INFO - DAG(s) '333' retrieved from /opt/airflow/dags/Dag1.py
[2024-01-06T14:09:40.541+0000] {logging_mixin.py:188} INFO - [2024-01-06T14:09:40.541+0000] {dag.py:3033} INFO - Sync 1 DAGs
[2024-01-06T14:09:40.563+0000] {logging_mixin.py:188} INFO - [2024-01-06T14:09:40.563+0000] {dag.py:3820} INFO - Setting next_dagrun for 333 to 2024-01-07T00:00:00+00:00, run_after=2024-01-08T00:00:00+00:00
[2024-01-06T14:09:40.588+0000] {processor.py:183} INFO - Processing /opt/airflow/dags/Dag1.py took 0.222 seconds
[2024-01-06T14:10:11.108+0000] {processor.py:161} INFO - Started process (PID=1789) to work on /opt/airflow/dags/Dag1.py
[2024-01-06T14:10:11.110+0000] {processor.py:830} INFO - Processing file /opt/airflow/dags/Dag1.py for tasks to queue
[2024-01-06T14:10:11.111+0000] {logging_mixin.py:188} INFO - [2024-01-06T14:10:11.111+0000] {dagbag.py:538} INFO - Filling up the DagBag from /opt/airflow/dags/Dag1.py
[2024-01-06T14:10:11.128+0000] {processor.py:840} INFO - DAG(s) '333' retrieved from /opt/airflow/dags/Dag1.py
[2024-01-06T14:10:11.309+0000] {logging_mixin.py:188} INFO - [2024-01-06T14:10:11.307+0000] {dag.py:3033} INFO - Sync 1 DAGs
[2024-01-06T14:10:11.342+0000] {logging_mixin.py:188} INFO - [2024-01-06T14:10:11.342+0000] {dag.py:3820} INFO - Setting next_dagrun for 333 to 2024-01-07T00:00:00+00:00, run_after=2024-01-08T00:00:00+00:00
[2024-01-06T14:10:11.368+0000] {processor.py:183} INFO - Processing /opt/airflow/dags/Dag1.py took 0.264 seconds
[2024-01-06T14:10:41.696+0000] {processor.py:161} INFO - Started process (PID=1810) to work on /opt/airflow/dags/Dag1.py
[2024-01-06T14:10:41.703+0000] {processor.py:830} INFO - Processing file /opt/airflow/dags/Dag1.py for tasks to queue
[2024-01-06T14:10:41.709+0000] {logging_mixin.py:188} INFO - [2024-01-06T14:10:41.708+0000] {dagbag.py:538} INFO - Filling up the DagBag from /opt/airflow/dags/Dag1.py
[2024-01-06T14:10:41.750+0000] {processor.py:840} INFO - DAG(s) '333' retrieved from /opt/airflow/dags/Dag1.py
[2024-01-06T14:10:41.914+0000] {logging_mixin.py:188} INFO - [2024-01-06T14:10:41.914+0000] {dag.py:3033} INFO - Sync 1 DAGs
[2024-01-06T14:10:41.958+0000] {logging_mixin.py:188} INFO - [2024-01-06T14:10:41.958+0000] {dag.py:3820} INFO - Setting next_dagrun for 333 to 2024-01-07T00:00:00+00:00, run_after=2024-01-08T00:00:00+00:00
[2024-01-06T14:10:41.991+0000] {processor.py:183} INFO - Processing /opt/airflow/dags/Dag1.py took 0.316 seconds
[2024-01-06T14:11:12.397+0000] {processor.py:161} INFO - Started process (PID=1837) to work on /opt/airflow/dags/Dag1.py
[2024-01-06T14:11:12.398+0000] {processor.py:830} INFO - Processing file /opt/airflow/dags/Dag1.py for tasks to queue
[2024-01-06T14:11:12.399+0000] {logging_mixin.py:188} INFO - [2024-01-06T14:11:12.399+0000] {dagbag.py:538} INFO - Filling up the DagBag from /opt/airflow/dags/Dag1.py
[2024-01-06T14:11:12.416+0000] {processor.py:840} INFO - DAG(s) '333' retrieved from /opt/airflow/dags/Dag1.py
[2024-01-06T14:11:12.547+0000] {logging_mixin.py:188} INFO - [2024-01-06T14:11:12.547+0000] {dag.py:3033} INFO - Sync 1 DAGs
[2024-01-06T14:11:12.569+0000] {logging_mixin.py:188} INFO - [2024-01-06T14:11:12.569+0000] {dag.py:3820} INFO - Setting next_dagrun for 333 to 2024-01-07T00:00:00+00:00, run_after=2024-01-08T00:00:00+00:00
[2024-01-06T14:11:12.595+0000] {processor.py:183} INFO - Processing /opt/airflow/dags/Dag1.py took 0.202 seconds
[2024-01-06T14:11:42.945+0000] {processor.py:161} INFO - Started process (PID=1857) to work on /opt/airflow/dags/Dag1.py
[2024-01-06T14:11:42.947+0000] {processor.py:830} INFO - Processing file /opt/airflow/dags/Dag1.py for tasks to queue
[2024-01-06T14:11:42.948+0000] {logging_mixin.py:188} INFO - [2024-01-06T14:11:42.947+0000] {dagbag.py:538} INFO - Filling up the DagBag from /opt/airflow/dags/Dag1.py
[2024-01-06T14:11:42.965+0000] {processor.py:840} INFO - DAG(s) '333' retrieved from /opt/airflow/dags/Dag1.py
[2024-01-06T14:11:43.109+0000] {logging_mixin.py:188} INFO - [2024-01-06T14:11:43.108+0000] {dag.py:3033} INFO - Sync 1 DAGs
[2024-01-06T14:11:43.133+0000] {logging_mixin.py:188} INFO - [2024-01-06T14:11:43.133+0000] {dag.py:3820} INFO - Setting next_dagrun for 333 to 2024-01-07T00:00:00+00:00, run_after=2024-01-08T00:00:00+00:00
[2024-01-06T14:11:43.160+0000] {processor.py:183} INFO - Processing /opt/airflow/dags/Dag1.py took 0.220 seconds
[2024-01-06T14:12:13.474+0000] {processor.py:161} INFO - Started process (PID=1880) to work on /opt/airflow/dags/Dag1.py
[2024-01-06T14:12:13.476+0000] {processor.py:830} INFO - Processing file /opt/airflow/dags/Dag1.py for tasks to queue
[2024-01-06T14:12:13.480+0000] {logging_mixin.py:188} INFO - [2024-01-06T14:12:13.479+0000] {dagbag.py:538} INFO - Filling up the DagBag from /opt/airflow/dags/Dag1.py
[2024-01-06T14:12:13.500+0000] {processor.py:840} INFO - DAG(s) '333' retrieved from /opt/airflow/dags/Dag1.py
[2024-01-06T14:12:13.641+0000] {logging_mixin.py:188} INFO - [2024-01-06T14:12:13.641+0000] {dag.py:3033} INFO - Sync 1 DAGs
[2024-01-06T14:12:13.664+0000] {logging_mixin.py:188} INFO - [2024-01-06T14:12:13.664+0000] {dag.py:3820} INFO - Setting next_dagrun for 333 to 2024-01-07T00:00:00+00:00, run_after=2024-01-08T00:00:00+00:00
[2024-01-06T14:12:13.691+0000] {processor.py:183} INFO - Processing /opt/airflow/dags/Dag1.py took 0.223 seconds
[2024-01-06T14:12:44.122+0000] {processor.py:161} INFO - Started process (PID=1901) to work on /opt/airflow/dags/Dag1.py
[2024-01-06T14:12:44.124+0000] {processor.py:830} INFO - Processing file /opt/airflow/dags/Dag1.py for tasks to queue
[2024-01-06T14:12:44.126+0000] {logging_mixin.py:188} INFO - [2024-01-06T14:12:44.125+0000] {dagbag.py:538} INFO - Filling up the DagBag from /opt/airflow/dags/Dag1.py
[2024-01-06T14:12:44.146+0000] {processor.py:840} INFO - DAG(s) '333' retrieved from /opt/airflow/dags/Dag1.py
[2024-01-06T14:12:44.366+0000] {logging_mixin.py:188} INFO - [2024-01-06T14:12:44.366+0000] {dag.py:3033} INFO - Sync 1 DAGs
[2024-01-06T14:12:44.401+0000] {logging_mixin.py:188} INFO - [2024-01-06T14:12:44.401+0000] {dag.py:3820} INFO - Setting next_dagrun for 333 to 2024-01-07T00:00:00+00:00, run_after=2024-01-08T00:00:00+00:00
[2024-01-06T14:12:44.464+0000] {processor.py:183} INFO - Processing /opt/airflow/dags/Dag1.py took 0.348 seconds
[2024-01-06T14:13:14.854+0000] {processor.py:161} INFO - Started process (PID=1928) to work on /opt/airflow/dags/Dag1.py
[2024-01-06T14:13:14.855+0000] {processor.py:830} INFO - Processing file /opt/airflow/dags/Dag1.py for tasks to queue
[2024-01-06T14:13:14.857+0000] {logging_mixin.py:188} INFO - [2024-01-06T14:13:14.856+0000] {dagbag.py:538} INFO - Filling up the DagBag from /opt/airflow/dags/Dag1.py
[2024-01-06T14:13:14.874+0000] {processor.py:840} INFO - DAG(s) '333' retrieved from /opt/airflow/dags/Dag1.py
[2024-01-06T14:13:15.073+0000] {logging_mixin.py:188} INFO - [2024-01-06T14:13:15.073+0000] {dag.py:3033} INFO - Sync 1 DAGs
[2024-01-06T14:13:15.097+0000] {logging_mixin.py:188} INFO - [2024-01-06T14:13:15.097+0000] {dag.py:3820} INFO - Setting next_dagrun for 333 to 2024-01-07T00:00:00+00:00, run_after=2024-01-08T00:00:00+00:00
[2024-01-06T14:13:15.127+0000] {processor.py:183} INFO - Processing /opt/airflow/dags/Dag1.py took 0.278 seconds
[2024-01-06T14:13:45.340+0000] {processor.py:161} INFO - Started process (PID=1947) to work on /opt/airflow/dags/Dag1.py
[2024-01-06T14:13:45.341+0000] {processor.py:830} INFO - Processing file /opt/airflow/dags/Dag1.py for tasks to queue
[2024-01-06T14:13:45.343+0000] {logging_mixin.py:188} INFO - [2024-01-06T14:13:45.342+0000] {dagbag.py:538} INFO - Filling up the DagBag from /opt/airflow/dags/Dag1.py
[2024-01-06T14:13:45.368+0000] {processor.py:840} INFO - DAG(s) '333' retrieved from /opt/airflow/dags/Dag1.py
[2024-01-06T14:13:45.499+0000] {logging_mixin.py:188} INFO - [2024-01-06T14:13:45.499+0000] {dag.py:3033} INFO - Sync 1 DAGs
[2024-01-06T14:13:45.523+0000] {logging_mixin.py:188} INFO - [2024-01-06T14:13:45.523+0000] {dag.py:3820} INFO - Setting next_dagrun for 333 to 2024-01-07T00:00:00+00:00, run_after=2024-01-08T00:00:00+00:00
[2024-01-06T14:13:45.548+0000] {processor.py:183} INFO - Processing /opt/airflow/dags/Dag1.py took 0.213 seconds
[2024-01-06T14:14:15.871+0000] {processor.py:161} INFO - Started process (PID=1974) to work on /opt/airflow/dags/Dag1.py
[2024-01-06T14:14:15.872+0000] {processor.py:830} INFO - Processing file /opt/airflow/dags/Dag1.py for tasks to queue
[2024-01-06T14:14:15.874+0000] {logging_mixin.py:188} INFO - [2024-01-06T14:14:15.873+0000] {dagbag.py:538} INFO - Filling up the DagBag from /opt/airflow/dags/Dag1.py
[2024-01-06T14:14:15.891+0000] {processor.py:840} INFO - DAG(s) '333' retrieved from /opt/airflow/dags/Dag1.py
[2024-01-06T14:14:16.033+0000] {logging_mixin.py:188} INFO - [2024-01-06T14:14:16.033+0000] {dag.py:3033} INFO - Sync 1 DAGs
[2024-01-06T14:14:16.056+0000] {logging_mixin.py:188} INFO - [2024-01-06T14:14:16.056+0000] {dag.py:3820} INFO - Setting next_dagrun for 333 to 2024-01-07T00:00:00+00:00, run_after=2024-01-08T00:00:00+00:00
[2024-01-06T14:14:16.080+0000] {processor.py:183} INFO - Processing /opt/airflow/dags/Dag1.py took 0.213 seconds
[2024-01-06T14:14:46.893+0000] {processor.py:161} INFO - Started process (PID=1996) to work on /opt/airflow/dags/Dag1.py
[2024-01-06T14:14:46.894+0000] {processor.py:830} INFO - Processing file /opt/airflow/dags/Dag1.py for tasks to queue
[2024-01-06T14:14:46.896+0000] {logging_mixin.py:188} INFO - [2024-01-06T14:14:46.895+0000] {dagbag.py:538} INFO - Filling up the DagBag from /opt/airflow/dags/Dag1.py
[2024-01-06T14:14:46.914+0000] {processor.py:840} INFO - DAG(s) '333' retrieved from /opt/airflow/dags/Dag1.py
[2024-01-06T14:14:47.062+0000] {logging_mixin.py:188} INFO - [2024-01-06T14:14:47.061+0000] {dag.py:3033} INFO - Sync 1 DAGs
[2024-01-06T14:14:47.084+0000] {logging_mixin.py:188} INFO - [2024-01-06T14:14:47.084+0000] {dag.py:3820} INFO - Setting next_dagrun for 333 to 2024-01-07T00:00:00+00:00, run_after=2024-01-08T00:00:00+00:00
[2024-01-06T14:14:47.112+0000] {processor.py:183} INFO - Processing /opt/airflow/dags/Dag1.py took 0.225 seconds
[2024-01-06T14:15:17.350+0000] {processor.py:161} INFO - Started process (PID=2019) to work on /opt/airflow/dags/Dag1.py
[2024-01-06T14:15:17.351+0000] {processor.py:830} INFO - Processing file /opt/airflow/dags/Dag1.py for tasks to queue
[2024-01-06T14:15:17.352+0000] {logging_mixin.py:188} INFO - [2024-01-06T14:15:17.352+0000] {dagbag.py:538} INFO - Filling up the DagBag from /opt/airflow/dags/Dag1.py
[2024-01-06T14:15:17.378+0000] {processor.py:840} INFO - DAG(s) '333' retrieved from /opt/airflow/dags/Dag1.py
[2024-01-06T14:15:17.514+0000] {logging_mixin.py:188} INFO - [2024-01-06T14:15:17.513+0000] {dag.py:3033} INFO - Sync 1 DAGs
[2024-01-06T14:15:17.535+0000] {logging_mixin.py:188} INFO - [2024-01-06T14:15:17.535+0000] {dag.py:3820} INFO - Setting next_dagrun for 333 to 2024-01-07T00:00:00+00:00, run_after=2024-01-08T00:00:00+00:00
[2024-01-06T14:15:17.572+0000] {processor.py:183} INFO - Processing /opt/airflow/dags/Dag1.py took 0.227 seconds
[2024-01-06T14:15:47.946+0000] {processor.py:161} INFO - Started process (PID=2040) to work on /opt/airflow/dags/Dag1.py
[2024-01-06T14:15:47.947+0000] {processor.py:830} INFO - Processing file /opt/airflow/dags/Dag1.py for tasks to queue
[2024-01-06T14:15:47.950+0000] {logging_mixin.py:188} INFO - [2024-01-06T14:15:47.949+0000] {dagbag.py:538} INFO - Filling up the DagBag from /opt/airflow/dags/Dag1.py
[2024-01-06T14:15:47.980+0000] {processor.py:840} INFO - DAG(s) '333' retrieved from /opt/airflow/dags/Dag1.py
[2024-01-06T14:15:48.120+0000] {logging_mixin.py:188} INFO - [2024-01-06T14:15:48.120+0000] {dag.py:3033} INFO - Sync 1 DAGs
[2024-01-06T14:15:48.143+0000] {logging_mixin.py:188} INFO - [2024-01-06T14:15:48.143+0000] {dag.py:3820} INFO - Setting next_dagrun for 333 to 2024-01-07T00:00:00+00:00, run_after=2024-01-08T00:00:00+00:00
[2024-01-06T14:15:48.166+0000] {processor.py:183} INFO - Processing /opt/airflow/dags/Dag1.py took 0.230 seconds
[2024-01-06T14:16:19.259+0000] {processor.py:161} INFO - Started process (PID=2064) to work on /opt/airflow/dags/Dag1.py
[2024-01-06T14:16:19.262+0000] {processor.py:830} INFO - Processing file /opt/airflow/dags/Dag1.py for tasks to queue
[2024-01-06T14:16:19.267+0000] {logging_mixin.py:188} INFO - [2024-01-06T14:16:19.267+0000] {dagbag.py:538} INFO - Filling up the DagBag from /opt/airflow/dags/Dag1.py
[2024-01-06T14:16:19.398+0000] {processor.py:840} INFO - DAG(s) '333' retrieved from /opt/airflow/dags/Dag1.py
[2024-01-06T14:16:19.988+0000] {logging_mixin.py:188} INFO - [2024-01-06T14:16:19.982+0000] {dag.py:3033} INFO - Sync 1 DAGs
[2024-01-06T14:16:20.074+0000] {logging_mixin.py:188} INFO - [2024-01-06T14:16:20.073+0000] {dag.py:3820} INFO - Setting next_dagrun for 333 to 2024-01-07T00:00:00+00:00, run_after=2024-01-08T00:00:00+00:00
[2024-01-06T14:16:20.240+0000] {processor.py:183} INFO - Processing /opt/airflow/dags/Dag1.py took 0.985 seconds
[2024-01-06T14:16:50.419+0000] {processor.py:161} INFO - Started process (PID=2087) to work on /opt/airflow/dags/Dag1.py
[2024-01-06T14:16:50.423+0000] {processor.py:830} INFO - Processing file /opt/airflow/dags/Dag1.py for tasks to queue
[2024-01-06T14:16:50.427+0000] {logging_mixin.py:188} INFO - [2024-01-06T14:16:50.426+0000] {dagbag.py:538} INFO - Filling up the DagBag from /opt/airflow/dags/Dag1.py
[2024-01-06T14:16:50.482+0000] {processor.py:840} INFO - DAG(s) '333' retrieved from /opt/airflow/dags/Dag1.py
[2024-01-06T14:16:50.692+0000] {logging_mixin.py:188} INFO - [2024-01-06T14:16:50.692+0000] {dag.py:3033} INFO - Sync 1 DAGs
[2024-01-06T14:16:50.717+0000] {logging_mixin.py:188} INFO - [2024-01-06T14:16:50.717+0000] {dag.py:3820} INFO - Setting next_dagrun for 333 to 2024-01-07T00:00:00+00:00, run_after=2024-01-08T00:00:00+00:00
[2024-01-06T14:16:50.758+0000] {processor.py:183} INFO - Processing /opt/airflow/dags/Dag1.py took 0.354 seconds
[2024-01-06T14:17:20.988+0000] {processor.py:161} INFO - Started process (PID=2112) to work on /opt/airflow/dags/Dag1.py
[2024-01-06T14:17:20.989+0000] {processor.py:830} INFO - Processing file /opt/airflow/dags/Dag1.py for tasks to queue
[2024-01-06T14:17:20.992+0000] {logging_mixin.py:188} INFO - [2024-01-06T14:17:20.991+0000] {dagbag.py:538} INFO - Filling up the DagBag from /opt/airflow/dags/Dag1.py
[2024-01-06T14:17:21.008+0000] {processor.py:840} INFO - DAG(s) '333' retrieved from /opt/airflow/dags/Dag1.py
[2024-01-06T14:17:21.150+0000] {logging_mixin.py:188} INFO - [2024-01-06T14:17:21.150+0000] {dag.py:3033} INFO - Sync 1 DAGs
[2024-01-06T14:17:21.173+0000] {logging_mixin.py:188} INFO - [2024-01-06T14:17:21.172+0000] {dag.py:3820} INFO - Setting next_dagrun for 333 to 2024-01-07T00:00:00+00:00, run_after=2024-01-08T00:00:00+00:00
[2024-01-06T14:17:21.199+0000] {processor.py:183} INFO - Processing /opt/airflow/dags/Dag1.py took 0.215 seconds
[2024-01-06T14:17:51.564+0000] {processor.py:161} INFO - Started process (PID=2133) to work on /opt/airflow/dags/Dag1.py
[2024-01-06T14:17:51.565+0000] {processor.py:830} INFO - Processing file /opt/airflow/dags/Dag1.py for tasks to queue
[2024-01-06T14:17:51.566+0000] {logging_mixin.py:188} INFO - [2024-01-06T14:17:51.566+0000] {dagbag.py:538} INFO - Filling up the DagBag from /opt/airflow/dags/Dag1.py
[2024-01-06T14:17:51.583+0000] {processor.py:840} INFO - DAG(s) '333' retrieved from /opt/airflow/dags/Dag1.py
[2024-01-06T14:17:51.744+0000] {logging_mixin.py:188} INFO - [2024-01-06T14:17:51.743+0000] {dag.py:3033} INFO - Sync 1 DAGs
[2024-01-06T14:17:51.769+0000] {logging_mixin.py:188} INFO - [2024-01-06T14:17:51.769+0000] {dag.py:3820} INFO - Setting next_dagrun for 333 to 2024-01-07T00:00:00+00:00, run_after=2024-01-08T00:00:00+00:00
[2024-01-06T14:17:51.796+0000] {processor.py:183} INFO - Processing /opt/airflow/dags/Dag1.py took 0.237 seconds
[2024-01-06T14:18:22.105+0000] {processor.py:161} INFO - Started process (PID=2159) to work on /opt/airflow/dags/Dag1.py
[2024-01-06T14:18:22.108+0000] {processor.py:830} INFO - Processing file /opt/airflow/dags/Dag1.py for tasks to queue
[2024-01-06T14:18:22.110+0000] {logging_mixin.py:188} INFO - [2024-01-06T14:18:22.109+0000] {dagbag.py:538} INFO - Filling up the DagBag from /opt/airflow/dags/Dag1.py
[2024-01-06T14:18:22.131+0000] {processor.py:840} INFO - DAG(s) '333' retrieved from /opt/airflow/dags/Dag1.py
[2024-01-06T14:18:22.283+0000] {logging_mixin.py:188} INFO - [2024-01-06T14:18:22.283+0000] {dag.py:3033} INFO - Sync 1 DAGs
[2024-01-06T14:18:22.314+0000] {logging_mixin.py:188} INFO - [2024-01-06T14:18:22.313+0000] {dag.py:3820} INFO - Setting next_dagrun for 333 to 2024-01-07T00:00:00+00:00, run_after=2024-01-08T00:00:00+00:00
[2024-01-06T14:18:22.355+0000] {processor.py:183} INFO - Processing /opt/airflow/dags/Dag1.py took 0.255 seconds
[2024-01-06T14:18:52.874+0000] {processor.py:161} INFO - Started process (PID=2180) to work on /opt/airflow/dags/Dag1.py
[2024-01-06T14:18:52.876+0000] {processor.py:830} INFO - Processing file /opt/airflow/dags/Dag1.py for tasks to queue
[2024-01-06T14:18:52.877+0000] {logging_mixin.py:188} INFO - [2024-01-06T14:18:52.877+0000] {dagbag.py:538} INFO - Filling up the DagBag from /opt/airflow/dags/Dag1.py
[2024-01-06T14:18:52.899+0000] {processor.py:840} INFO - DAG(s) '333' retrieved from /opt/airflow/dags/Dag1.py
[2024-01-06T14:18:53.094+0000] {logging_mixin.py:188} INFO - [2024-01-06T14:18:53.093+0000] {dag.py:3033} INFO - Sync 1 DAGs
[2024-01-06T14:18:53.119+0000] {logging_mixin.py:188} INFO - [2024-01-06T14:18:53.119+0000] {dag.py:3820} INFO - Setting next_dagrun for 333 to 2024-01-07T00:00:00+00:00, run_after=2024-01-08T00:00:00+00:00
[2024-01-06T14:18:53.148+0000] {processor.py:183} INFO - Processing /opt/airflow/dags/Dag1.py took 0.280 seconds
[2024-01-06T14:19:23.415+0000] {processor.py:161} INFO - Started process (PID=2205) to work on /opt/airflow/dags/Dag1.py
[2024-01-06T14:19:23.416+0000] {processor.py:830} INFO - Processing file /opt/airflow/dags/Dag1.py for tasks to queue
[2024-01-06T14:19:23.417+0000] {logging_mixin.py:188} INFO - [2024-01-06T14:19:23.417+0000] {dagbag.py:538} INFO - Filling up the DagBag from /opt/airflow/dags/Dag1.py
[2024-01-06T14:19:23.439+0000] {processor.py:840} INFO - DAG(s) '333' retrieved from /opt/airflow/dags/Dag1.py
[2024-01-06T14:19:23.594+0000] {logging_mixin.py:188} INFO - [2024-01-06T14:19:23.593+0000] {dag.py:3033} INFO - Sync 1 DAGs
[2024-01-06T14:19:23.619+0000] {logging_mixin.py:188} INFO - [2024-01-06T14:19:23.619+0000] {dag.py:3820} INFO - Setting next_dagrun for 333 to 2024-01-07T00:00:00+00:00, run_after=2024-01-08T00:00:00+00:00
[2024-01-06T14:19:23.653+0000] {processor.py:183} INFO - Processing /opt/airflow/dags/Dag1.py took 0.243 seconds
[2024-01-06T14:19:54.217+0000] {processor.py:161} INFO - Started process (PID=2224) to work on /opt/airflow/dags/Dag1.py
[2024-01-06T14:19:54.220+0000] {processor.py:830} INFO - Processing file /opt/airflow/dags/Dag1.py for tasks to queue
[2024-01-06T14:19:54.224+0000] {logging_mixin.py:188} INFO - [2024-01-06T14:19:54.223+0000] {dagbag.py:538} INFO - Filling up the DagBag from /opt/airflow/dags/Dag1.py
[2024-01-06T14:19:54.245+0000] {processor.py:840} INFO - DAG(s) '333' retrieved from /opt/airflow/dags/Dag1.py
[2024-01-06T14:19:54.389+0000] {logging_mixin.py:188} INFO - [2024-01-06T14:19:54.389+0000] {dag.py:3033} INFO - Sync 1 DAGs
[2024-01-06T14:19:54.445+0000] {logging_mixin.py:188} INFO - [2024-01-06T14:19:54.445+0000] {dag.py:3820} INFO - Setting next_dagrun for 333 to 2024-01-07T00:00:00+00:00, run_after=2024-01-08T00:00:00+00:00
[2024-01-06T14:19:54.479+0000] {processor.py:183} INFO - Processing /opt/airflow/dags/Dag1.py took 0.270 seconds
[2024-01-06T14:20:24.932+0000] {processor.py:161} INFO - Started process (PID=2246) to work on /opt/airflow/dags/Dag1.py
[2024-01-06T14:20:24.933+0000] {processor.py:830} INFO - Processing file /opt/airflow/dags/Dag1.py for tasks to queue
[2024-01-06T14:20:24.934+0000] {logging_mixin.py:188} INFO - [2024-01-06T14:20:24.934+0000] {dagbag.py:538} INFO - Filling up the DagBag from /opt/airflow/dags/Dag1.py
[2024-01-06T14:20:24.954+0000] {processor.py:840} INFO - DAG(s) '333' retrieved from /opt/airflow/dags/Dag1.py
[2024-01-06T14:20:25.115+0000] {logging_mixin.py:188} INFO - [2024-01-06T14:20:25.115+0000] {dag.py:3033} INFO - Sync 1 DAGs
[2024-01-06T14:20:25.136+0000] {logging_mixin.py:188} INFO - [2024-01-06T14:20:25.136+0000] {dag.py:3820} INFO - Setting next_dagrun for 333 to 2024-01-07T00:00:00+00:00, run_after=2024-01-08T00:00:00+00:00
[2024-01-06T14:20:25.164+0000] {processor.py:183} INFO - Processing /opt/airflow/dags/Dag1.py took 0.237 seconds
[2024-01-06T14:20:55.637+0000] {processor.py:161} INFO - Started process (PID=2268) to work on /opt/airflow/dags/Dag1.py
[2024-01-06T14:20:55.638+0000] {processor.py:830} INFO - Processing file /opt/airflow/dags/Dag1.py for tasks to queue
[2024-01-06T14:20:55.639+0000] {logging_mixin.py:188} INFO - [2024-01-06T14:20:55.639+0000] {dagbag.py:538} INFO - Filling up the DagBag from /opt/airflow/dags/Dag1.py
[2024-01-06T14:20:55.701+0000] {processor.py:840} INFO - DAG(s) '333' retrieved from /opt/airflow/dags/Dag1.py
[2024-01-06T14:20:55.859+0000] {logging_mixin.py:188} INFO - [2024-01-06T14:20:55.859+0000] {dag.py:3033} INFO - Sync 1 DAGs
[2024-01-06T14:20:55.881+0000] {logging_mixin.py:188} INFO - [2024-01-06T14:20:55.881+0000] {dag.py:3820} INFO - Setting next_dagrun for 333 to 2024-01-07T00:00:00+00:00, run_after=2024-01-08T00:00:00+00:00
[2024-01-06T14:20:55.907+0000] {processor.py:183} INFO - Processing /opt/airflow/dags/Dag1.py took 0.276 seconds
