[2024-01-05T21:13:02.301+0000] {logging_mixin.py:188} INFO - Changing /opt/***/logs/dag_id=User_counter/run_id=scheduled__2024-01-05T21:12:00+00:00/task_id=Insert permission to 509
[2024-01-05T21:13:02.302+0000] {logging_mixin.py:188} INFO - Failed to change /opt/***/logs/dag_id=User_counter/run_id=scheduled__2024-01-05T21:12:00+00:00/task_id=Insert permission to 509: [Errno 1] Operation not permitted: '/opt/***/logs/dag_id=User_counter/run_id=scheduled__2024-01-05T21:12:00+00:00/task_id=Insert'
[2024-01-05T21:13:02.339+0000] {logging_mixin.py:188} INFO - Changing /opt/***/logs/dag_id=User_counter/run_id=scheduled__2024-01-05T21:12:00+00:00/task_id=Insert permission to 509
[2024-01-05T21:13:02.340+0000] {logging_mixin.py:188} INFO - Failed to change /opt/***/logs/dag_id=User_counter/run_id=scheduled__2024-01-05T21:12:00+00:00/task_id=Insert permission to 509: [Errno 1] Operation not permitted: '/opt/***/logs/dag_id=User_counter/run_id=scheduled__2024-01-05T21:12:00+00:00/task_id=Insert'
[2024-01-05T21:13:02.382+0000] {taskinstance.py:1957} INFO - Dependencies all met for dep_context=non-requeueable deps ti=<TaskInstance: User_counter.Insert scheduled__2024-01-05T21:12:00+00:00 [queued]>
[2024-01-05T21:13:02.392+0000] {taskinstance.py:1957} INFO - Dependencies all met for dep_context=requeueable deps ti=<TaskInstance: User_counter.Insert scheduled__2024-01-05T21:12:00+00:00 [queued]>
[2024-01-05T21:13:02.393+0000] {taskinstance.py:2171} INFO - Starting attempt 1 of 2
[2024-01-05T21:13:02.409+0000] {taskinstance.py:2192} INFO - Executing <Task(PostgresOperator): Insert> on 2024-01-05 21:12:00+00:00
[2024-01-05T21:13:02.414+0000] {standard_task_runner.py:60} INFO - Started process 2755 to run task
[2024-01-05T21:13:02.418+0000] {standard_task_runner.py:87} INFO - Running: ['***', 'tasks', 'run', 'User_counter', 'Insert', 'scheduled__2024-01-05T21:12:00+00:00', '--job-id', '114', '--raw', '--subdir', 'DAGS_FOLDER/User_counter.py', '--cfg-path', '/tmp/tmpusogs5sd']
[2024-01-05T21:13:02.423+0000] {standard_task_runner.py:88} INFO - Job 114: Subtask Insert
[2024-01-05T21:13:02.484+0000] {logging_mixin.py:188} INFO - Changing /opt/***/logs/dag_id=User_counter/run_id=scheduled__2024-01-05T21:12:00+00:00/task_id=Insert permission to 509
[2024-01-05T21:13:02.485+0000] {logging_mixin.py:188} INFO - Failed to change /opt/***/logs/dag_id=User_counter/run_id=scheduled__2024-01-05T21:12:00+00:00/task_id=Insert permission to 509: [Errno 1] Operation not permitted: '/opt/***/logs/dag_id=User_counter/run_id=scheduled__2024-01-05T21:12:00+00:00/task_id=Insert'
[2024-01-05T21:13:02.487+0000] {task_command.py:423} INFO - Running <TaskInstance: User_counter.Insert scheduled__2024-01-05T21:12:00+00:00 [running]> on host e91b89fa10db
[2024-01-05T21:13:02.603+0000] {taskinstance.py:2481} INFO - Exporting env vars: AIRFLOW_CTX_DAG_OWNER='Airflow' AIRFLOW_CTX_DAG_ID='User_counter' AIRFLOW_CTX_TASK_ID='Insert' AIRFLOW_CTX_EXECUTION_DATE='2024-01-05T21:12:00+00:00' AIRFLOW_CTX_TRY_NUMBER='1' AIRFLOW_CTX_DAG_RUN_ID='scheduled__2024-01-05T21:12:00+00:00'
[2024-01-05T21:13:02.604+0000] {sql.py:276} INFO - Executing: INSERT INTO users_count (count, date) 
        VALUES ((select count(id) from users) , %(date)s );
[2024-01-05T21:13:02.615+0000] {base.py:83} INFO - Using connection ID 'postgres_default' for task execution.
[2024-01-05T21:13:02.626+0000] {base.py:83} INFO - Using connection ID 'postgres_default' for task execution.
[2024-01-05T21:13:02.630+0000] {sql.py:432} INFO - Running statement: INSERT INTO users_count (count, date) 
        VALUES ((select count(id) from users) , %(date)s );, parameters: {'date': '2024-01-05 21:13:02'}
[2024-01-05T21:13:02.632+0000] {sql.py:441} INFO - Rows affected: 1
[2024-01-05T21:13:02.643+0000] {taskinstance.py:1138} INFO - Marking task as SUCCESS. dag_id=User_counter, task_id=Insert, execution_date=20240105T211200, start_date=20240105T211302, end_date=20240105T211302
[2024-01-05T21:13:02.670+0000] {local_task_job_runner.py:234} INFO - Task exited with return code 0
[2024-01-05T21:13:02.692+0000] {taskinstance.py:3281} INFO - 0 downstream tasks scheduled from follow-on schedule check
