[2024-01-05T10:21:03.194+0000] {logging_mixin.py:188} INFO - Changing /opt/***/logs/dag_id=User_counter/run_id=scheduled__2024-01-05T10:20:00+00:00/task_id=TaskId2 permission to 509
[2024-01-05T10:21:03.195+0000] {logging_mixin.py:188} INFO - Failed to change /opt/***/logs/dag_id=User_counter/run_id=scheduled__2024-01-05T10:20:00+00:00/task_id=TaskId2 permission to 509: [Errno 1] Operation not permitted: '/opt/***/logs/dag_id=User_counter/run_id=scheduled__2024-01-05T10:20:00+00:00/task_id=TaskId2'
[2024-01-05T10:21:03.230+0000] {logging_mixin.py:188} INFO - Changing /opt/***/logs/dag_id=User_counter/run_id=scheduled__2024-01-05T10:20:00+00:00/task_id=TaskId2 permission to 509
[2024-01-05T10:21:03.231+0000] {logging_mixin.py:188} INFO - Failed to change /opt/***/logs/dag_id=User_counter/run_id=scheduled__2024-01-05T10:20:00+00:00/task_id=TaskId2 permission to 509: [Errno 1] Operation not permitted: '/opt/***/logs/dag_id=User_counter/run_id=scheduled__2024-01-05T10:20:00+00:00/task_id=TaskId2'
[2024-01-05T10:21:03.268+0000] {taskinstance.py:1957} INFO - Dependencies all met for dep_context=non-requeueable deps ti=<TaskInstance: User_counter.TaskId2 scheduled__2024-01-05T10:20:00+00:00 [queued]>
[2024-01-05T10:21:03.279+0000] {taskinstance.py:1957} INFO - Dependencies all met for dep_context=requeueable deps ti=<TaskInstance: User_counter.TaskId2 scheduled__2024-01-05T10:20:00+00:00 [queued]>
[2024-01-05T10:21:03.279+0000] {taskinstance.py:2171} INFO - Starting attempt 1 of 2
[2024-01-05T10:21:03.295+0000] {taskinstance.py:2192} INFO - Executing <Task(PythonOperator): TaskId2> on 2024-01-05 10:20:00+00:00
[2024-01-05T10:21:03.302+0000] {standard_task_runner.py:60} INFO - Started process 3583 to run task
[2024-01-05T10:21:03.307+0000] {standard_task_runner.py:87} INFO - Running: ['***', 'tasks', 'run', 'User_counter', 'TaskId2', 'scheduled__2024-01-05T10:20:00+00:00', '--job-id', '12', '--raw', '--subdir', 'DAGS_FOLDER/User_counter.py', '--cfg-path', '/tmp/tmp6g4yqq9k']
[2024-01-05T10:21:03.311+0000] {standard_task_runner.py:88} INFO - Job 12: Subtask TaskId2
[2024-01-05T10:21:03.387+0000] {logging_mixin.py:188} INFO - Changing /opt/***/logs/dag_id=User_counter/run_id=scheduled__2024-01-05T10:20:00+00:00/task_id=TaskId2 permission to 509
[2024-01-05T10:21:03.387+0000] {logging_mixin.py:188} INFO - Failed to change /opt/***/logs/dag_id=User_counter/run_id=scheduled__2024-01-05T10:20:00+00:00/task_id=TaskId2 permission to 509: [Errno 1] Operation not permitted: '/opt/***/logs/dag_id=User_counter/run_id=scheduled__2024-01-05T10:20:00+00:00/task_id=TaskId2'
[2024-01-05T10:21:03.390+0000] {task_command.py:423} INFO - Running <TaskInstance: User_counter.TaskId2 scheduled__2024-01-05T10:20:00+00:00 [running]> on host 098ababd5647
[2024-01-05T10:21:03.485+0000] {taskinstance.py:2481} INFO - Exporting env vars: AIRFLOW_CTX_DAG_OWNER='Airflow' AIRFLOW_CTX_DAG_ID='User_counter' AIRFLOW_CTX_TASK_ID='TaskId2' AIRFLOW_CTX_EXECUTION_DATE='2024-01-05T10:20:00+00:00' AIRFLOW_CTX_TRY_NUMBER='1' AIRFLOW_CTX_DAG_RUN_ID='scheduled__2024-01-05T10:20:00+00:00'
[2024-01-05T10:21:03.487+0000] {logging_mixin.py:188} INFO - ZAEBALLL22
[2024-01-05T10:21:03.488+0000] {python.py:201} INFO - Done. Returned value was: None
[2024-01-05T10:21:03.498+0000] {taskinstance.py:1138} INFO - Marking task as SUCCESS. dag_id=User_counter, task_id=TaskId2, execution_date=20240105T102000, start_date=20240105T102103, end_date=20240105T102103
[2024-01-05T10:21:03.559+0000] {local_task_job_runner.py:234} INFO - Task exited with return code 0
[2024-01-05T10:21:03.581+0000] {taskinstance.py:3281} INFO - 0 downstream tasks scheduled from follow-on schedule check
