[2024-01-06T14:04:02.176+0000] {logging_mixin.py:188} INFO - Changing /opt/***/logs/dag_id=User_counter/run_id=scheduled__2024-01-06T14:03:00+00:00/task_id=Insert permission to 509
[2024-01-06T14:04:02.177+0000] {logging_mixin.py:188} INFO - Failed to change /opt/***/logs/dag_id=User_counter/run_id=scheduled__2024-01-06T14:03:00+00:00/task_id=Insert permission to 509: [Errno 1] Operation not permitted: '/opt/***/logs/dag_id=User_counter/run_id=scheduled__2024-01-06T14:03:00+00:00/task_id=Insert'
[2024-01-06T14:04:02.210+0000] {logging_mixin.py:188} INFO - Changing /opt/***/logs/dag_id=User_counter/run_id=scheduled__2024-01-06T14:03:00+00:00/task_id=Insert permission to 509
[2024-01-06T14:04:02.210+0000] {logging_mixin.py:188} INFO - Failed to change /opt/***/logs/dag_id=User_counter/run_id=scheduled__2024-01-06T14:03:00+00:00/task_id=Insert permission to 509: [Errno 1] Operation not permitted: '/opt/***/logs/dag_id=User_counter/run_id=scheduled__2024-01-06T14:03:00+00:00/task_id=Insert'
[2024-01-06T14:04:02.267+0000] {taskinstance.py:1957} INFO - Dependencies all met for dep_context=non-requeueable deps ti=<TaskInstance: User_counter.Insert scheduled__2024-01-06T14:03:00+00:00 [queued]>
[2024-01-06T14:04:02.278+0000] {taskinstance.py:1957} INFO - Dependencies all met for dep_context=requeueable deps ti=<TaskInstance: User_counter.Insert scheduled__2024-01-06T14:03:00+00:00 [queued]>
[2024-01-06T14:04:02.279+0000] {taskinstance.py:2171} INFO - Starting attempt 1 of 2
[2024-01-06T14:04:02.296+0000] {taskinstance.py:2192} INFO - Executing <Task(PostgresOperator): Insert> on 2024-01-06 14:03:00+00:00
[2024-01-06T14:04:02.301+0000] {standard_task_runner.py:60} INFO - Started process 1508 to run task
[2024-01-06T14:04:02.305+0000] {standard_task_runner.py:87} INFO - Running: ['***', 'tasks', 'run', 'User_counter', 'Insert', 'scheduled__2024-01-06T14:03:00+00:00', '--job-id', '301', '--raw', '--subdir', 'DAGS_FOLDER/User_counter.py', '--cfg-path', '/tmp/tmpun7cxsb5']
[2024-01-06T14:04:02.308+0000] {standard_task_runner.py:88} INFO - Job 301: Subtask Insert
[2024-01-06T14:04:02.372+0000] {logging_mixin.py:188} INFO - Changing /opt/***/logs/dag_id=User_counter/run_id=scheduled__2024-01-06T14:03:00+00:00/task_id=Insert permission to 509
[2024-01-06T14:04:02.373+0000] {logging_mixin.py:188} INFO - Failed to change /opt/***/logs/dag_id=User_counter/run_id=scheduled__2024-01-06T14:03:00+00:00/task_id=Insert permission to 509: [Errno 1] Operation not permitted: '/opt/***/logs/dag_id=User_counter/run_id=scheduled__2024-01-06T14:03:00+00:00/task_id=Insert'
[2024-01-06T14:04:02.374+0000] {task_command.py:423} INFO - Running <TaskInstance: User_counter.Insert scheduled__2024-01-06T14:03:00+00:00 [running]> on host ca5b1c72379e
[2024-01-06T14:04:02.490+0000] {taskinstance.py:2481} INFO - Exporting env vars: AIRFLOW_CTX_DAG_OWNER='Airflow' AIRFLOW_CTX_DAG_ID='User_counter' AIRFLOW_CTX_TASK_ID='Insert' AIRFLOW_CTX_EXECUTION_DATE='2024-01-06T14:03:00+00:00' AIRFLOW_CTX_TRY_NUMBER='1' AIRFLOW_CTX_DAG_RUN_ID='scheduled__2024-01-06T14:03:00+00:00'
[2024-01-06T14:04:02.491+0000] {sql.py:276} INFO - Executing: INSERT INTO users_count (count, date) 
        VALUES ((select count(id) from users) , %(date)s );
[2024-01-06T14:04:02.501+0000] {base.py:83} INFO - Using connection ID 'postgres_default' for task execution.
[2024-01-06T14:04:02.513+0000] {base.py:83} INFO - Using connection ID 'postgres_default' for task execution.
[2024-01-06T14:04:02.520+0000] {sql.py:432} INFO - Running statement: INSERT INTO users_count (count, date) 
        VALUES ((select count(id) from users) , %(date)s );, parameters: {'date': '2024-01-06 14:04:02'}
[2024-01-06T14:04:02.522+0000] {sql.py:441} INFO - Rows affected: 1
[2024-01-06T14:04:02.534+0000] {taskinstance.py:1138} INFO - Marking task as SUCCESS. dag_id=User_counter, task_id=Insert, execution_date=20240106T140300, start_date=20240106T140402, end_date=20240106T140402
[2024-01-06T14:04:02.558+0000] {local_task_job_runner.py:234} INFO - Task exited with return code 0
[2024-01-06T14:04:02.581+0000] {taskinstance.py:3281} INFO - 0 downstream tasks scheduled from follow-on schedule check
