[2024-01-05T20:48:51.140+0000] {logging_mixin.py:188} INFO - Changing /opt/***/logs/dag_id=User_counter/run_id=scheduled__2024-01-05T20:35:00+00:00/task_id=PostgresTable permission to 509
[2024-01-05T20:48:51.143+0000] {logging_mixin.py:188} INFO - Failed to change /opt/***/logs/dag_id=User_counter/run_id=scheduled__2024-01-05T20:35:00+00:00/task_id=PostgresTable permission to 509: [Errno 1] Operation not permitted: '/opt/***/logs/dag_id=User_counter/run_id=scheduled__2024-01-05T20:35:00+00:00/task_id=PostgresTable'
[2024-01-05T20:48:51.188+0000] {logging_mixin.py:188} INFO - Changing /opt/***/logs/dag_id=User_counter/run_id=scheduled__2024-01-05T20:35:00+00:00/task_id=PostgresTable permission to 509
[2024-01-05T20:48:51.190+0000] {logging_mixin.py:188} INFO - Failed to change /opt/***/logs/dag_id=User_counter/run_id=scheduled__2024-01-05T20:35:00+00:00/task_id=PostgresTable permission to 509: [Errno 1] Operation not permitted: '/opt/***/logs/dag_id=User_counter/run_id=scheduled__2024-01-05T20:35:00+00:00/task_id=PostgresTable'
[2024-01-05T20:48:51.240+0000] {taskinstance.py:1957} INFO - Dependencies all met for dep_context=non-requeueable deps ti=<TaskInstance: User_counter.PostgresTable scheduled__2024-01-05T20:35:00+00:00 [queued]>
[2024-01-05T20:48:51.254+0000] {taskinstance.py:1957} INFO - Dependencies all met for dep_context=requeueable deps ti=<TaskInstance: User_counter.PostgresTable scheduled__2024-01-05T20:35:00+00:00 [queued]>
[2024-01-05T20:48:51.255+0000] {taskinstance.py:2171} INFO - Starting attempt 2 of 2
[2024-01-05T20:48:51.276+0000] {taskinstance.py:2192} INFO - Executing <Task(PostgresOperator): PostgresTable> on 2024-01-05 20:35:00+00:00
[2024-01-05T20:48:51.283+0000] {standard_task_runner.py:60} INFO - Started process 1642 to run task
[2024-01-05T20:48:51.289+0000] {standard_task_runner.py:87} INFO - Running: ['***', 'tasks', 'run', 'User_counter', 'PostgresTable', 'scheduled__2024-01-05T20:35:00+00:00', '--job-id', '61', '--raw', '--subdir', 'DAGS_FOLDER/User_counter.py', '--cfg-path', '/tmp/tmp0r7sa5jn']
[2024-01-05T20:48:51.294+0000] {standard_task_runner.py:88} INFO - Job 61: Subtask PostgresTable
[2024-01-05T20:48:51.375+0000] {logging_mixin.py:188} INFO - Changing /opt/***/logs/dag_id=User_counter/run_id=scheduled__2024-01-05T20:35:00+00:00/task_id=PostgresTable permission to 509
[2024-01-05T20:48:51.376+0000] {logging_mixin.py:188} INFO - Failed to change /opt/***/logs/dag_id=User_counter/run_id=scheduled__2024-01-05T20:35:00+00:00/task_id=PostgresTable permission to 509: [Errno 1] Operation not permitted: '/opt/***/logs/dag_id=User_counter/run_id=scheduled__2024-01-05T20:35:00+00:00/task_id=PostgresTable'
[2024-01-05T20:48:51.378+0000] {task_command.py:423} INFO - Running <TaskInstance: User_counter.PostgresTable scheduled__2024-01-05T20:35:00+00:00 [running]> on host e91b89fa10db
[2024-01-05T20:48:51.492+0000] {taskinstance.py:2481} INFO - Exporting env vars: AIRFLOW_CTX_DAG_OWNER='Airflow' AIRFLOW_CTX_DAG_ID='User_counter' AIRFLOW_CTX_TASK_ID='PostgresTable' AIRFLOW_CTX_EXECUTION_DATE='2024-01-05T20:35:00+00:00' AIRFLOW_CTX_TRY_NUMBER='2' AIRFLOW_CTX_DAG_RUN_ID='scheduled__2024-01-05T20:35:00+00:00'
[2024-01-05T20:48:51.493+0000] {sql.py:276} INFO - Executing: 
            CREATE TABLE IF NOT EXISTS users_count (
            count_id SERIAL PRIMARY KEY,
            count INTEGER NOT NULL,
            date VARCHAR NOT NULL);
[2024-01-05T20:48:51.504+0000] {base.py:83} INFO - Using connection ID 'postgres_default' for task execution.
[2024-01-05T20:48:51.515+0000] {base.py:83} INFO - Using connection ID 'postgres_default' for task execution.
[2024-01-05T20:48:51.521+0000] {sql.py:432} INFO - Running statement: 
            CREATE TABLE IF NOT EXISTS users_count (
            count_id SERIAL PRIMARY KEY,
            count INTEGER NOT NULL,
            date VARCHAR NOT NULL);, parameters: None
[2024-01-05T20:48:51.536+0000] {taskinstance.py:1138} INFO - Marking task as SUCCESS. dag_id=User_counter, task_id=PostgresTable, execution_date=20240105T203500, start_date=20240105T204851, end_date=20240105T204851
[2024-01-05T20:48:51.582+0000] {local_task_job_runner.py:234} INFO - Task exited with return code 0
[2024-01-05T20:48:51.625+0000] {taskinstance.py:3281} INFO - 1 downstream tasks scheduled from follow-on schedule check
