[2024-01-06T14:02:44.347+0000] {logging_mixin.py:188} INFO - Changing /opt/***/logs/dag_id=User_counter/run_id=scheduled__2024-01-06T13:12:00+00:00/task_id=Insert permission to 509
[2024-01-06T14:02:44.355+0000] {logging_mixin.py:188} INFO - Failed to change /opt/***/logs/dag_id=User_counter/run_id=scheduled__2024-01-06T13:12:00+00:00/task_id=Insert permission to 509: [Errno 1] Operation not permitted: '/opt/***/logs/dag_id=User_counter/run_id=scheduled__2024-01-06T13:12:00+00:00/task_id=Insert'
[2024-01-06T14:02:44.622+0000] {logging_mixin.py:188} INFO - Changing /opt/***/logs/dag_id=User_counter/run_id=scheduled__2024-01-06T13:12:00+00:00/task_id=Insert permission to 509
[2024-01-06T14:02:44.625+0000] {logging_mixin.py:188} INFO - Failed to change /opt/***/logs/dag_id=User_counter/run_id=scheduled__2024-01-06T13:12:00+00:00/task_id=Insert permission to 509: [Errno 1] Operation not permitted: '/opt/***/logs/dag_id=User_counter/run_id=scheduled__2024-01-06T13:12:00+00:00/task_id=Insert'
[2024-01-06T14:02:45.002+0000] {taskinstance.py:1957} INFO - Dependencies all met for dep_context=non-requeueable deps ti=<TaskInstance: User_counter.Insert scheduled__2024-01-06T13:12:00+00:00 [queued]>
[2024-01-06T14:02:45.090+0000] {taskinstance.py:1957} INFO - Dependencies all met for dep_context=requeueable deps ti=<TaskInstance: User_counter.Insert scheduled__2024-01-06T13:12:00+00:00 [queued]>
[2024-01-06T14:02:45.118+0000] {taskinstance.py:2171} INFO - Starting attempt 1 of 2
[2024-01-06T14:02:45.215+0000] {taskinstance.py:2192} INFO - Executing <Task(PostgresOperator): Insert> on 2024-01-06 13:12:00+00:00
[2024-01-06T14:02:45.231+0000] {standard_task_runner.py:60} INFO - Started process 1448 to run task
[2024-01-06T14:02:45.289+0000] {standard_task_runner.py:87} INFO - Running: ['***', 'tasks', 'run', 'User_counter', 'Insert', 'scheduled__2024-01-06T13:12:00+00:00', '--job-id', '295', '--raw', '--subdir', 'DAGS_FOLDER/User_counter.py', '--cfg-path', '/tmp/tmp11xnh1t2']
[2024-01-06T14:02:45.325+0000] {standard_task_runner.py:88} INFO - Job 295: Subtask Insert
[2024-01-06T14:02:45.696+0000] {logging_mixin.py:188} INFO - Changing /opt/***/logs/dag_id=User_counter/run_id=scheduled__2024-01-06T13:12:00+00:00/task_id=Insert permission to 509
[2024-01-06T14:02:45.697+0000] {logging_mixin.py:188} INFO - Failed to change /opt/***/logs/dag_id=User_counter/run_id=scheduled__2024-01-06T13:12:00+00:00/task_id=Insert permission to 509: [Errno 1] Operation not permitted: '/opt/***/logs/dag_id=User_counter/run_id=scheduled__2024-01-06T13:12:00+00:00/task_id=Insert'
[2024-01-06T14:02:45.704+0000] {task_command.py:423} INFO - Running <TaskInstance: User_counter.Insert scheduled__2024-01-06T13:12:00+00:00 [running]> on host ca5b1c72379e
[2024-01-06T14:02:46.090+0000] {taskinstance.py:2481} INFO - Exporting env vars: AIRFLOW_CTX_DAG_OWNER='Airflow' AIRFLOW_CTX_DAG_ID='User_counter' AIRFLOW_CTX_TASK_ID='Insert' AIRFLOW_CTX_EXECUTION_DATE='2024-01-06T13:12:00+00:00' AIRFLOW_CTX_TRY_NUMBER='1' AIRFLOW_CTX_DAG_RUN_ID='scheduled__2024-01-06T13:12:00+00:00'
[2024-01-06T14:02:46.093+0000] {sql.py:276} INFO - Executing: INSERT INTO users_count (count, date) 
        VALUES ((select count(id) from users) , %(date)s );
[2024-01-06T14:02:46.115+0000] {base.py:83} INFO - Using connection ID 'postgres_default' for task execution.
[2024-01-06T14:02:46.132+0000] {base.py:83} INFO - Using connection ID 'postgres_default' for task execution.
[2024-01-06T14:02:46.154+0000] {sql.py:432} INFO - Running statement: INSERT INTO users_count (count, date) 
        VALUES ((select count(id) from users) , %(date)s );, parameters: {'date': '2024-01-06 14:02:43'}
[2024-01-06T14:02:46.158+0000] {sql.py:441} INFO - Rows affected: 1
[2024-01-06T14:02:46.199+0000] {taskinstance.py:1138} INFO - Marking task as SUCCESS. dag_id=User_counter, task_id=Insert, execution_date=20240106T131200, start_date=20240106T140245, end_date=20240106T140246
[2024-01-06T14:02:46.284+0000] {local_task_job_runner.py:234} INFO - Task exited with return code 0
[2024-01-06T14:02:46.326+0000] {taskinstance.py:3281} INFO - 0 downstream tasks scheduled from follow-on schedule check
