[2024-01-05T08:54:42.774+0000] {processor.py:161} INFO - Started process (PID=1144) to work on /opt/airflow/dags/00_ETLWeatherPrintAirflow2.py
[2024-01-05T08:54:42.776+0000] {processor.py:830} INFO - Processing file /opt/airflow/dags/00_ETLWeatherPrintAirflow2.py for tasks to queue
[2024-01-05T08:54:42.777+0000] {logging_mixin.py:188} INFO - [2024-01-05T08:54:42.777+0000] {dagbag.py:538} INFO - Filling up the DagBag from /opt/airflow/dags/00_ETLWeatherPrintAirflow2.py
[2024-01-05T08:54:42.829+0000] {logging_mixin.py:188} INFO - [2024-01-05T08:54:42.822+0000] {dagbag.py:348} ERROR - Failed to import: /opt/airflow/dags/00_ETLWeatherPrintAirflow2.py
Traceback (most recent call last):
  File "/home/airflow/.local/lib/python3.8/site-packages/airflow/models/dagbag.py", line 344, in parse
    loader.exec_module(new_module)
  File "<frozen importlib._bootstrap_external>", line 843, in exec_module
  File "<frozen importlib._bootstrap>", line 219, in _call_with_frames_removed
  File "/opt/airflow/dags/00_ETLWeatherPrintAirflow2.py", line 14, in <module>
    from transformer import transform_weatherAPI
ModuleNotFoundError: No module named 'transformer'
[2024-01-05T08:54:42.831+0000] {processor.py:842} WARNING - No viable dags retrieved from /opt/airflow/dags/00_ETLWeatherPrintAirflow2.py
[2024-01-05T08:54:42.909+0000] {processor.py:183} INFO - Processing /opt/airflow/dags/00_ETLWeatherPrintAirflow2.py took 0.144 seconds
[2024-01-05T08:55:13.319+0000] {processor.py:161} INFO - Started process (PID=1201) to work on /opt/airflow/dags/00_ETLWeatherPrintAirflow2.py
[2024-01-05T08:55:13.320+0000] {processor.py:830} INFO - Processing file /opt/airflow/dags/00_ETLWeatherPrintAirflow2.py for tasks to queue
[2024-01-05T08:55:13.322+0000] {logging_mixin.py:188} INFO - [2024-01-05T08:55:13.321+0000] {dagbag.py:538} INFO - Filling up the DagBag from /opt/airflow/dags/00_ETLWeatherPrintAirflow2.py
[2024-01-05T08:55:13.342+0000] {logging_mixin.py:188} INFO - [2024-01-05T08:55:13.337+0000] {dagbag.py:348} ERROR - Failed to import: /opt/airflow/dags/00_ETLWeatherPrintAirflow2.py
Traceback (most recent call last):
  File "/home/airflow/.local/lib/python3.8/site-packages/airflow/models/dagbag.py", line 344, in parse
    loader.exec_module(new_module)
  File "<frozen importlib._bootstrap_external>", line 843, in exec_module
  File "<frozen importlib._bootstrap>", line 219, in _call_with_frames_removed
  File "/opt/airflow/dags/00_ETLWeatherPrintAirflow2.py", line 14, in <module>
    from transformer import transform_weatherAPI
ModuleNotFoundError: No module named 'transformer'
[2024-01-05T08:55:13.343+0000] {processor.py:842} WARNING - No viable dags retrieved from /opt/airflow/dags/00_ETLWeatherPrintAirflow2.py
[2024-01-05T08:55:13.370+0000] {processor.py:183} INFO - Processing /opt/airflow/dags/00_ETLWeatherPrintAirflow2.py took 0.056 seconds
[2024-01-05T08:55:43.547+0000] {processor.py:161} INFO - Started process (PID=1256) to work on /opt/airflow/dags/00_ETLWeatherPrintAirflow2.py
[2024-01-05T08:55:43.549+0000] {processor.py:830} INFO - Processing file /opt/airflow/dags/00_ETLWeatherPrintAirflow2.py for tasks to queue
[2024-01-05T08:55:43.550+0000] {logging_mixin.py:188} INFO - [2024-01-05T08:55:43.550+0000] {dagbag.py:538} INFO - Filling up the DagBag from /opt/airflow/dags/00_ETLWeatherPrintAirflow2.py
[2024-01-05T08:55:43.574+0000] {logging_mixin.py:188} INFO - [2024-01-05T08:55:43.570+0000] {dagbag.py:348} ERROR - Failed to import: /opt/airflow/dags/00_ETLWeatherPrintAirflow2.py
Traceback (most recent call last):
  File "/home/airflow/.local/lib/python3.8/site-packages/airflow/models/dagbag.py", line 344, in parse
    loader.exec_module(new_module)
  File "<frozen importlib._bootstrap_external>", line 843, in exec_module
  File "<frozen importlib._bootstrap>", line 219, in _call_with_frames_removed
  File "/opt/airflow/dags/00_ETLWeatherPrintAirflow2.py", line 14, in <module>
    from transformer import transform_weatherAPI
ModuleNotFoundError: No module named 'transformer'
[2024-01-05T08:55:43.575+0000] {processor.py:842} WARNING - No viable dags retrieved from /opt/airflow/dags/00_ETLWeatherPrintAirflow2.py
[2024-01-05T08:55:43.610+0000] {processor.py:183} INFO - Processing /opt/airflow/dags/00_ETLWeatherPrintAirflow2.py took 0.069 seconds
[2024-01-05T08:57:50.783+0000] {processor.py:161} INFO - Started process (PID=30) to work on /opt/airflow/dags/00_ETLWeatherPrintAirflow2.py
[2024-01-05T08:57:50.785+0000] {processor.py:830} INFO - Processing file /opt/airflow/dags/00_ETLWeatherPrintAirflow2.py for tasks to queue
[2024-01-05T08:57:50.789+0000] {logging_mixin.py:188} INFO - [2024-01-05T08:57:50.789+0000] {dagbag.py:538} INFO - Filling up the DagBag from /opt/airflow/dags/00_ETLWeatherPrintAirflow2.py
[2024-01-05T08:57:50.818+0000] {logging_mixin.py:188} INFO - [2024-01-05T08:57:50.814+0000] {dagbag.py:348} ERROR - Failed to import: /opt/airflow/dags/00_ETLWeatherPrintAirflow2.py
Traceback (most recent call last):
  File "/home/airflow/.local/lib/python3.8/site-packages/airflow/models/dagbag.py", line 344, in parse
    loader.exec_module(new_module)
  File "<frozen importlib._bootstrap_external>", line 843, in exec_module
  File "<frozen importlib._bootstrap>", line 219, in _call_with_frames_removed
  File "/opt/airflow/dags/00_ETLWeatherPrintAirflow2.py", line 14, in <module>
    from transformer import transform_weatherAPI
ModuleNotFoundError: No module named 'transformer'
[2024-01-05T08:57:50.820+0000] {processor.py:842} WARNING - No viable dags retrieved from /opt/airflow/dags/00_ETLWeatherPrintAirflow2.py
[2024-01-05T08:57:50.850+0000] {processor.py:183} INFO - Processing /opt/airflow/dags/00_ETLWeatherPrintAirflow2.py took 0.071 seconds
[2024-01-05T08:58:21.476+0000] {processor.py:161} INFO - Started process (PID=88) to work on /opt/airflow/dags/00_ETLWeatherPrintAirflow2.py
[2024-01-05T08:58:21.477+0000] {processor.py:830} INFO - Processing file /opt/airflow/dags/00_ETLWeatherPrintAirflow2.py for tasks to queue
[2024-01-05T08:58:21.480+0000] {logging_mixin.py:188} INFO - [2024-01-05T08:58:21.480+0000] {dagbag.py:538} INFO - Filling up the DagBag from /opt/airflow/dags/00_ETLWeatherPrintAirflow2.py
[2024-01-05T08:58:21.499+0000] {logging_mixin.py:188} INFO - [2024-01-05T08:58:21.495+0000] {dagbag.py:348} ERROR - Failed to import: /opt/airflow/dags/00_ETLWeatherPrintAirflow2.py
Traceback (most recent call last):
  File "/home/airflow/.local/lib/python3.8/site-packages/airflow/models/dagbag.py", line 344, in parse
    loader.exec_module(new_module)
  File "<frozen importlib._bootstrap_external>", line 843, in exec_module
  File "<frozen importlib._bootstrap>", line 219, in _call_with_frames_removed
  File "/opt/airflow/dags/00_ETLWeatherPrintAirflow2.py", line 14, in <module>
    from transformer import transform_weatherAPI
ModuleNotFoundError: No module named 'transformer'
[2024-01-05T08:58:21.501+0000] {processor.py:842} WARNING - No viable dags retrieved from /opt/airflow/dags/00_ETLWeatherPrintAirflow2.py
[2024-01-05T08:58:21.533+0000] {processor.py:183} INFO - Processing /opt/airflow/dags/00_ETLWeatherPrintAirflow2.py took 0.063 seconds
[2024-01-05T08:58:51.723+0000] {processor.py:161} INFO - Started process (PID=146) to work on /opt/airflow/dags/00_ETLWeatherPrintAirflow2.py
[2024-01-05T08:58:51.724+0000] {processor.py:830} INFO - Processing file /opt/airflow/dags/00_ETLWeatherPrintAirflow2.py for tasks to queue
[2024-01-05T08:58:51.728+0000] {logging_mixin.py:188} INFO - [2024-01-05T08:58:51.727+0000] {dagbag.py:538} INFO - Filling up the DagBag from /opt/airflow/dags/00_ETLWeatherPrintAirflow2.py
[2024-01-05T08:58:51.749+0000] {logging_mixin.py:188} INFO - [2024-01-05T08:58:51.745+0000] {dagbag.py:348} ERROR - Failed to import: /opt/airflow/dags/00_ETLWeatherPrintAirflow2.py
Traceback (most recent call last):
  File "/home/airflow/.local/lib/python3.8/site-packages/airflow/models/dagbag.py", line 344, in parse
    loader.exec_module(new_module)
  File "<frozen importlib._bootstrap_external>", line 843, in exec_module
  File "<frozen importlib._bootstrap>", line 219, in _call_with_frames_removed
  File "/opt/airflow/dags/00_ETLWeatherPrintAirflow2.py", line 14, in <module>
    from transformer import transform_weatherAPI
ModuleNotFoundError: No module named 'transformer'
[2024-01-05T08:58:51.751+0000] {processor.py:842} WARNING - No viable dags retrieved from /opt/airflow/dags/00_ETLWeatherPrintAirflow2.py
[2024-01-05T08:58:51.777+0000] {processor.py:183} INFO - Processing /opt/airflow/dags/00_ETLWeatherPrintAirflow2.py took 0.058 seconds
[2024-01-05T08:59:21.854+0000] {processor.py:161} INFO - Started process (PID=204) to work on /opt/airflow/dags/00_ETLWeatherPrintAirflow2.py
[2024-01-05T08:59:21.855+0000] {processor.py:830} INFO - Processing file /opt/airflow/dags/00_ETLWeatherPrintAirflow2.py for tasks to queue
[2024-01-05T08:59:21.858+0000] {logging_mixin.py:188} INFO - [2024-01-05T08:59:21.857+0000] {dagbag.py:538} INFO - Filling up the DagBag from /opt/airflow/dags/00_ETLWeatherPrintAirflow2.py
[2024-01-05T08:59:21.883+0000] {logging_mixin.py:188} INFO - [2024-01-05T08:59:21.878+0000] {dagbag.py:348} ERROR - Failed to import: /opt/airflow/dags/00_ETLWeatherPrintAirflow2.py
Traceback (most recent call last):
  File "/home/airflow/.local/lib/python3.8/site-packages/airflow/models/dagbag.py", line 344, in parse
    loader.exec_module(new_module)
  File "<frozen importlib._bootstrap_external>", line 843, in exec_module
  File "<frozen importlib._bootstrap>", line 219, in _call_with_frames_removed
  File "/opt/airflow/dags/00_ETLWeatherPrintAirflow2.py", line 14, in <module>
    from transformer import transform_weatherAPI
ModuleNotFoundError: No module named 'transformer'
[2024-01-05T08:59:21.884+0000] {processor.py:842} WARNING - No viable dags retrieved from /opt/airflow/dags/00_ETLWeatherPrintAirflow2.py
[2024-01-05T08:59:21.911+0000] {processor.py:183} INFO - Processing /opt/airflow/dags/00_ETLWeatherPrintAirflow2.py took 0.061 seconds
[2024-01-05T09:01:13.107+0000] {processor.py:161} INFO - Started process (PID=164) to work on /opt/airflow/dags/00_ETLWeatherPrintAirflow2.py
[2024-01-05T09:01:13.108+0000] {processor.py:830} INFO - Processing file /opt/airflow/dags/00_ETLWeatherPrintAirflow2.py for tasks to queue
[2024-01-05T09:01:13.109+0000] {logging_mixin.py:188} INFO - [2024-01-05T09:01:13.109+0000] {dagbag.py:538} INFO - Filling up the DagBag from /opt/airflow/dags/00_ETLWeatherPrintAirflow2.py
[2024-01-05T09:01:13.129+0000] {logging_mixin.py:188} INFO - [2024-01-05T09:01:13.126+0000] {dagbag.py:348} ERROR - Failed to import: /opt/airflow/dags/00_ETLWeatherPrintAirflow2.py
Traceback (most recent call last):
  File "/home/airflow/.local/lib/python3.8/site-packages/airflow/models/dagbag.py", line 344, in parse
    loader.exec_module(new_module)
  File "<frozen importlib._bootstrap_external>", line 843, in exec_module
  File "<frozen importlib._bootstrap>", line 219, in _call_with_frames_removed
  File "/opt/airflow/dags/00_ETLWeatherPrintAirflow2.py", line 14, in <module>
    from transformer import transform_weatherAPI
ModuleNotFoundError: No module named 'transformer'
[2024-01-05T09:01:13.131+0000] {processor.py:842} WARNING - No viable dags retrieved from /opt/airflow/dags/00_ETLWeatherPrintAirflow2.py
[2024-01-05T09:01:13.158+0000] {processor.py:183} INFO - Processing /opt/airflow/dags/00_ETLWeatherPrintAirflow2.py took 0.055 seconds
[2024-01-05T09:01:43.265+0000] {processor.py:161} INFO - Started process (PID=425) to work on /opt/airflow/dags/00_ETLWeatherPrintAirflow2.py
[2024-01-05T09:01:43.266+0000] {processor.py:830} INFO - Processing file /opt/airflow/dags/00_ETLWeatherPrintAirflow2.py for tasks to queue
[2024-01-05T09:01:43.267+0000] {logging_mixin.py:188} INFO - [2024-01-05T09:01:43.267+0000] {dagbag.py:538} INFO - Filling up the DagBag from /opt/airflow/dags/00_ETLWeatherPrintAirflow2.py
[2024-01-05T09:01:43.288+0000] {logging_mixin.py:188} INFO - [2024-01-05T09:01:43.285+0000] {dagbag.py:348} ERROR - Failed to import: /opt/airflow/dags/00_ETLWeatherPrintAirflow2.py
Traceback (most recent call last):
  File "/home/airflow/.local/lib/python3.8/site-packages/airflow/models/dagbag.py", line 344, in parse
    loader.exec_module(new_module)
  File "<frozen importlib._bootstrap_external>", line 843, in exec_module
  File "<frozen importlib._bootstrap>", line 219, in _call_with_frames_removed
  File "/opt/airflow/dags/00_ETLWeatherPrintAirflow2.py", line 14, in <module>
    from transformer import transform_weatherAPI
ModuleNotFoundError: No module named 'transformer'
[2024-01-05T09:01:43.289+0000] {processor.py:842} WARNING - No viable dags retrieved from /opt/airflow/dags/00_ETLWeatherPrintAirflow2.py
[2024-01-05T09:01:43.312+0000] {processor.py:183} INFO - Processing /opt/airflow/dags/00_ETLWeatherPrintAirflow2.py took 0.052 seconds
[2024-01-05T09:02:13.561+0000] {processor.py:161} INFO - Started process (PID=687) to work on /opt/airflow/dags/00_ETLWeatherPrintAirflow2.py
[2024-01-05T09:02:13.563+0000] {processor.py:830} INFO - Processing file /opt/airflow/dags/00_ETLWeatherPrintAirflow2.py for tasks to queue
[2024-01-05T09:02:13.564+0000] {logging_mixin.py:188} INFO - [2024-01-05T09:02:13.564+0000] {dagbag.py:538} INFO - Filling up the DagBag from /opt/airflow/dags/00_ETLWeatherPrintAirflow2.py
[2024-01-05T09:02:13.589+0000] {logging_mixin.py:188} INFO - [2024-01-05T09:02:13.585+0000] {dagbag.py:348} ERROR - Failed to import: /opt/airflow/dags/00_ETLWeatherPrintAirflow2.py
Traceback (most recent call last):
  File "/home/airflow/.local/lib/python3.8/site-packages/airflow/models/dagbag.py", line 344, in parse
    loader.exec_module(new_module)
  File "<frozen importlib._bootstrap_external>", line 843, in exec_module
  File "<frozen importlib._bootstrap>", line 219, in _call_with_frames_removed
  File "/opt/airflow/dags/00_ETLWeatherPrintAirflow2.py", line 14, in <module>
    from transformer import transform_weatherAPI
ModuleNotFoundError: No module named 'transformer'
[2024-01-05T09:02:13.590+0000] {processor.py:842} WARNING - No viable dags retrieved from /opt/airflow/dags/00_ETLWeatherPrintAirflow2.py
[2024-01-05T09:02:13.615+0000] {processor.py:183} INFO - Processing /opt/airflow/dags/00_ETLWeatherPrintAirflow2.py took 0.058 seconds
[2024-01-05T09:02:43.867+0000] {processor.py:161} INFO - Started process (PID=949) to work on /opt/airflow/dags/00_ETLWeatherPrintAirflow2.py
[2024-01-05T09:02:43.871+0000] {processor.py:830} INFO - Processing file /opt/airflow/dags/00_ETLWeatherPrintAirflow2.py for tasks to queue
[2024-01-05T09:02:43.873+0000] {logging_mixin.py:188} INFO - [2024-01-05T09:02:43.873+0000] {dagbag.py:538} INFO - Filling up the DagBag from /opt/airflow/dags/00_ETLWeatherPrintAirflow2.py
[2024-01-05T09:02:43.890+0000] {logging_mixin.py:188} INFO - [2024-01-05T09:02:43.886+0000] {dagbag.py:348} ERROR - Failed to import: /opt/airflow/dags/00_ETLWeatherPrintAirflow2.py
Traceback (most recent call last):
  File "/home/airflow/.local/lib/python3.8/site-packages/airflow/models/dagbag.py", line 344, in parse
    loader.exec_module(new_module)
  File "<frozen importlib._bootstrap_external>", line 843, in exec_module
  File "<frozen importlib._bootstrap>", line 219, in _call_with_frames_removed
  File "/opt/airflow/dags/00_ETLWeatherPrintAirflow2.py", line 14, in <module>
    from transformer import transform_weatherAPI
ModuleNotFoundError: No module named 'transformer'
[2024-01-05T09:02:43.891+0000] {processor.py:842} WARNING - No viable dags retrieved from /opt/airflow/dags/00_ETLWeatherPrintAirflow2.py
[2024-01-05T09:02:44.039+0000] {processor.py:183} INFO - Processing /opt/airflow/dags/00_ETLWeatherPrintAirflow2.py took 0.182 seconds
[2024-01-05T09:03:14.626+0000] {processor.py:161} INFO - Started process (PID=1211) to work on /opt/airflow/dags/00_ETLWeatherPrintAirflow2.py
[2024-01-05T09:03:14.628+0000] {processor.py:830} INFO - Processing file /opt/airflow/dags/00_ETLWeatherPrintAirflow2.py for tasks to queue
[2024-01-05T09:03:14.629+0000] {logging_mixin.py:188} INFO - [2024-01-05T09:03:14.629+0000] {dagbag.py:538} INFO - Filling up the DagBag from /opt/airflow/dags/00_ETLWeatherPrintAirflow2.py
[2024-01-05T09:03:14.645+0000] {logging_mixin.py:188} INFO - [2024-01-05T09:03:14.642+0000] {dagbag.py:348} ERROR - Failed to import: /opt/airflow/dags/00_ETLWeatherPrintAirflow2.py
Traceback (most recent call last):
  File "/home/airflow/.local/lib/python3.8/site-packages/airflow/models/dagbag.py", line 344, in parse
    loader.exec_module(new_module)
  File "<frozen importlib._bootstrap_external>", line 843, in exec_module
  File "<frozen importlib._bootstrap>", line 219, in _call_with_frames_removed
  File "/opt/airflow/dags/00_ETLWeatherPrintAirflow2.py", line 14, in <module>
    from transformer import transform_weatherAPI
ModuleNotFoundError: No module named 'transformer'
[2024-01-05T09:03:14.647+0000] {processor.py:842} WARNING - No viable dags retrieved from /opt/airflow/dags/00_ETLWeatherPrintAirflow2.py
[2024-01-05T09:03:14.673+0000] {processor.py:183} INFO - Processing /opt/airflow/dags/00_ETLWeatherPrintAirflow2.py took 0.051 seconds
[2024-01-05T09:03:45.060+0000] {processor.py:161} INFO - Started process (PID=1473) to work on /opt/airflow/dags/00_ETLWeatherPrintAirflow2.py
[2024-01-05T09:03:45.062+0000] {processor.py:830} INFO - Processing file /opt/airflow/dags/00_ETLWeatherPrintAirflow2.py for tasks to queue
[2024-01-05T09:03:45.063+0000] {logging_mixin.py:188} INFO - [2024-01-05T09:03:45.063+0000] {dagbag.py:538} INFO - Filling up the DagBag from /opt/airflow/dags/00_ETLWeatherPrintAirflow2.py
[2024-01-05T09:03:45.083+0000] {logging_mixin.py:188} INFO - [2024-01-05T09:03:45.078+0000] {dagbag.py:348} ERROR - Failed to import: /opt/airflow/dags/00_ETLWeatherPrintAirflow2.py
Traceback (most recent call last):
  File "/home/airflow/.local/lib/python3.8/site-packages/airflow/models/dagbag.py", line 344, in parse
    loader.exec_module(new_module)
  File "<frozen importlib._bootstrap_external>", line 843, in exec_module
  File "<frozen importlib._bootstrap>", line 219, in _call_with_frames_removed
  File "/opt/airflow/dags/00_ETLWeatherPrintAirflow2.py", line 14, in <module>
    from transformer import transform_weatherAPI
ModuleNotFoundError: No module named 'transformer'
[2024-01-05T09:03:45.085+0000] {processor.py:842} WARNING - No viable dags retrieved from /opt/airflow/dags/00_ETLWeatherPrintAirflow2.py
[2024-01-05T09:03:45.112+0000] {processor.py:183} INFO - Processing /opt/airflow/dags/00_ETLWeatherPrintAirflow2.py took 0.060 seconds
[2024-01-05T09:04:15.647+0000] {processor.py:161} INFO - Started process (PID=1735) to work on /opt/airflow/dags/00_ETLWeatherPrintAirflow2.py
[2024-01-05T09:04:15.648+0000] {processor.py:830} INFO - Processing file /opt/airflow/dags/00_ETLWeatherPrintAirflow2.py for tasks to queue
[2024-01-05T09:04:15.650+0000] {logging_mixin.py:188} INFO - [2024-01-05T09:04:15.649+0000] {dagbag.py:538} INFO - Filling up the DagBag from /opt/airflow/dags/00_ETLWeatherPrintAirflow2.py
[2024-01-05T09:04:15.670+0000] {logging_mixin.py:188} INFO - [2024-01-05T09:04:15.666+0000] {dagbag.py:348} ERROR - Failed to import: /opt/airflow/dags/00_ETLWeatherPrintAirflow2.py
Traceback (most recent call last):
  File "/home/airflow/.local/lib/python3.8/site-packages/airflow/models/dagbag.py", line 344, in parse
    loader.exec_module(new_module)
  File "<frozen importlib._bootstrap_external>", line 843, in exec_module
  File "<frozen importlib._bootstrap>", line 219, in _call_with_frames_removed
  File "/opt/airflow/dags/00_ETLWeatherPrintAirflow2.py", line 14, in <module>
    from transformer import transform_weatherAPI
ModuleNotFoundError: No module named 'transformer'
[2024-01-05T09:04:15.672+0000] {processor.py:842} WARNING - No viable dags retrieved from /opt/airflow/dags/00_ETLWeatherPrintAirflow2.py
[2024-01-05T09:04:15.710+0000] {processor.py:183} INFO - Processing /opt/airflow/dags/00_ETLWeatherPrintAirflow2.py took 0.068 seconds
[2024-01-05T09:04:46.009+0000] {processor.py:161} INFO - Started process (PID=1997) to work on /opt/airflow/dags/00_ETLWeatherPrintAirflow2.py
[2024-01-05T09:04:46.012+0000] {processor.py:830} INFO - Processing file /opt/airflow/dags/00_ETLWeatherPrintAirflow2.py for tasks to queue
[2024-01-05T09:04:46.013+0000] {logging_mixin.py:188} INFO - [2024-01-05T09:04:46.013+0000] {dagbag.py:538} INFO - Filling up the DagBag from /opt/airflow/dags/00_ETLWeatherPrintAirflow2.py
[2024-01-05T09:04:46.033+0000] {logging_mixin.py:188} INFO - [2024-01-05T09:04:46.029+0000] {dagbag.py:348} ERROR - Failed to import: /opt/airflow/dags/00_ETLWeatherPrintAirflow2.py
Traceback (most recent call last):
  File "/home/airflow/.local/lib/python3.8/site-packages/airflow/models/dagbag.py", line 344, in parse
    loader.exec_module(new_module)
  File "<frozen importlib._bootstrap_external>", line 843, in exec_module
  File "<frozen importlib._bootstrap>", line 219, in _call_with_frames_removed
  File "/opt/airflow/dags/00_ETLWeatherPrintAirflow2.py", line 14, in <module>
    from transformer import transform_weatherAPI
ModuleNotFoundError: No module named 'transformer'
[2024-01-05T09:04:46.035+0000] {processor.py:842} WARNING - No viable dags retrieved from /opt/airflow/dags/00_ETLWeatherPrintAirflow2.py
[2024-01-05T09:04:46.072+0000] {processor.py:183} INFO - Processing /opt/airflow/dags/00_ETLWeatherPrintAirflow2.py took 0.069 seconds
[2024-01-05T09:05:16.660+0000] {processor.py:161} INFO - Started process (PID=2259) to work on /opt/airflow/dags/00_ETLWeatherPrintAirflow2.py
[2024-01-05T09:05:16.661+0000] {processor.py:830} INFO - Processing file /opt/airflow/dags/00_ETLWeatherPrintAirflow2.py for tasks to queue
[2024-01-05T09:05:16.662+0000] {logging_mixin.py:188} INFO - [2024-01-05T09:05:16.662+0000] {dagbag.py:538} INFO - Filling up the DagBag from /opt/airflow/dags/00_ETLWeatherPrintAirflow2.py
[2024-01-05T09:05:16.681+0000] {logging_mixin.py:188} INFO - [2024-01-05T09:05:16.678+0000] {dagbag.py:348} ERROR - Failed to import: /opt/airflow/dags/00_ETLWeatherPrintAirflow2.py
Traceback (most recent call last):
  File "/home/airflow/.local/lib/python3.8/site-packages/airflow/models/dagbag.py", line 344, in parse
    loader.exec_module(new_module)
  File "<frozen importlib._bootstrap_external>", line 843, in exec_module
  File "<frozen importlib._bootstrap>", line 219, in _call_with_frames_removed
  File "/opt/airflow/dags/00_ETLWeatherPrintAirflow2.py", line 14, in <module>
    from transformer import transform_weatherAPI
ModuleNotFoundError: No module named 'transformer'
[2024-01-05T09:05:16.683+0000] {processor.py:842} WARNING - No viable dags retrieved from /opt/airflow/dags/00_ETLWeatherPrintAirflow2.py
[2024-01-05T09:05:16.708+0000] {processor.py:183} INFO - Processing /opt/airflow/dags/00_ETLWeatherPrintAirflow2.py took 0.054 seconds
[2024-01-05T09:05:47.028+0000] {processor.py:161} INFO - Started process (PID=2521) to work on /opt/airflow/dags/00_ETLWeatherPrintAirflow2.py
[2024-01-05T09:05:47.030+0000] {processor.py:830} INFO - Processing file /opt/airflow/dags/00_ETLWeatherPrintAirflow2.py for tasks to queue
[2024-01-05T09:05:47.031+0000] {logging_mixin.py:188} INFO - [2024-01-05T09:05:47.031+0000] {dagbag.py:538} INFO - Filling up the DagBag from /opt/airflow/dags/00_ETLWeatherPrintAirflow2.py
[2024-01-05T09:05:47.048+0000] {logging_mixin.py:188} INFO - [2024-01-05T09:05:47.044+0000] {dagbag.py:348} ERROR - Failed to import: /opt/airflow/dags/00_ETLWeatherPrintAirflow2.py
Traceback (most recent call last):
  File "/home/airflow/.local/lib/python3.8/site-packages/airflow/models/dagbag.py", line 344, in parse
    loader.exec_module(new_module)
  File "<frozen importlib._bootstrap_external>", line 843, in exec_module
  File "<frozen importlib._bootstrap>", line 219, in _call_with_frames_removed
  File "/opt/airflow/dags/00_ETLWeatherPrintAirflow2.py", line 14, in <module>
    from transformer import transform_weatherAPI
ModuleNotFoundError: No module named 'transformer'
[2024-01-05T09:05:47.049+0000] {processor.py:842} WARNING - No viable dags retrieved from /opt/airflow/dags/00_ETLWeatherPrintAirflow2.py
[2024-01-05T09:05:47.076+0000] {processor.py:183} INFO - Processing /opt/airflow/dags/00_ETLWeatherPrintAirflow2.py took 0.052 seconds
[2024-01-05T09:06:17.473+0000] {processor.py:161} INFO - Started process (PID=2783) to work on /opt/airflow/dags/00_ETLWeatherPrintAirflow2.py
[2024-01-05T09:06:17.474+0000] {processor.py:830} INFO - Processing file /opt/airflow/dags/00_ETLWeatherPrintAirflow2.py for tasks to queue
[2024-01-05T09:06:17.476+0000] {logging_mixin.py:188} INFO - [2024-01-05T09:06:17.476+0000] {dagbag.py:538} INFO - Filling up the DagBag from /opt/airflow/dags/00_ETLWeatherPrintAirflow2.py
[2024-01-05T09:06:17.537+0000] {logging_mixin.py:188} INFO - [2024-01-05T09:06:17.532+0000] {dagbag.py:348} ERROR - Failed to import: /opt/airflow/dags/00_ETLWeatherPrintAirflow2.py
Traceback (most recent call last):
  File "/home/airflow/.local/lib/python3.8/site-packages/airflow/models/dagbag.py", line 344, in parse
    loader.exec_module(new_module)
  File "<frozen importlib._bootstrap_external>", line 843, in exec_module
  File "<frozen importlib._bootstrap>", line 219, in _call_with_frames_removed
  File "/opt/airflow/dags/00_ETLWeatherPrintAirflow2.py", line 14, in <module>
    from transformer import transform_weatherAPI
ModuleNotFoundError: No module named 'transformer'
[2024-01-05T09:06:17.541+0000] {processor.py:842} WARNING - No viable dags retrieved from /opt/airflow/dags/00_ETLWeatherPrintAirflow2.py
[2024-01-05T09:06:17.580+0000] {processor.py:183} INFO - Processing /opt/airflow/dags/00_ETLWeatherPrintAirflow2.py took 0.112 seconds
[2024-01-05T09:06:47.727+0000] {processor.py:161} INFO - Started process (PID=3045) to work on /opt/airflow/dags/00_ETLWeatherPrintAirflow2.py
[2024-01-05T09:06:47.728+0000] {processor.py:830} INFO - Processing file /opt/airflow/dags/00_ETLWeatherPrintAirflow2.py for tasks to queue
[2024-01-05T09:06:47.731+0000] {logging_mixin.py:188} INFO - [2024-01-05T09:06:47.730+0000] {dagbag.py:538} INFO - Filling up the DagBag from /opt/airflow/dags/00_ETLWeatherPrintAirflow2.py
[2024-01-05T09:06:47.750+0000] {logging_mixin.py:188} INFO - [2024-01-05T09:06:47.744+0000] {dagbag.py:348} ERROR - Failed to import: /opt/airflow/dags/00_ETLWeatherPrintAirflow2.py
Traceback (most recent call last):
  File "/home/airflow/.local/lib/python3.8/site-packages/airflow/models/dagbag.py", line 344, in parse
    loader.exec_module(new_module)
  File "<frozen importlib._bootstrap_external>", line 843, in exec_module
  File "<frozen importlib._bootstrap>", line 219, in _call_with_frames_removed
  File "/opt/airflow/dags/00_ETLWeatherPrintAirflow2.py", line 14, in <module>
    from transformer import transform_weatherAPI
ModuleNotFoundError: No module named 'transformer'
[2024-01-05T09:06:47.751+0000] {processor.py:842} WARNING - No viable dags retrieved from /opt/airflow/dags/00_ETLWeatherPrintAirflow2.py
[2024-01-05T09:06:47.784+0000] {processor.py:183} INFO - Processing /opt/airflow/dags/00_ETLWeatherPrintAirflow2.py took 0.063 seconds
[2024-01-05T09:07:18.093+0000] {processor.py:161} INFO - Started process (PID=3307) to work on /opt/airflow/dags/00_ETLWeatherPrintAirflow2.py
[2024-01-05T09:07:18.096+0000] {processor.py:830} INFO - Processing file /opt/airflow/dags/00_ETLWeatherPrintAirflow2.py for tasks to queue
[2024-01-05T09:07:18.097+0000] {logging_mixin.py:188} INFO - [2024-01-05T09:07:18.097+0000] {dagbag.py:538} INFO - Filling up the DagBag from /opt/airflow/dags/00_ETLWeatherPrintAirflow2.py
[2024-01-05T09:07:18.118+0000] {logging_mixin.py:188} INFO - [2024-01-05T09:07:18.113+0000] {dagbag.py:348} ERROR - Failed to import: /opt/airflow/dags/00_ETLWeatherPrintAirflow2.py
Traceback (most recent call last):
  File "/home/airflow/.local/lib/python3.8/site-packages/airflow/models/dagbag.py", line 344, in parse
    loader.exec_module(new_module)
  File "<frozen importlib._bootstrap_external>", line 843, in exec_module
  File "<frozen importlib._bootstrap>", line 219, in _call_with_frames_removed
  File "/opt/airflow/dags/00_ETLWeatherPrintAirflow2.py", line 14, in <module>
    from transformer import transform_weatherAPI
ModuleNotFoundError: No module named 'transformer'
[2024-01-05T09:07:18.120+0000] {processor.py:842} WARNING - No viable dags retrieved from /opt/airflow/dags/00_ETLWeatherPrintAirflow2.py
[2024-01-05T09:07:18.151+0000] {processor.py:183} INFO - Processing /opt/airflow/dags/00_ETLWeatherPrintAirflow2.py took 0.064 seconds
[2024-01-05T09:07:48.390+0000] {processor.py:161} INFO - Started process (PID=3569) to work on /opt/airflow/dags/00_ETLWeatherPrintAirflow2.py
[2024-01-05T09:07:48.391+0000] {processor.py:830} INFO - Processing file /opt/airflow/dags/00_ETLWeatherPrintAirflow2.py for tasks to queue
[2024-01-05T09:07:48.393+0000] {logging_mixin.py:188} INFO - [2024-01-05T09:07:48.393+0000] {dagbag.py:538} INFO - Filling up the DagBag from /opt/airflow/dags/00_ETLWeatherPrintAirflow2.py
[2024-01-05T09:07:48.415+0000] {logging_mixin.py:188} INFO - [2024-01-05T09:07:48.410+0000] {dagbag.py:348} ERROR - Failed to import: /opt/airflow/dags/00_ETLWeatherPrintAirflow2.py
Traceback (most recent call last):
  File "/home/airflow/.local/lib/python3.8/site-packages/airflow/models/dagbag.py", line 344, in parse
    loader.exec_module(new_module)
  File "<frozen importlib._bootstrap_external>", line 843, in exec_module
  File "<frozen importlib._bootstrap>", line 219, in _call_with_frames_removed
  File "/opt/airflow/dags/00_ETLWeatherPrintAirflow2.py", line 14, in <module>
    from transformer import transform_weatherAPI
ModuleNotFoundError: No module named 'transformer'
[2024-01-05T09:07:48.417+0000] {processor.py:842} WARNING - No viable dags retrieved from /opt/airflow/dags/00_ETLWeatherPrintAirflow2.py
[2024-01-05T09:07:48.448+0000] {processor.py:183} INFO - Processing /opt/airflow/dags/00_ETLWeatherPrintAirflow2.py took 0.065 seconds
[2024-01-05T09:08:19.243+0000] {processor.py:161} INFO - Started process (PID=3831) to work on /opt/airflow/dags/00_ETLWeatherPrintAirflow2.py
[2024-01-05T09:08:19.244+0000] {processor.py:830} INFO - Processing file /opt/airflow/dags/00_ETLWeatherPrintAirflow2.py for tasks to queue
[2024-01-05T09:08:19.246+0000] {logging_mixin.py:188} INFO - [2024-01-05T09:08:19.245+0000] {dagbag.py:538} INFO - Filling up the DagBag from /opt/airflow/dags/00_ETLWeatherPrintAirflow2.py
[2024-01-05T09:08:19.326+0000] {logging_mixin.py:188} INFO - [2024-01-05T09:08:19.310+0000] {dagbag.py:348} ERROR - Failed to import: /opt/airflow/dags/00_ETLWeatherPrintAirflow2.py
Traceback (most recent call last):
  File "/home/airflow/.local/lib/python3.8/site-packages/airflow/models/dagbag.py", line 344, in parse
    loader.exec_module(new_module)
  File "<frozen importlib._bootstrap_external>", line 843, in exec_module
  File "<frozen importlib._bootstrap>", line 219, in _call_with_frames_removed
  File "/opt/airflow/dags/00_ETLWeatherPrintAirflow2.py", line 14, in <module>
    from transformer import transform_weatherAPI
ModuleNotFoundError: No module named 'transformer'
[2024-01-05T09:08:19.328+0000] {processor.py:842} WARNING - No viable dags retrieved from /opt/airflow/dags/00_ETLWeatherPrintAirflow2.py
[2024-01-05T09:08:19.364+0000] {processor.py:183} INFO - Processing /opt/airflow/dags/00_ETLWeatherPrintAirflow2.py took 0.130 seconds
[2024-01-05T09:08:49.852+0000] {processor.py:161} INFO - Started process (PID=4093) to work on /opt/airflow/dags/00_ETLWeatherPrintAirflow2.py
[2024-01-05T09:08:49.854+0000] {processor.py:830} INFO - Processing file /opt/airflow/dags/00_ETLWeatherPrintAirflow2.py for tasks to queue
[2024-01-05T09:08:49.855+0000] {logging_mixin.py:188} INFO - [2024-01-05T09:08:49.854+0000] {dagbag.py:538} INFO - Filling up the DagBag from /opt/airflow/dags/00_ETLWeatherPrintAirflow2.py
[2024-01-05T09:08:49.871+0000] {logging_mixin.py:188} INFO - [2024-01-05T09:08:49.868+0000] {dagbag.py:348} ERROR - Failed to import: /opt/airflow/dags/00_ETLWeatherPrintAirflow2.py
Traceback (most recent call last):
  File "/home/airflow/.local/lib/python3.8/site-packages/airflow/models/dagbag.py", line 344, in parse
    loader.exec_module(new_module)
  File "<frozen importlib._bootstrap_external>", line 843, in exec_module
  File "<frozen importlib._bootstrap>", line 219, in _call_with_frames_removed
  File "/opt/airflow/dags/00_ETLWeatherPrintAirflow2.py", line 14, in <module>
    from transformer import transform_weatherAPI
ModuleNotFoundError: No module named 'transformer'
[2024-01-05T09:08:49.873+0000] {processor.py:842} WARNING - No viable dags retrieved from /opt/airflow/dags/00_ETLWeatherPrintAirflow2.py
[2024-01-05T09:08:49.901+0000] {processor.py:183} INFO - Processing /opt/airflow/dags/00_ETLWeatherPrintAirflow2.py took 0.053 seconds
[2024-01-05T09:09:20.412+0000] {processor.py:161} INFO - Started process (PID=4355) to work on /opt/airflow/dags/00_ETLWeatherPrintAirflow2.py
[2024-01-05T09:09:20.414+0000] {processor.py:830} INFO - Processing file /opt/airflow/dags/00_ETLWeatherPrintAirflow2.py for tasks to queue
[2024-01-05T09:09:20.417+0000] {logging_mixin.py:188} INFO - [2024-01-05T09:09:20.415+0000] {dagbag.py:538} INFO - Filling up the DagBag from /opt/airflow/dags/00_ETLWeatherPrintAirflow2.py
[2024-01-05T09:09:20.440+0000] {logging_mixin.py:188} INFO - [2024-01-05T09:09:20.434+0000] {dagbag.py:348} ERROR - Failed to import: /opt/airflow/dags/00_ETLWeatherPrintAirflow2.py
Traceback (most recent call last):
  File "/home/airflow/.local/lib/python3.8/site-packages/airflow/models/dagbag.py", line 344, in parse
    loader.exec_module(new_module)
  File "<frozen importlib._bootstrap_external>", line 843, in exec_module
  File "<frozen importlib._bootstrap>", line 219, in _call_with_frames_removed
  File "/opt/airflow/dags/00_ETLWeatherPrintAirflow2.py", line 14, in <module>
    from transformer import transform_weatherAPI
ModuleNotFoundError: No module named 'transformer'
[2024-01-05T09:09:20.442+0000] {processor.py:842} WARNING - No viable dags retrieved from /opt/airflow/dags/00_ETLWeatherPrintAirflow2.py
[2024-01-05T09:09:20.493+0000] {processor.py:183} INFO - Processing /opt/airflow/dags/00_ETLWeatherPrintAirflow2.py took 0.086 seconds
[2024-01-05T09:09:50.630+0000] {processor.py:161} INFO - Started process (PID=4617) to work on /opt/airflow/dags/00_ETLWeatherPrintAirflow2.py
[2024-01-05T09:09:50.632+0000] {processor.py:830} INFO - Processing file /opt/airflow/dags/00_ETLWeatherPrintAirflow2.py for tasks to queue
[2024-01-05T09:09:50.633+0000] {logging_mixin.py:188} INFO - [2024-01-05T09:09:50.633+0000] {dagbag.py:538} INFO - Filling up the DagBag from /opt/airflow/dags/00_ETLWeatherPrintAirflow2.py
[2024-01-05T09:09:50.650+0000] {logging_mixin.py:188} INFO - [2024-01-05T09:09:50.647+0000] {dagbag.py:348} ERROR - Failed to import: /opt/airflow/dags/00_ETLWeatherPrintAirflow2.py
Traceback (most recent call last):
  File "/home/airflow/.local/lib/python3.8/site-packages/airflow/models/dagbag.py", line 344, in parse
    loader.exec_module(new_module)
  File "<frozen importlib._bootstrap_external>", line 843, in exec_module
  File "<frozen importlib._bootstrap>", line 219, in _call_with_frames_removed
  File "/opt/airflow/dags/00_ETLWeatherPrintAirflow2.py", line 14, in <module>
    from transformer import transform_weatherAPI
ModuleNotFoundError: No module named 'transformer'
[2024-01-05T09:09:50.651+0000] {processor.py:842} WARNING - No viable dags retrieved from /opt/airflow/dags/00_ETLWeatherPrintAirflow2.py
[2024-01-05T09:09:50.680+0000] {processor.py:183} INFO - Processing /opt/airflow/dags/00_ETLWeatherPrintAirflow2.py took 0.055 seconds
[2024-01-05T09:10:20.991+0000] {processor.py:161} INFO - Started process (PID=4879) to work on /opt/airflow/dags/00_ETLWeatherPrintAirflow2.py
[2024-01-05T09:10:20.992+0000] {processor.py:830} INFO - Processing file /opt/airflow/dags/00_ETLWeatherPrintAirflow2.py for tasks to queue
[2024-01-05T09:10:20.993+0000] {logging_mixin.py:188} INFO - [2024-01-05T09:10:20.993+0000] {dagbag.py:538} INFO - Filling up the DagBag from /opt/airflow/dags/00_ETLWeatherPrintAirflow2.py
[2024-01-05T09:10:21.009+0000] {logging_mixin.py:188} INFO - [2024-01-05T09:10:21.006+0000] {dagbag.py:348} ERROR - Failed to import: /opt/airflow/dags/00_ETLWeatherPrintAirflow2.py
Traceback (most recent call last):
  File "/home/airflow/.local/lib/python3.8/site-packages/airflow/models/dagbag.py", line 344, in parse
    loader.exec_module(new_module)
  File "<frozen importlib._bootstrap_external>", line 843, in exec_module
  File "<frozen importlib._bootstrap>", line 219, in _call_with_frames_removed
  File "/opt/airflow/dags/00_ETLWeatherPrintAirflow2.py", line 14, in <module>
    from transformer import transform_weatherAPI
ModuleNotFoundError: No module named 'transformer'
[2024-01-05T09:10:21.010+0000] {processor.py:842} WARNING - No viable dags retrieved from /opt/airflow/dags/00_ETLWeatherPrintAirflow2.py
[2024-01-05T09:10:21.040+0000] {processor.py:183} INFO - Processing /opt/airflow/dags/00_ETLWeatherPrintAirflow2.py took 0.055 seconds
[2024-01-05T09:10:51.498+0000] {processor.py:161} INFO - Started process (PID=5141) to work on /opt/airflow/dags/00_ETLWeatherPrintAirflow2.py
[2024-01-05T09:10:51.499+0000] {processor.py:830} INFO - Processing file /opt/airflow/dags/00_ETLWeatherPrintAirflow2.py for tasks to queue
[2024-01-05T09:10:51.500+0000] {logging_mixin.py:188} INFO - [2024-01-05T09:10:51.500+0000] {dagbag.py:538} INFO - Filling up the DagBag from /opt/airflow/dags/00_ETLWeatherPrintAirflow2.py
[2024-01-05T09:10:51.519+0000] {logging_mixin.py:188} INFO - [2024-01-05T09:10:51.514+0000] {dagbag.py:348} ERROR - Failed to import: /opt/airflow/dags/00_ETLWeatherPrintAirflow2.py
Traceback (most recent call last):
  File "/home/airflow/.local/lib/python3.8/site-packages/airflow/models/dagbag.py", line 344, in parse
    loader.exec_module(new_module)
  File "<frozen importlib._bootstrap_external>", line 843, in exec_module
  File "<frozen importlib._bootstrap>", line 219, in _call_with_frames_removed
  File "/opt/airflow/dags/00_ETLWeatherPrintAirflow2.py", line 14, in <module>
    from transformer import transform_weatherAPI
ModuleNotFoundError: No module named 'transformer'
[2024-01-05T09:10:51.521+0000] {processor.py:842} WARNING - No viable dags retrieved from /opt/airflow/dags/00_ETLWeatherPrintAirflow2.py
[2024-01-05T09:10:51.548+0000] {processor.py:183} INFO - Processing /opt/airflow/dags/00_ETLWeatherPrintAirflow2.py took 0.055 seconds
[2024-01-05T09:11:21.829+0000] {processor.py:161} INFO - Started process (PID=5403) to work on /opt/airflow/dags/00_ETLWeatherPrintAirflow2.py
[2024-01-05T09:11:21.830+0000] {processor.py:830} INFO - Processing file /opt/airflow/dags/00_ETLWeatherPrintAirflow2.py for tasks to queue
[2024-01-05T09:11:21.831+0000] {logging_mixin.py:188} INFO - [2024-01-05T09:11:21.831+0000] {dagbag.py:538} INFO - Filling up the DagBag from /opt/airflow/dags/00_ETLWeatherPrintAirflow2.py
[2024-01-05T09:11:21.846+0000] {logging_mixin.py:188} INFO - [2024-01-05T09:11:21.843+0000] {dagbag.py:348} ERROR - Failed to import: /opt/airflow/dags/00_ETLWeatherPrintAirflow2.py
Traceback (most recent call last):
  File "/home/airflow/.local/lib/python3.8/site-packages/airflow/models/dagbag.py", line 344, in parse
    loader.exec_module(new_module)
  File "<frozen importlib._bootstrap_external>", line 843, in exec_module
  File "<frozen importlib._bootstrap>", line 219, in _call_with_frames_removed
  File "/opt/airflow/dags/00_ETLWeatherPrintAirflow2.py", line 14, in <module>
    from transformer import transform_weatherAPI
ModuleNotFoundError: No module named 'transformer'
[2024-01-05T09:11:21.847+0000] {processor.py:842} WARNING - No viable dags retrieved from /opt/airflow/dags/00_ETLWeatherPrintAirflow2.py
[2024-01-05T09:11:21.876+0000] {processor.py:183} INFO - Processing /opt/airflow/dags/00_ETLWeatherPrintAirflow2.py took 0.051 seconds
[2024-01-05T09:11:52.171+0000] {processor.py:161} INFO - Started process (PID=5665) to work on /opt/airflow/dags/00_ETLWeatherPrintAirflow2.py
[2024-01-05T09:11:52.172+0000] {processor.py:830} INFO - Processing file /opt/airflow/dags/00_ETLWeatherPrintAirflow2.py for tasks to queue
[2024-01-05T09:11:52.174+0000] {logging_mixin.py:188} INFO - [2024-01-05T09:11:52.173+0000] {dagbag.py:538} INFO - Filling up the DagBag from /opt/airflow/dags/00_ETLWeatherPrintAirflow2.py
[2024-01-05T09:11:52.193+0000] {logging_mixin.py:188} INFO - [2024-01-05T09:11:52.190+0000] {dagbag.py:348} ERROR - Failed to import: /opt/airflow/dags/00_ETLWeatherPrintAirflow2.py
Traceback (most recent call last):
  File "/home/airflow/.local/lib/python3.8/site-packages/airflow/models/dagbag.py", line 344, in parse
    loader.exec_module(new_module)
  File "<frozen importlib._bootstrap_external>", line 843, in exec_module
  File "<frozen importlib._bootstrap>", line 219, in _call_with_frames_removed
  File "/opt/airflow/dags/00_ETLWeatherPrintAirflow2.py", line 14, in <module>
    from transformer import transform_weatherAPI
ModuleNotFoundError: No module named 'transformer'
[2024-01-05T09:11:52.195+0000] {processor.py:842} WARNING - No viable dags retrieved from /opt/airflow/dags/00_ETLWeatherPrintAirflow2.py
[2024-01-05T09:11:52.234+0000] {processor.py:183} INFO - Processing /opt/airflow/dags/00_ETLWeatherPrintAirflow2.py took 0.067 seconds
[2024-01-05T09:12:22.523+0000] {processor.py:161} INFO - Started process (PID=5927) to work on /opt/airflow/dags/00_ETLWeatherPrintAirflow2.py
[2024-01-05T09:12:22.524+0000] {processor.py:830} INFO - Processing file /opt/airflow/dags/00_ETLWeatherPrintAirflow2.py for tasks to queue
[2024-01-05T09:12:22.526+0000] {logging_mixin.py:188} INFO - [2024-01-05T09:12:22.525+0000] {dagbag.py:538} INFO - Filling up the DagBag from /opt/airflow/dags/00_ETLWeatherPrintAirflow2.py
[2024-01-05T09:12:22.544+0000] {logging_mixin.py:188} INFO - [2024-01-05T09:12:22.540+0000] {dagbag.py:348} ERROR - Failed to import: /opt/airflow/dags/00_ETLWeatherPrintAirflow2.py
Traceback (most recent call last):
  File "/home/airflow/.local/lib/python3.8/site-packages/airflow/models/dagbag.py", line 344, in parse
    loader.exec_module(new_module)
  File "<frozen importlib._bootstrap_external>", line 843, in exec_module
  File "<frozen importlib._bootstrap>", line 219, in _call_with_frames_removed
  File "/opt/airflow/dags/00_ETLWeatherPrintAirflow2.py", line 14, in <module>
    from transformer import transform_weatherAPI
ModuleNotFoundError: No module named 'transformer'
[2024-01-05T09:12:22.546+0000] {processor.py:842} WARNING - No viable dags retrieved from /opt/airflow/dags/00_ETLWeatherPrintAirflow2.py
[2024-01-05T09:12:22.572+0000] {processor.py:183} INFO - Processing /opt/airflow/dags/00_ETLWeatherPrintAirflow2.py took 0.056 seconds
[2024-01-05T09:12:52.647+0000] {processor.py:161} INFO - Started process (PID=6189) to work on /opt/airflow/dags/00_ETLWeatherPrintAirflow2.py
[2024-01-05T09:12:52.649+0000] {processor.py:830} INFO - Processing file /opt/airflow/dags/00_ETLWeatherPrintAirflow2.py for tasks to queue
[2024-01-05T09:12:52.650+0000] {logging_mixin.py:188} INFO - [2024-01-05T09:12:52.650+0000] {dagbag.py:538} INFO - Filling up the DagBag from /opt/airflow/dags/00_ETLWeatherPrintAirflow2.py
[2024-01-05T09:12:52.672+0000] {logging_mixin.py:188} INFO - [2024-01-05T09:12:52.668+0000] {dagbag.py:348} ERROR - Failed to import: /opt/airflow/dags/00_ETLWeatherPrintAirflow2.py
Traceback (most recent call last):
  File "/home/airflow/.local/lib/python3.8/site-packages/airflow/models/dagbag.py", line 344, in parse
    loader.exec_module(new_module)
  File "<frozen importlib._bootstrap_external>", line 843, in exec_module
  File "<frozen importlib._bootstrap>", line 219, in _call_with_frames_removed
  File "/opt/airflow/dags/00_ETLWeatherPrintAirflow2.py", line 14, in <module>
    from transformer import transform_weatherAPI
ModuleNotFoundError: No module named 'transformer'
[2024-01-05T09:12:52.673+0000] {processor.py:842} WARNING - No viable dags retrieved from /opt/airflow/dags/00_ETLWeatherPrintAirflow2.py
[2024-01-05T09:12:52.699+0000] {processor.py:183} INFO - Processing /opt/airflow/dags/00_ETLWeatherPrintAirflow2.py took 0.056 seconds
[2024-01-05T09:13:22.759+0000] {processor.py:161} INFO - Started process (PID=6451) to work on /opt/airflow/dags/00_ETLWeatherPrintAirflow2.py
[2024-01-05T09:13:22.761+0000] {processor.py:830} INFO - Processing file /opt/airflow/dags/00_ETLWeatherPrintAirflow2.py for tasks to queue
[2024-01-05T09:13:22.762+0000] {logging_mixin.py:188} INFO - [2024-01-05T09:13:22.762+0000] {dagbag.py:538} INFO - Filling up the DagBag from /opt/airflow/dags/00_ETLWeatherPrintAirflow2.py
[2024-01-05T09:13:22.783+0000] {logging_mixin.py:188} INFO - [2024-01-05T09:13:22.779+0000] {dagbag.py:348} ERROR - Failed to import: /opt/airflow/dags/00_ETLWeatherPrintAirflow2.py
Traceback (most recent call last):
  File "/home/airflow/.local/lib/python3.8/site-packages/airflow/models/dagbag.py", line 344, in parse
    loader.exec_module(new_module)
  File "<frozen importlib._bootstrap_external>", line 843, in exec_module
  File "<frozen importlib._bootstrap>", line 219, in _call_with_frames_removed
  File "/opt/airflow/dags/00_ETLWeatherPrintAirflow2.py", line 14, in <module>
    from transformer import transform_weatherAPI
ModuleNotFoundError: No module named 'transformer'
[2024-01-05T09:13:22.784+0000] {processor.py:842} WARNING - No viable dags retrieved from /opt/airflow/dags/00_ETLWeatherPrintAirflow2.py
[2024-01-05T09:13:22.810+0000] {processor.py:183} INFO - Processing /opt/airflow/dags/00_ETLWeatherPrintAirflow2.py took 0.056 seconds
[2024-01-05T09:13:53.188+0000] {processor.py:161} INFO - Started process (PID=6714) to work on /opt/airflow/dags/00_ETLWeatherPrintAirflow2.py
[2024-01-05T09:13:53.190+0000] {processor.py:830} INFO - Processing file /opt/airflow/dags/00_ETLWeatherPrintAirflow2.py for tasks to queue
[2024-01-05T09:13:53.191+0000] {logging_mixin.py:188} INFO - [2024-01-05T09:13:53.191+0000] {dagbag.py:538} INFO - Filling up the DagBag from /opt/airflow/dags/00_ETLWeatherPrintAirflow2.py
[2024-01-05T09:13:53.212+0000] {logging_mixin.py:188} INFO - [2024-01-05T09:13:53.209+0000] {dagbag.py:348} ERROR - Failed to import: /opt/airflow/dags/00_ETLWeatherPrintAirflow2.py
Traceback (most recent call last):
  File "/home/airflow/.local/lib/python3.8/site-packages/airflow/models/dagbag.py", line 344, in parse
    loader.exec_module(new_module)
  File "<frozen importlib._bootstrap_external>", line 843, in exec_module
  File "<frozen importlib._bootstrap>", line 219, in _call_with_frames_removed
  File "/opt/airflow/dags/00_ETLWeatherPrintAirflow2.py", line 14, in <module>
    from transformer import transform_weatherAPI
ModuleNotFoundError: No module named 'transformer'
[2024-01-05T09:13:53.214+0000] {processor.py:842} WARNING - No viable dags retrieved from /opt/airflow/dags/00_ETLWeatherPrintAirflow2.py
[2024-01-05T09:13:53.243+0000] {processor.py:183} INFO - Processing /opt/airflow/dags/00_ETLWeatherPrintAirflow2.py took 0.059 seconds
[2024-01-05T09:14:23.442+0000] {processor.py:161} INFO - Started process (PID=6975) to work on /opt/airflow/dags/00_ETLWeatherPrintAirflow2.py
[2024-01-05T09:14:23.444+0000] {processor.py:830} INFO - Processing file /opt/airflow/dags/00_ETLWeatherPrintAirflow2.py for tasks to queue
[2024-01-05T09:14:23.445+0000] {logging_mixin.py:188} INFO - [2024-01-05T09:14:23.445+0000] {dagbag.py:538} INFO - Filling up the DagBag from /opt/airflow/dags/00_ETLWeatherPrintAirflow2.py
[2024-01-05T09:14:23.466+0000] {logging_mixin.py:188} INFO - [2024-01-05T09:14:23.462+0000] {dagbag.py:348} ERROR - Failed to import: /opt/airflow/dags/00_ETLWeatherPrintAirflow2.py
Traceback (most recent call last):
  File "/home/airflow/.local/lib/python3.8/site-packages/airflow/models/dagbag.py", line 344, in parse
    loader.exec_module(new_module)
  File "<frozen importlib._bootstrap_external>", line 843, in exec_module
  File "<frozen importlib._bootstrap>", line 219, in _call_with_frames_removed
  File "/opt/airflow/dags/00_ETLWeatherPrintAirflow2.py", line 14, in <module>
    from transformer import transform_weatherAPI
ModuleNotFoundError: No module named 'transformer'
[2024-01-05T09:14:23.469+0000] {processor.py:842} WARNING - No viable dags retrieved from /opt/airflow/dags/00_ETLWeatherPrintAirflow2.py
[2024-01-05T09:14:23.494+0000] {processor.py:183} INFO - Processing /opt/airflow/dags/00_ETLWeatherPrintAirflow2.py took 0.056 seconds
[2024-01-05T09:14:53.633+0000] {processor.py:161} INFO - Started process (PID=7238) to work on /opt/airflow/dags/00_ETLWeatherPrintAirflow2.py
[2024-01-05T09:14:53.634+0000] {processor.py:830} INFO - Processing file /opt/airflow/dags/00_ETLWeatherPrintAirflow2.py for tasks to queue
[2024-01-05T09:14:53.635+0000] {logging_mixin.py:188} INFO - [2024-01-05T09:14:53.635+0000] {dagbag.py:538} INFO - Filling up the DagBag from /opt/airflow/dags/00_ETLWeatherPrintAirflow2.py
[2024-01-05T09:14:53.656+0000] {logging_mixin.py:188} INFO - [2024-01-05T09:14:53.652+0000] {dagbag.py:348} ERROR - Failed to import: /opt/airflow/dags/00_ETLWeatherPrintAirflow2.py
Traceback (most recent call last):
  File "/home/airflow/.local/lib/python3.8/site-packages/airflow/models/dagbag.py", line 344, in parse
    loader.exec_module(new_module)
  File "<frozen importlib._bootstrap_external>", line 843, in exec_module
  File "<frozen importlib._bootstrap>", line 219, in _call_with_frames_removed
  File "/opt/airflow/dags/00_ETLWeatherPrintAirflow2.py", line 14, in <module>
    from transformer import transform_weatherAPI
ModuleNotFoundError: No module named 'transformer'
[2024-01-05T09:14:53.657+0000] {processor.py:842} WARNING - No viable dags retrieved from /opt/airflow/dags/00_ETLWeatherPrintAirflow2.py
[2024-01-05T09:14:53.683+0000] {processor.py:183} INFO - Processing /opt/airflow/dags/00_ETLWeatherPrintAirflow2.py took 0.055 seconds
[2024-01-05T09:15:23.738+0000] {processor.py:161} INFO - Started process (PID=7501) to work on /opt/airflow/dags/00_ETLWeatherPrintAirflow2.py
[2024-01-05T09:15:23.740+0000] {processor.py:830} INFO - Processing file /opt/airflow/dags/00_ETLWeatherPrintAirflow2.py for tasks to queue
[2024-01-05T09:15:23.741+0000] {logging_mixin.py:188} INFO - [2024-01-05T09:15:23.741+0000] {dagbag.py:538} INFO - Filling up the DagBag from /opt/airflow/dags/00_ETLWeatherPrintAirflow2.py
[2024-01-05T09:15:23.761+0000] {logging_mixin.py:188} INFO - [2024-01-05T09:15:23.757+0000] {dagbag.py:348} ERROR - Failed to import: /opt/airflow/dags/00_ETLWeatherPrintAirflow2.py
Traceback (most recent call last):
  File "/home/airflow/.local/lib/python3.8/site-packages/airflow/models/dagbag.py", line 344, in parse
    loader.exec_module(new_module)
  File "<frozen importlib._bootstrap_external>", line 843, in exec_module
  File "<frozen importlib._bootstrap>", line 219, in _call_with_frames_removed
  File "/opt/airflow/dags/00_ETLWeatherPrintAirflow2.py", line 14, in <module>
    from transformer import transform_weatherAPI
ModuleNotFoundError: No module named 'transformer'
[2024-01-05T09:15:23.763+0000] {processor.py:842} WARNING - No viable dags retrieved from /opt/airflow/dags/00_ETLWeatherPrintAirflow2.py
[2024-01-05T09:15:23.791+0000] {processor.py:183} INFO - Processing /opt/airflow/dags/00_ETLWeatherPrintAirflow2.py took 0.057 seconds
[2024-01-05T09:15:54.008+0000] {processor.py:161} INFO - Started process (PID=7763) to work on /opt/airflow/dags/00_ETLWeatherPrintAirflow2.py
[2024-01-05T09:15:54.010+0000] {processor.py:830} INFO - Processing file /opt/airflow/dags/00_ETLWeatherPrintAirflow2.py for tasks to queue
[2024-01-05T09:15:54.012+0000] {logging_mixin.py:188} INFO - [2024-01-05T09:15:54.011+0000] {dagbag.py:538} INFO - Filling up the DagBag from /opt/airflow/dags/00_ETLWeatherPrintAirflow2.py
[2024-01-05T09:15:54.033+0000] {logging_mixin.py:188} INFO - [2024-01-05T09:15:54.029+0000] {dagbag.py:348} ERROR - Failed to import: /opt/airflow/dags/00_ETLWeatherPrintAirflow2.py
Traceback (most recent call last):
  File "/home/airflow/.local/lib/python3.8/site-packages/airflow/models/dagbag.py", line 344, in parse
    loader.exec_module(new_module)
  File "<frozen importlib._bootstrap_external>", line 843, in exec_module
  File "<frozen importlib._bootstrap>", line 219, in _call_with_frames_removed
  File "/opt/airflow/dags/00_ETLWeatherPrintAirflow2.py", line 14, in <module>
    from transformer import transform_weatherAPI
ModuleNotFoundError: No module named 'transformer'
[2024-01-05T09:15:54.034+0000] {processor.py:842} WARNING - No viable dags retrieved from /opt/airflow/dags/00_ETLWeatherPrintAirflow2.py
[2024-01-05T09:15:54.067+0000] {processor.py:183} INFO - Processing /opt/airflow/dags/00_ETLWeatherPrintAirflow2.py took 0.064 seconds
[2024-01-05T09:16:24.425+0000] {processor.py:161} INFO - Started process (PID=8025) to work on /opt/airflow/dags/00_ETLWeatherPrintAirflow2.py
[2024-01-05T09:16:24.427+0000] {processor.py:830} INFO - Processing file /opt/airflow/dags/00_ETLWeatherPrintAirflow2.py for tasks to queue
[2024-01-05T09:16:24.428+0000] {logging_mixin.py:188} INFO - [2024-01-05T09:16:24.428+0000] {dagbag.py:538} INFO - Filling up the DagBag from /opt/airflow/dags/00_ETLWeatherPrintAirflow2.py
[2024-01-05T09:16:24.459+0000] {logging_mixin.py:188} INFO - [2024-01-05T09:16:24.455+0000] {dagbag.py:348} ERROR - Failed to import: /opt/airflow/dags/00_ETLWeatherPrintAirflow2.py
Traceback (most recent call last):
  File "/home/airflow/.local/lib/python3.8/site-packages/airflow/models/dagbag.py", line 344, in parse
    loader.exec_module(new_module)
  File "<frozen importlib._bootstrap_external>", line 843, in exec_module
  File "<frozen importlib._bootstrap>", line 219, in _call_with_frames_removed
  File "/opt/airflow/dags/00_ETLWeatherPrintAirflow2.py", line 14, in <module>
    from transformer import transform_weatherAPI
ModuleNotFoundError: No module named 'transformer'
[2024-01-05T09:16:24.460+0000] {processor.py:842} WARNING - No viable dags retrieved from /opt/airflow/dags/00_ETLWeatherPrintAirflow2.py
[2024-01-05T09:16:24.495+0000] {processor.py:183} INFO - Processing /opt/airflow/dags/00_ETLWeatherPrintAirflow2.py took 0.074 seconds
[2024-01-05T09:16:54.707+0000] {processor.py:161} INFO - Started process (PID=8288) to work on /opt/airflow/dags/00_ETLWeatherPrintAirflow2.py
[2024-01-05T09:16:54.709+0000] {processor.py:830} INFO - Processing file /opt/airflow/dags/00_ETLWeatherPrintAirflow2.py for tasks to queue
[2024-01-05T09:16:54.713+0000] {logging_mixin.py:188} INFO - [2024-01-05T09:16:54.713+0000] {dagbag.py:538} INFO - Filling up the DagBag from /opt/airflow/dags/00_ETLWeatherPrintAirflow2.py
[2024-01-05T09:16:54.742+0000] {logging_mixin.py:188} INFO - [2024-01-05T09:16:54.738+0000] {dagbag.py:348} ERROR - Failed to import: /opt/airflow/dags/00_ETLWeatherPrintAirflow2.py
Traceback (most recent call last):
  File "/home/airflow/.local/lib/python3.8/site-packages/airflow/models/dagbag.py", line 344, in parse
    loader.exec_module(new_module)
  File "<frozen importlib._bootstrap_external>", line 843, in exec_module
  File "<frozen importlib._bootstrap>", line 219, in _call_with_frames_removed
  File "/opt/airflow/dags/00_ETLWeatherPrintAirflow2.py", line 14, in <module>
    from transformer import transform_weatherAPI
ModuleNotFoundError: No module named 'transformer'
[2024-01-05T09:16:54.746+0000] {processor.py:842} WARNING - No viable dags retrieved from /opt/airflow/dags/00_ETLWeatherPrintAirflow2.py
[2024-01-05T09:16:54.772+0000] {processor.py:183} INFO - Processing /opt/airflow/dags/00_ETLWeatherPrintAirflow2.py took 0.069 seconds
[2024-01-05T09:17:24.974+0000] {processor.py:161} INFO - Started process (PID=8550) to work on /opt/airflow/dags/00_ETLWeatherPrintAirflow2.py
[2024-01-05T09:17:24.977+0000] {processor.py:830} INFO - Processing file /opt/airflow/dags/00_ETLWeatherPrintAirflow2.py for tasks to queue
[2024-01-05T09:17:24.979+0000] {logging_mixin.py:188} INFO - [2024-01-05T09:17:24.978+0000] {dagbag.py:538} INFO - Filling up the DagBag from /opt/airflow/dags/00_ETLWeatherPrintAirflow2.py
[2024-01-05T09:17:25.004+0000] {logging_mixin.py:188} INFO - [2024-01-05T09:17:25.000+0000] {dagbag.py:348} ERROR - Failed to import: /opt/airflow/dags/00_ETLWeatherPrintAirflow2.py
Traceback (most recent call last):
  File "/home/airflow/.local/lib/python3.8/site-packages/airflow/models/dagbag.py", line 344, in parse
    loader.exec_module(new_module)
  File "<frozen importlib._bootstrap_external>", line 843, in exec_module
  File "<frozen importlib._bootstrap>", line 219, in _call_with_frames_removed
  File "/opt/airflow/dags/00_ETLWeatherPrintAirflow2.py", line 14, in <module>
    from transformer import transform_weatherAPI
ModuleNotFoundError: No module named 'transformer'
[2024-01-05T09:17:25.005+0000] {processor.py:842} WARNING - No viable dags retrieved from /opt/airflow/dags/00_ETLWeatherPrintAirflow2.py
[2024-01-05T09:17:25.037+0000] {processor.py:183} INFO - Processing /opt/airflow/dags/00_ETLWeatherPrintAirflow2.py took 0.067 seconds
[2024-01-05T09:17:55.321+0000] {processor.py:161} INFO - Started process (PID=8812) to work on /opt/airflow/dags/00_ETLWeatherPrintAirflow2.py
[2024-01-05T09:17:55.323+0000] {processor.py:830} INFO - Processing file /opt/airflow/dags/00_ETLWeatherPrintAirflow2.py for tasks to queue
[2024-01-05T09:17:55.325+0000] {logging_mixin.py:188} INFO - [2024-01-05T09:17:55.325+0000] {dagbag.py:538} INFO - Filling up the DagBag from /opt/airflow/dags/00_ETLWeatherPrintAirflow2.py
[2024-01-05T09:17:55.360+0000] {logging_mixin.py:188} INFO - [2024-01-05T09:17:55.353+0000] {dagbag.py:348} ERROR - Failed to import: /opt/airflow/dags/00_ETLWeatherPrintAirflow2.py
Traceback (most recent call last):
  File "/home/airflow/.local/lib/python3.8/site-packages/airflow/models/dagbag.py", line 344, in parse
    loader.exec_module(new_module)
  File "<frozen importlib._bootstrap_external>", line 843, in exec_module
  File "<frozen importlib._bootstrap>", line 219, in _call_with_frames_removed
  File "/opt/airflow/dags/00_ETLWeatherPrintAirflow2.py", line 14, in <module>
    from transformer import transform_weatherAPI
ModuleNotFoundError: No module named 'transformer'
[2024-01-05T09:17:55.363+0000] {processor.py:842} WARNING - No viable dags retrieved from /opt/airflow/dags/00_ETLWeatherPrintAirflow2.py
[2024-01-05T09:17:55.397+0000] {processor.py:183} INFO - Processing /opt/airflow/dags/00_ETLWeatherPrintAirflow2.py took 0.081 seconds
[2024-01-05T09:18:25.557+0000] {processor.py:161} INFO - Started process (PID=9074) to work on /opt/airflow/dags/00_ETLWeatherPrintAirflow2.py
[2024-01-05T09:18:25.559+0000] {processor.py:830} INFO - Processing file /opt/airflow/dags/00_ETLWeatherPrintAirflow2.py for tasks to queue
[2024-01-05T09:18:25.560+0000] {logging_mixin.py:188} INFO - [2024-01-05T09:18:25.560+0000] {dagbag.py:538} INFO - Filling up the DagBag from /opt/airflow/dags/00_ETLWeatherPrintAirflow2.py
[2024-01-05T09:18:25.587+0000] {logging_mixin.py:188} INFO - [2024-01-05T09:18:25.582+0000] {dagbag.py:348} ERROR - Failed to import: /opt/airflow/dags/00_ETLWeatherPrintAirflow2.py
Traceback (most recent call last):
  File "/home/airflow/.local/lib/python3.8/site-packages/airflow/models/dagbag.py", line 344, in parse
    loader.exec_module(new_module)
  File "<frozen importlib._bootstrap_external>", line 843, in exec_module
  File "<frozen importlib._bootstrap>", line 219, in _call_with_frames_removed
  File "/opt/airflow/dags/00_ETLWeatherPrintAirflow2.py", line 14, in <module>
    from transformer import transform_weatherAPI
ModuleNotFoundError: No module named 'transformer'
[2024-01-05T09:18:25.589+0000] {processor.py:842} WARNING - No viable dags retrieved from /opt/airflow/dags/00_ETLWeatherPrintAirflow2.py
[2024-01-05T09:18:25.618+0000] {processor.py:183} INFO - Processing /opt/airflow/dags/00_ETLWeatherPrintAirflow2.py took 0.065 seconds
[2024-01-05T09:18:55.896+0000] {processor.py:161} INFO - Started process (PID=9336) to work on /opt/airflow/dags/00_ETLWeatherPrintAirflow2.py
[2024-01-05T09:18:55.897+0000] {processor.py:830} INFO - Processing file /opt/airflow/dags/00_ETLWeatherPrintAirflow2.py for tasks to queue
[2024-01-05T09:18:55.899+0000] {logging_mixin.py:188} INFO - [2024-01-05T09:18:55.898+0000] {dagbag.py:538} INFO - Filling up the DagBag from /opt/airflow/dags/00_ETLWeatherPrintAirflow2.py
[2024-01-05T09:18:55.927+0000] {logging_mixin.py:188} INFO - [2024-01-05T09:18:55.922+0000] {dagbag.py:348} ERROR - Failed to import: /opt/airflow/dags/00_ETLWeatherPrintAirflow2.py
Traceback (most recent call last):
  File "/home/airflow/.local/lib/python3.8/site-packages/airflow/models/dagbag.py", line 344, in parse
    loader.exec_module(new_module)
  File "<frozen importlib._bootstrap_external>", line 843, in exec_module
  File "<frozen importlib._bootstrap>", line 219, in _call_with_frames_removed
  File "/opt/airflow/dags/00_ETLWeatherPrintAirflow2.py", line 14, in <module>
    from transformer import transform_weatherAPI
ModuleNotFoundError: No module named 'transformer'
[2024-01-05T09:18:55.928+0000] {processor.py:842} WARNING - No viable dags retrieved from /opt/airflow/dags/00_ETLWeatherPrintAirflow2.py
[2024-01-05T09:18:55.958+0000] {processor.py:183} INFO - Processing /opt/airflow/dags/00_ETLWeatherPrintAirflow2.py took 0.066 seconds
[2024-01-05T09:19:26.459+0000] {processor.py:161} INFO - Started process (PID=9598) to work on /opt/airflow/dags/00_ETLWeatherPrintAirflow2.py
[2024-01-05T09:19:26.461+0000] {processor.py:830} INFO - Processing file /opt/airflow/dags/00_ETLWeatherPrintAirflow2.py for tasks to queue
[2024-01-05T09:19:26.462+0000] {logging_mixin.py:188} INFO - [2024-01-05T09:19:26.462+0000] {dagbag.py:538} INFO - Filling up the DagBag from /opt/airflow/dags/00_ETLWeatherPrintAirflow2.py
[2024-01-05T09:19:26.485+0000] {logging_mixin.py:188} INFO - [2024-01-05T09:19:26.482+0000] {dagbag.py:348} ERROR - Failed to import: /opt/airflow/dags/00_ETLWeatherPrintAirflow2.py
Traceback (most recent call last):
  File "/home/airflow/.local/lib/python3.8/site-packages/airflow/models/dagbag.py", line 344, in parse
    loader.exec_module(new_module)
  File "<frozen importlib._bootstrap_external>", line 843, in exec_module
  File "<frozen importlib._bootstrap>", line 219, in _call_with_frames_removed
  File "/opt/airflow/dags/00_ETLWeatherPrintAirflow2.py", line 14, in <module>
    from transformer import transform_weatherAPI
ModuleNotFoundError: No module named 'transformer'
[2024-01-05T09:19:26.486+0000] {processor.py:842} WARNING - No viable dags retrieved from /opt/airflow/dags/00_ETLWeatherPrintAirflow2.py
[2024-01-05T09:19:26.531+0000] {processor.py:183} INFO - Processing /opt/airflow/dags/00_ETLWeatherPrintAirflow2.py took 0.076 seconds
[2024-01-05T09:19:56.908+0000] {processor.py:161} INFO - Started process (PID=9859) to work on /opt/airflow/dags/00_ETLWeatherPrintAirflow2.py
[2024-01-05T09:19:56.909+0000] {processor.py:830} INFO - Processing file /opt/airflow/dags/00_ETLWeatherPrintAirflow2.py for tasks to queue
[2024-01-05T09:19:56.911+0000] {logging_mixin.py:188} INFO - [2024-01-05T09:19:56.910+0000] {dagbag.py:538} INFO - Filling up the DagBag from /opt/airflow/dags/00_ETLWeatherPrintAirflow2.py
[2024-01-05T09:19:56.947+0000] {logging_mixin.py:188} INFO - [2024-01-05T09:19:56.941+0000] {dagbag.py:348} ERROR - Failed to import: /opt/airflow/dags/00_ETLWeatherPrintAirflow2.py
Traceback (most recent call last):
  File "/home/airflow/.local/lib/python3.8/site-packages/airflow/models/dagbag.py", line 344, in parse
    loader.exec_module(new_module)
  File "<frozen importlib._bootstrap_external>", line 843, in exec_module
  File "<frozen importlib._bootstrap>", line 219, in _call_with_frames_removed
  File "/opt/airflow/dags/00_ETLWeatherPrintAirflow2.py", line 14, in <module>
    from transformer import transform_weatherAPI
ModuleNotFoundError: No module named 'transformer'
[2024-01-05T09:19:56.949+0000] {processor.py:842} WARNING - No viable dags retrieved from /opt/airflow/dags/00_ETLWeatherPrintAirflow2.py
[2024-01-05T09:19:56.977+0000] {processor.py:183} INFO - Processing /opt/airflow/dags/00_ETLWeatherPrintAirflow2.py took 0.073 seconds
[2024-01-05T09:20:27.472+0000] {processor.py:161} INFO - Started process (PID=10121) to work on /opt/airflow/dags/00_ETLWeatherPrintAirflow2.py
[2024-01-05T09:20:27.474+0000] {processor.py:830} INFO - Processing file /opt/airflow/dags/00_ETLWeatherPrintAirflow2.py for tasks to queue
[2024-01-05T09:20:27.475+0000] {logging_mixin.py:188} INFO - [2024-01-05T09:20:27.475+0000] {dagbag.py:538} INFO - Filling up the DagBag from /opt/airflow/dags/00_ETLWeatherPrintAirflow2.py
[2024-01-05T09:20:27.497+0000] {logging_mixin.py:188} INFO - [2024-01-05T09:20:27.493+0000] {dagbag.py:348} ERROR - Failed to import: /opt/airflow/dags/00_ETLWeatherPrintAirflow2.py
Traceback (most recent call last):
  File "/home/airflow/.local/lib/python3.8/site-packages/airflow/models/dagbag.py", line 344, in parse
    loader.exec_module(new_module)
  File "<frozen importlib._bootstrap_external>", line 843, in exec_module
  File "<frozen importlib._bootstrap>", line 219, in _call_with_frames_removed
  File "/opt/airflow/dags/00_ETLWeatherPrintAirflow2.py", line 14, in <module>
    from transformer import transform_weatherAPI
ModuleNotFoundError: No module named 'transformer'
[2024-01-05T09:20:27.498+0000] {processor.py:842} WARNING - No viable dags retrieved from /opt/airflow/dags/00_ETLWeatherPrintAirflow2.py
[2024-01-05T09:20:27.532+0000] {processor.py:183} INFO - Processing /opt/airflow/dags/00_ETLWeatherPrintAirflow2.py took 0.064 seconds
[2024-01-05T09:20:57.944+0000] {processor.py:161} INFO - Started process (PID=10383) to work on /opt/airflow/dags/00_ETLWeatherPrintAirflow2.py
[2024-01-05T09:20:57.946+0000] {processor.py:830} INFO - Processing file /opt/airflow/dags/00_ETLWeatherPrintAirflow2.py for tasks to queue
[2024-01-05T09:20:57.947+0000] {logging_mixin.py:188} INFO - [2024-01-05T09:20:57.947+0000] {dagbag.py:538} INFO - Filling up the DagBag from /opt/airflow/dags/00_ETLWeatherPrintAirflow2.py
[2024-01-05T09:20:57.965+0000] {logging_mixin.py:188} INFO - [2024-01-05T09:20:57.962+0000] {dagbag.py:348} ERROR - Failed to import: /opt/airflow/dags/00_ETLWeatherPrintAirflow2.py
Traceback (most recent call last):
  File "/home/airflow/.local/lib/python3.8/site-packages/airflow/models/dagbag.py", line 344, in parse
    loader.exec_module(new_module)
  File "<frozen importlib._bootstrap_external>", line 843, in exec_module
  File "<frozen importlib._bootstrap>", line 219, in _call_with_frames_removed
  File "/opt/airflow/dags/00_ETLWeatherPrintAirflow2.py", line 14, in <module>
    from transformer import transform_weatherAPI
ModuleNotFoundError: No module named 'transformer'
[2024-01-05T09:20:57.966+0000] {processor.py:842} WARNING - No viable dags retrieved from /opt/airflow/dags/00_ETLWeatherPrintAirflow2.py
[2024-01-05T09:20:57.991+0000] {processor.py:183} INFO - Processing /opt/airflow/dags/00_ETLWeatherPrintAirflow2.py took 0.051 seconds
[2024-01-05T09:21:28.302+0000] {processor.py:161} INFO - Started process (PID=10645) to work on /opt/airflow/dags/00_ETLWeatherPrintAirflow2.py
[2024-01-05T09:21:28.307+0000] {processor.py:830} INFO - Processing file /opt/airflow/dags/00_ETLWeatherPrintAirflow2.py for tasks to queue
[2024-01-05T09:21:28.309+0000] {logging_mixin.py:188} INFO - [2024-01-05T09:21:28.308+0000] {dagbag.py:538} INFO - Filling up the DagBag from /opt/airflow/dags/00_ETLWeatherPrintAirflow2.py
[2024-01-05T09:21:28.342+0000] {logging_mixin.py:188} INFO - [2024-01-05T09:21:28.335+0000] {dagbag.py:348} ERROR - Failed to import: /opt/airflow/dags/00_ETLWeatherPrintAirflow2.py
Traceback (most recent call last):
  File "/home/airflow/.local/lib/python3.8/site-packages/airflow/models/dagbag.py", line 344, in parse
    loader.exec_module(new_module)
  File "<frozen importlib._bootstrap_external>", line 843, in exec_module
  File "<frozen importlib._bootstrap>", line 219, in _call_with_frames_removed
  File "/opt/airflow/dags/00_ETLWeatherPrintAirflow2.py", line 14, in <module>
    from transformer import transform_weatherAPI
ModuleNotFoundError: No module named 'transformer'
[2024-01-05T09:21:28.344+0000] {processor.py:842} WARNING - No viable dags retrieved from /opt/airflow/dags/00_ETLWeatherPrintAirflow2.py
[2024-01-05T09:21:28.376+0000] {processor.py:183} INFO - Processing /opt/airflow/dags/00_ETLWeatherPrintAirflow2.py took 0.080 seconds
[2024-01-05T09:21:58.852+0000] {processor.py:161} INFO - Started process (PID=10907) to work on /opt/airflow/dags/00_ETLWeatherPrintAirflow2.py
[2024-01-05T09:21:58.853+0000] {processor.py:830} INFO - Processing file /opt/airflow/dags/00_ETLWeatherPrintAirflow2.py for tasks to queue
[2024-01-05T09:21:58.854+0000] {logging_mixin.py:188} INFO - [2024-01-05T09:21:58.854+0000] {dagbag.py:538} INFO - Filling up the DagBag from /opt/airflow/dags/00_ETLWeatherPrintAirflow2.py
[2024-01-05T09:21:58.873+0000] {logging_mixin.py:188} INFO - [2024-01-05T09:21:58.870+0000] {dagbag.py:348} ERROR - Failed to import: /opt/airflow/dags/00_ETLWeatherPrintAirflow2.py
Traceback (most recent call last):
  File "/home/airflow/.local/lib/python3.8/site-packages/airflow/models/dagbag.py", line 344, in parse
    loader.exec_module(new_module)
  File "<frozen importlib._bootstrap_external>", line 843, in exec_module
  File "<frozen importlib._bootstrap>", line 219, in _call_with_frames_removed
  File "/opt/airflow/dags/00_ETLWeatherPrintAirflow2.py", line 14, in <module>
    from transformer import transform_weatherAPI
ModuleNotFoundError: No module named 'transformer'
[2024-01-05T09:21:58.875+0000] {processor.py:842} WARNING - No viable dags retrieved from /opt/airflow/dags/00_ETLWeatherPrintAirflow2.py
[2024-01-05T09:21:58.906+0000] {processor.py:183} INFO - Processing /opt/airflow/dags/00_ETLWeatherPrintAirflow2.py took 0.059 seconds
