[2024-01-05T20:48:24.882+0000] {logging_mixin.py:188} INFO - Changing /opt/***/logs/dag_id=User_counter/run_id=scheduled__2024-01-05T20:34:00+00:00/task_id=Insert permission to 509
[2024-01-05T20:48:24.883+0000] {logging_mixin.py:188} INFO - Failed to change /opt/***/logs/dag_id=User_counter/run_id=scheduled__2024-01-05T20:34:00+00:00/task_id=Insert permission to 509: [Errno 1] Operation not permitted: '/opt/***/logs/dag_id=User_counter/run_id=scheduled__2024-01-05T20:34:00+00:00/task_id=Insert'
[2024-01-05T20:48:24.969+0000] {logging_mixin.py:188} INFO - Changing /opt/***/logs/dag_id=User_counter/run_id=scheduled__2024-01-05T20:34:00+00:00/task_id=Insert permission to 509
[2024-01-05T20:48:24.970+0000] {logging_mixin.py:188} INFO - Failed to change /opt/***/logs/dag_id=User_counter/run_id=scheduled__2024-01-05T20:34:00+00:00/task_id=Insert permission to 509: [Errno 1] Operation not permitted: '/opt/***/logs/dag_id=User_counter/run_id=scheduled__2024-01-05T20:34:00+00:00/task_id=Insert'
[2024-01-05T20:48:25.213+0000] {taskinstance.py:1957} INFO - Dependencies all met for dep_context=non-requeueable deps ti=<TaskInstance: User_counter.Insert scheduled__2024-01-05T20:34:00+00:00 [queued]>
[2024-01-05T20:48:25.253+0000] {taskinstance.py:1957} INFO - Dependencies all met for dep_context=requeueable deps ti=<TaskInstance: User_counter.Insert scheduled__2024-01-05T20:34:00+00:00 [queued]>
[2024-01-05T20:48:25.254+0000] {taskinstance.py:2171} INFO - Starting attempt 2 of 2
[2024-01-05T20:48:25.333+0000] {taskinstance.py:2192} INFO - Executing <Task(PostgresOperator): Insert> on 2024-01-05 20:34:00+00:00
[2024-01-05T20:48:25.338+0000] {standard_task_runner.py:60} INFO - Started process 1629 to run task
[2024-01-05T20:48:25.350+0000] {standard_task_runner.py:87} INFO - Running: ['***', 'tasks', 'run', 'User_counter', 'Insert', 'scheduled__2024-01-05T20:34:00+00:00', '--job-id', '60', '--raw', '--subdir', 'DAGS_FOLDER/User_counter.py', '--cfg-path', '/tmp/tmpus4ynlt5']
[2024-01-05T20:48:25.353+0000] {standard_task_runner.py:88} INFO - Job 60: Subtask Insert
[2024-01-05T20:48:25.529+0000] {logging_mixin.py:188} INFO - Changing /opt/***/logs/dag_id=User_counter/run_id=scheduled__2024-01-05T20:34:00+00:00/task_id=Insert permission to 509
[2024-01-05T20:48:25.531+0000] {logging_mixin.py:188} INFO - Failed to change /opt/***/logs/dag_id=User_counter/run_id=scheduled__2024-01-05T20:34:00+00:00/task_id=Insert permission to 509: [Errno 1] Operation not permitted: '/opt/***/logs/dag_id=User_counter/run_id=scheduled__2024-01-05T20:34:00+00:00/task_id=Insert'
[2024-01-05T20:48:25.546+0000] {task_command.py:423} INFO - Running <TaskInstance: User_counter.Insert scheduled__2024-01-05T20:34:00+00:00 [running]> on host e91b89fa10db
[2024-01-05T20:48:25.865+0000] {taskinstance.py:2481} INFO - Exporting env vars: AIRFLOW_CTX_DAG_OWNER='Airflow' AIRFLOW_CTX_DAG_ID='User_counter' AIRFLOW_CTX_TASK_ID='Insert' AIRFLOW_CTX_EXECUTION_DATE='2024-01-05T20:34:00+00:00' AIRFLOW_CTX_TRY_NUMBER='2' AIRFLOW_CTX_DAG_RUN_ID='scheduled__2024-01-05T20:34:00+00:00'
[2024-01-05T20:48:25.868+0000] {sql.py:276} INFO - Executing: INSERT INTO users_count (count, date) 
        VALUES ((select count(id) from users) , %(date)s );
[2024-01-05T20:48:25.893+0000] {base.py:83} INFO - Using connection ID 'postgres_default' for task execution.
[2024-01-05T20:48:25.932+0000] {base.py:83} INFO - Using connection ID 'postgres_default' for task execution.
[2024-01-05T20:48:25.943+0000] {sql.py:432} INFO - Running statement: INSERT INTO users_count (count, date) 
        VALUES ((select count(id) from users) , %(date)s );, parameters: {'date': '2024-01-05 20:48:24'}
[2024-01-05T20:48:25.946+0000] {sql.py:441} INFO - Rows affected: 1
[2024-01-05T20:48:25.973+0000] {taskinstance.py:1138} INFO - Marking task as SUCCESS. dag_id=User_counter, task_id=Insert, execution_date=20240105T203400, start_date=20240105T204825, end_date=20240105T204825
[2024-01-05T20:48:26.055+0000] {local_task_job_runner.py:234} INFO - Task exited with return code 0
[2024-01-05T20:48:26.108+0000] {taskinstance.py:3281} INFO - 0 downstream tasks scheduled from follow-on schedule check
