[2024-01-06T14:06:02.360+0000] {logging_mixin.py:188} INFO - Changing /opt/***/logs/dag_id=User_counter/run_id=scheduled__2024-01-06T14:05:00+00:00/task_id=Insert permission to 509
[2024-01-06T14:06:02.360+0000] {logging_mixin.py:188} INFO - Failed to change /opt/***/logs/dag_id=User_counter/run_id=scheduled__2024-01-06T14:05:00+00:00/task_id=Insert permission to 509: [Errno 1] Operation not permitted: '/opt/***/logs/dag_id=User_counter/run_id=scheduled__2024-01-06T14:05:00+00:00/task_id=Insert'
[2024-01-06T14:06:02.393+0000] {logging_mixin.py:188} INFO - Changing /opt/***/logs/dag_id=User_counter/run_id=scheduled__2024-01-06T14:05:00+00:00/task_id=Insert permission to 509
[2024-01-06T14:06:02.394+0000] {logging_mixin.py:188} INFO - Failed to change /opt/***/logs/dag_id=User_counter/run_id=scheduled__2024-01-06T14:05:00+00:00/task_id=Insert permission to 509: [Errno 1] Operation not permitted: '/opt/***/logs/dag_id=User_counter/run_id=scheduled__2024-01-06T14:05:00+00:00/task_id=Insert'
[2024-01-06T14:06:02.441+0000] {taskinstance.py:1957} INFO - Dependencies all met for dep_context=non-requeueable deps ti=<TaskInstance: User_counter.Insert scheduled__2024-01-06T14:05:00+00:00 [queued]>
[2024-01-06T14:06:02.452+0000] {taskinstance.py:1957} INFO - Dependencies all met for dep_context=requeueable deps ti=<TaskInstance: User_counter.Insert scheduled__2024-01-06T14:05:00+00:00 [queued]>
[2024-01-06T14:06:02.452+0000] {taskinstance.py:2171} INFO - Starting attempt 1 of 2
[2024-01-06T14:06:02.471+0000] {taskinstance.py:2192} INFO - Executing <Task(PostgresOperator): Insert> on 2024-01-06 14:05:00+00:00
[2024-01-06T14:06:02.478+0000] {standard_task_runner.py:60} INFO - Started process 1599 to run task
[2024-01-06T14:06:02.483+0000] {standard_task_runner.py:87} INFO - Running: ['***', 'tasks', 'run', 'User_counter', 'Insert', 'scheduled__2024-01-06T14:05:00+00:00', '--job-id', '305', '--raw', '--subdir', 'DAGS_FOLDER/User_counter.py', '--cfg-path', '/tmp/tmpb2lgqb33']
[2024-01-06T14:06:02.487+0000] {standard_task_runner.py:88} INFO - Job 305: Subtask Insert
[2024-01-06T14:06:02.543+0000] {logging_mixin.py:188} INFO - Changing /opt/***/logs/dag_id=User_counter/run_id=scheduled__2024-01-06T14:05:00+00:00/task_id=Insert permission to 509
[2024-01-06T14:06:02.543+0000] {logging_mixin.py:188} INFO - Failed to change /opt/***/logs/dag_id=User_counter/run_id=scheduled__2024-01-06T14:05:00+00:00/task_id=Insert permission to 509: [Errno 1] Operation not permitted: '/opt/***/logs/dag_id=User_counter/run_id=scheduled__2024-01-06T14:05:00+00:00/task_id=Insert'
[2024-01-06T14:06:02.545+0000] {task_command.py:423} INFO - Running <TaskInstance: User_counter.Insert scheduled__2024-01-06T14:05:00+00:00 [running]> on host ca5b1c72379e
[2024-01-06T14:06:02.672+0000] {taskinstance.py:2481} INFO - Exporting env vars: AIRFLOW_CTX_DAG_OWNER='Airflow' AIRFLOW_CTX_DAG_ID='User_counter' AIRFLOW_CTX_TASK_ID='Insert' AIRFLOW_CTX_EXECUTION_DATE='2024-01-06T14:05:00+00:00' AIRFLOW_CTX_TRY_NUMBER='1' AIRFLOW_CTX_DAG_RUN_ID='scheduled__2024-01-06T14:05:00+00:00'
[2024-01-06T14:06:02.673+0000] {sql.py:276} INFO - Executing: INSERT INTO users_count (count, date) 
        VALUES ((select count(id) from users) , %(date)s );
[2024-01-06T14:06:02.682+0000] {base.py:83} INFO - Using connection ID 'postgres_default' for task execution.
[2024-01-06T14:06:02.693+0000] {base.py:83} INFO - Using connection ID 'postgres_default' for task execution.
[2024-01-06T14:06:02.698+0000] {sql.py:432} INFO - Running statement: INSERT INTO users_count (count, date) 
        VALUES ((select count(id) from users) , %(date)s );, parameters: {'date': '2024-01-06 14:06:02'}
[2024-01-06T14:06:02.700+0000] {sql.py:441} INFO - Rows affected: 1
[2024-01-06T14:06:02.711+0000] {taskinstance.py:1138} INFO - Marking task as SUCCESS. dag_id=User_counter, task_id=Insert, execution_date=20240106T140500, start_date=20240106T140602, end_date=20240106T140602
[2024-01-06T14:06:02.735+0000] {local_task_job_runner.py:234} INFO - Task exited with return code 0
[2024-01-06T14:06:02.756+0000] {taskinstance.py:3281} INFO - 0 downstream tasks scheduled from follow-on schedule check
