[2024-01-06T14:02:36.952+0000] {logging_mixin.py:188} INFO - Changing /opt/***/logs/dag_id=User_counter/run_id=scheduled__2024-01-06T13:08:00+00:00/task_id=PostgresTable permission to 509
[2024-01-06T14:02:37.056+0000] {logging_mixin.py:188} INFO - Failed to change /opt/***/logs/dag_id=User_counter/run_id=scheduled__2024-01-06T13:08:00+00:00/task_id=PostgresTable permission to 509: [Errno 1] Operation not permitted: '/opt/***/logs/dag_id=User_counter/run_id=scheduled__2024-01-06T13:08:00+00:00/task_id=PostgresTable'
[2024-01-06T14:02:37.336+0000] {logging_mixin.py:188} INFO - Changing /opt/***/logs/dag_id=User_counter/run_id=scheduled__2024-01-06T13:08:00+00:00/task_id=PostgresTable permission to 509
[2024-01-06T14:02:37.339+0000] {logging_mixin.py:188} INFO - Failed to change /opt/***/logs/dag_id=User_counter/run_id=scheduled__2024-01-06T13:08:00+00:00/task_id=PostgresTable permission to 509: [Errno 1] Operation not permitted: '/opt/***/logs/dag_id=User_counter/run_id=scheduled__2024-01-06T13:08:00+00:00/task_id=PostgresTable'
[2024-01-06T14:02:37.960+0000] {taskinstance.py:1957} INFO - Dependencies all met for dep_context=non-requeueable deps ti=<TaskInstance: User_counter.PostgresTable scheduled__2024-01-06T13:08:00+00:00 [queued]>
[2024-01-06T14:02:38.087+0000] {taskinstance.py:1957} INFO - Dependencies all met for dep_context=requeueable deps ti=<TaskInstance: User_counter.PostgresTable scheduled__2024-01-06T13:08:00+00:00 [queued]>
[2024-01-06T14:02:38.092+0000] {taskinstance.py:2171} INFO - Starting attempt 2 of 2
[2024-01-06T14:02:38.261+0000] {taskinstance.py:2192} INFO - Executing <Task(PostgresOperator): PostgresTable> on 2024-01-06 13:08:00+00:00
[2024-01-06T14:02:38.278+0000] {standard_task_runner.py:60} INFO - Started process 1422 to run task
[2024-01-06T14:02:38.360+0000] {standard_task_runner.py:87} INFO - Running: ['***', 'tasks', 'run', 'User_counter', 'PostgresTable', 'scheduled__2024-01-06T13:08:00+00:00', '--job-id', '284', '--raw', '--subdir', 'DAGS_FOLDER/User_counter.py', '--cfg-path', '/tmp/tmp7pbbz4rv']
[2024-01-06T14:02:38.438+0000] {standard_task_runner.py:88} INFO - Job 284: Subtask PostgresTable
[2024-01-06T14:02:38.994+0000] {logging_mixin.py:188} INFO - Changing /opt/***/logs/dag_id=User_counter/run_id=scheduled__2024-01-06T13:08:00+00:00/task_id=PostgresTable permission to 509
[2024-01-06T14:02:38.998+0000] {logging_mixin.py:188} INFO - Failed to change /opt/***/logs/dag_id=User_counter/run_id=scheduled__2024-01-06T13:08:00+00:00/task_id=PostgresTable permission to 509: [Errno 1] Operation not permitted: '/opt/***/logs/dag_id=User_counter/run_id=scheduled__2024-01-06T13:08:00+00:00/task_id=PostgresTable'
[2024-01-06T14:02:39.015+0000] {task_command.py:423} INFO - Running <TaskInstance: User_counter.PostgresTable scheduled__2024-01-06T13:08:00+00:00 [running]> on host ca5b1c72379e
[2024-01-06T14:02:40.631+0000] {taskinstance.py:2481} INFO - Exporting env vars: AIRFLOW_CTX_DAG_OWNER='Airflow' AIRFLOW_CTX_DAG_ID='User_counter' AIRFLOW_CTX_TASK_ID='PostgresTable' AIRFLOW_CTX_EXECUTION_DATE='2024-01-06T13:08:00+00:00' AIRFLOW_CTX_TRY_NUMBER='2' AIRFLOW_CTX_DAG_RUN_ID='scheduled__2024-01-06T13:08:00+00:00'
[2024-01-06T14:02:40.632+0000] {sql.py:276} INFO - Executing: 
            CREATE TABLE IF NOT EXISTS users_count (
            count_id SERIAL PRIMARY KEY,
            count INTEGER NOT NULL,
            date VARCHAR NOT NULL);
[2024-01-06T14:02:40.738+0000] {base.py:83} INFO - Using connection ID 'postgres_default' for task execution.
[2024-01-06T14:02:40.848+0000] {base.py:83} INFO - Using connection ID 'postgres_default' for task execution.
[2024-01-06T14:02:40.924+0000] {sql.py:432} INFO - Running statement: 
            CREATE TABLE IF NOT EXISTS users_count (
            count_id SERIAL PRIMARY KEY,
            count INTEGER NOT NULL,
            date VARCHAR NOT NULL);, parameters: None
[2024-01-06T14:02:41.032+0000] {taskinstance.py:1138} INFO - Marking task as SUCCESS. dag_id=User_counter, task_id=PostgresTable, execution_date=20240106T130800, start_date=20240106T140237, end_date=20240106T140241
[2024-01-06T14:02:41.309+0000] {local_task_job_runner.py:234} INFO - Task exited with return code 0
[2024-01-06T14:02:41.510+0000] {taskinstance.py:3281} INFO - 1 downstream tasks scheduled from follow-on schedule check
