[2024-01-05T20:16:01.700+0000] {logging_mixin.py:188} INFO - Changing /opt/***/logs/dag_id=User_counter/run_id=scheduled__2024-01-05T20:15:00+00:00/task_id=Insert permission to 509
[2024-01-05T20:16:01.700+0000] {logging_mixin.py:188} INFO - Failed to change /opt/***/logs/dag_id=User_counter/run_id=scheduled__2024-01-05T20:15:00+00:00/task_id=Insert permission to 509: [Errno 1] Operation not permitted: '/opt/***/logs/dag_id=User_counter/run_id=scheduled__2024-01-05T20:15:00+00:00/task_id=Insert'
[2024-01-05T20:16:01.732+0000] {logging_mixin.py:188} INFO - Changing /opt/***/logs/dag_id=User_counter/run_id=scheduled__2024-01-05T20:15:00+00:00/task_id=Insert permission to 509
[2024-01-05T20:16:01.732+0000] {logging_mixin.py:188} INFO - Failed to change /opt/***/logs/dag_id=User_counter/run_id=scheduled__2024-01-05T20:15:00+00:00/task_id=Insert permission to 509: [Errno 1] Operation not permitted: '/opt/***/logs/dag_id=User_counter/run_id=scheduled__2024-01-05T20:15:00+00:00/task_id=Insert'
[2024-01-05T20:16:01.772+0000] {taskinstance.py:1957} INFO - Dependencies all met for dep_context=non-requeueable deps ti=<TaskInstance: User_counter.Insert scheduled__2024-01-05T20:15:00+00:00 [queued]>
[2024-01-05T20:16:01.782+0000] {taskinstance.py:1957} INFO - Dependencies all met for dep_context=requeueable deps ti=<TaskInstance: User_counter.Insert scheduled__2024-01-05T20:15:00+00:00 [queued]>
[2024-01-05T20:16:01.783+0000] {taskinstance.py:2171} INFO - Starting attempt 1 of 2
[2024-01-05T20:16:01.800+0000] {taskinstance.py:2192} INFO - Executing <Task(PostgresOperator): Insert> on 2024-01-05 20:15:00+00:00
[2024-01-05T20:16:01.805+0000] {standard_task_runner.py:60} INFO - Started process 704 to run task
[2024-01-05T20:16:01.809+0000] {standard_task_runner.py:87} INFO - Running: ['***', 'tasks', 'run', 'User_counter', 'Insert', 'scheduled__2024-01-05T20:15:00+00:00', '--job-id', '22', '--raw', '--subdir', 'DAGS_FOLDER/User_counter.py', '--cfg-path', '/tmp/tmpvyd428n8']
[2024-01-05T20:16:01.812+0000] {standard_task_runner.py:88} INFO - Job 22: Subtask Insert
[2024-01-05T20:16:01.863+0000] {logging_mixin.py:188} INFO - Changing /opt/***/logs/dag_id=User_counter/run_id=scheduled__2024-01-05T20:15:00+00:00/task_id=Insert permission to 509
[2024-01-05T20:16:01.864+0000] {logging_mixin.py:188} INFO - Failed to change /opt/***/logs/dag_id=User_counter/run_id=scheduled__2024-01-05T20:15:00+00:00/task_id=Insert permission to 509: [Errno 1] Operation not permitted: '/opt/***/logs/dag_id=User_counter/run_id=scheduled__2024-01-05T20:15:00+00:00/task_id=Insert'
[2024-01-05T20:16:01.866+0000] {task_command.py:423} INFO - Running <TaskInstance: User_counter.Insert scheduled__2024-01-05T20:15:00+00:00 [running]> on host e91b89fa10db
[2024-01-05T20:16:01.966+0000] {taskinstance.py:2481} INFO - Exporting env vars: AIRFLOW_CTX_DAG_OWNER='Airflow' AIRFLOW_CTX_DAG_ID='User_counter' AIRFLOW_CTX_TASK_ID='Insert' AIRFLOW_CTX_EXECUTION_DATE='2024-01-05T20:15:00+00:00' AIRFLOW_CTX_TRY_NUMBER='1' AIRFLOW_CTX_DAG_RUN_ID='scheduled__2024-01-05T20:15:00+00:00'
[2024-01-05T20:16:01.967+0000] {sql.py:276} INFO - Executing: INSERT INTO users_count (count, date) 
        VALUES ((select count(id) from users) , %(date)s );
[2024-01-05T20:16:01.976+0000] {base.py:83} INFO - Using connection ID 'postgres_default' for task execution.
[2024-01-05T20:16:01.987+0000] {base.py:83} INFO - Using connection ID 'postgres_default' for task execution.
[2024-01-05T20:16:01.992+0000] {sql.py:432} INFO - Running statement: INSERT INTO users_count (count, date) 
        VALUES ((select count(id) from users) , %(date)s );, parameters: {'date': '2024-01-05 20:16:01'}
[2024-01-05T20:16:01.994+0000] {sql.py:441} INFO - Rows affected: 1
[2024-01-05T20:16:02.006+0000] {taskinstance.py:1138} INFO - Marking task as SUCCESS. dag_id=User_counter, task_id=Insert, execution_date=20240105T201500, start_date=20240105T201601, end_date=20240105T201602
[2024-01-05T20:16:02.063+0000] {local_task_job_runner.py:234} INFO - Task exited with return code 0
[2024-01-05T20:16:02.082+0000] {taskinstance.py:3281} INFO - 0 downstream tasks scheduled from follow-on schedule check
