[2024-01-05T15:15:55.013+0000] {logging_mixin.py:188} INFO - Changing /opt/***/logs/dag_id=User_counter/run_id=manual__2024-01-05T15:15:53.509339+00:00/task_id=TaskId2 permission to 509
[2024-01-05T15:15:55.014+0000] {logging_mixin.py:188} INFO - Failed to change /opt/***/logs/dag_id=User_counter/run_id=manual__2024-01-05T15:15:53.509339+00:00/task_id=TaskId2 permission to 509: [Errno 1] Operation not permitted: '/opt/***/logs/dag_id=User_counter/run_id=manual__2024-01-05T15:15:53.509339+00:00/task_id=TaskId2'
[2024-01-05T15:15:55.047+0000] {logging_mixin.py:188} INFO - Changing /opt/***/logs/dag_id=User_counter/run_id=manual__2024-01-05T15:15:53.509339+00:00/task_id=TaskId2 permission to 509
[2024-01-05T15:15:55.047+0000] {logging_mixin.py:188} INFO - Failed to change /opt/***/logs/dag_id=User_counter/run_id=manual__2024-01-05T15:15:53.509339+00:00/task_id=TaskId2 permission to 509: [Errno 1] Operation not permitted: '/opt/***/logs/dag_id=User_counter/run_id=manual__2024-01-05T15:15:53.509339+00:00/task_id=TaskId2'
[2024-01-05T15:15:55.096+0000] {taskinstance.py:1957} INFO - Dependencies all met for dep_context=non-requeueable deps ti=<TaskInstance: User_counter.TaskId2 manual__2024-01-05T15:15:53.509339+00:00 [queued]>
[2024-01-05T15:15:55.108+0000] {taskinstance.py:1957} INFO - Dependencies all met for dep_context=requeueable deps ti=<TaskInstance: User_counter.TaskId2 manual__2024-01-05T15:15:53.509339+00:00 [queued]>
[2024-01-05T15:15:55.108+0000] {taskinstance.py:2171} INFO - Starting attempt 1 of 2
[2024-01-05T15:15:55.126+0000] {taskinstance.py:2192} INFO - Executing <Task(PythonOperator): TaskId2> on 2024-01-05 15:15:53.509339+00:00
[2024-01-05T15:15:55.130+0000] {standard_task_runner.py:60} INFO - Started process 293 to run task
[2024-01-05T15:15:55.134+0000] {standard_task_runner.py:87} INFO - Running: ['***', 'tasks', 'run', 'User_counter', 'TaskId2', 'manual__2024-01-05T15:15:53.509339+00:00', '--job-id', '4', '--raw', '--subdir', 'DAGS_FOLDER/User_counter.py', '--cfg-path', '/tmp/tmpwzje3lmn']
[2024-01-05T15:15:55.139+0000] {standard_task_runner.py:88} INFO - Job 4: Subtask TaskId2
[2024-01-05T15:15:55.197+0000] {logging_mixin.py:188} INFO - Changing /opt/***/logs/dag_id=User_counter/run_id=manual__2024-01-05T15:15:53.509339+00:00/task_id=TaskId2 permission to 509
[2024-01-05T15:15:55.198+0000] {logging_mixin.py:188} INFO - Failed to change /opt/***/logs/dag_id=User_counter/run_id=manual__2024-01-05T15:15:53.509339+00:00/task_id=TaskId2 permission to 509: [Errno 1] Operation not permitted: '/opt/***/logs/dag_id=User_counter/run_id=manual__2024-01-05T15:15:53.509339+00:00/task_id=TaskId2'
[2024-01-05T15:15:55.200+0000] {task_command.py:423} INFO - Running <TaskInstance: User_counter.TaskId2 manual__2024-01-05T15:15:53.509339+00:00 [running]> on host 335d4f10cd51
[2024-01-05T15:15:55.296+0000] {taskinstance.py:2481} INFO - Exporting env vars: AIRFLOW_CTX_DAG_OWNER='Airflow' AIRFLOW_CTX_DAG_ID='User_counter' AIRFLOW_CTX_TASK_ID='TaskId2' AIRFLOW_CTX_EXECUTION_DATE='2024-01-05T15:15:53.509339+00:00' AIRFLOW_CTX_TRY_NUMBER='1' AIRFLOW_CTX_DAG_RUN_ID='manual__2024-01-05T15:15:53.509339+00:00'
[2024-01-05T15:15:55.297+0000] {logging_mixin.py:188} INFO - Table created
[2024-01-05T15:15:55.298+0000] {python.py:201} INFO - Done. Returned value was: None
[2024-01-05T15:15:55.309+0000] {taskinstance.py:1138} INFO - Marking task as SUCCESS. dag_id=User_counter, task_id=TaskId2, execution_date=20240105T151553, start_date=20240105T151555, end_date=20240105T151555
[2024-01-05T15:15:55.346+0000] {local_task_job_runner.py:234} INFO - Task exited with return code 0
[2024-01-05T15:15:55.369+0000] {taskinstance.py:3281} INFO - 0 downstream tasks scheduled from follow-on schedule check
