[2024-01-06T14:02:36.995+0000] {logging_mixin.py:188} INFO - Changing /opt/***/logs/dag_id=User_counter/run_id=scheduled__2024-01-06T13:06:00+00:00/task_id=PostgresTable permission to 509
[2024-01-06T14:02:36.997+0000] {logging_mixin.py:188} INFO - Failed to change /opt/***/logs/dag_id=User_counter/run_id=scheduled__2024-01-06T13:06:00+00:00/task_id=PostgresTable permission to 509: [Errno 1] Operation not permitted: '/opt/***/logs/dag_id=User_counter/run_id=scheduled__2024-01-06T13:06:00+00:00/task_id=PostgresTable'
[2024-01-06T14:02:37.237+0000] {logging_mixin.py:188} INFO - Changing /opt/***/logs/dag_id=User_counter/run_id=scheduled__2024-01-06T13:06:00+00:00/task_id=PostgresTable permission to 509
[2024-01-06T14:02:37.238+0000] {logging_mixin.py:188} INFO - Failed to change /opt/***/logs/dag_id=User_counter/run_id=scheduled__2024-01-06T13:06:00+00:00/task_id=PostgresTable permission to 509: [Errno 1] Operation not permitted: '/opt/***/logs/dag_id=User_counter/run_id=scheduled__2024-01-06T13:06:00+00:00/task_id=PostgresTable'
[2024-01-06T14:02:38.014+0000] {taskinstance.py:1957} INFO - Dependencies all met for dep_context=non-requeueable deps ti=<TaskInstance: User_counter.PostgresTable scheduled__2024-01-06T13:06:00+00:00 [queued]>
[2024-01-06T14:02:38.138+0000] {taskinstance.py:1957} INFO - Dependencies all met for dep_context=requeueable deps ti=<TaskInstance: User_counter.PostgresTable scheduled__2024-01-06T13:06:00+00:00 [queued]>
[2024-01-06T14:02:38.146+0000] {taskinstance.py:2171} INFO - Starting attempt 2 of 2
[2024-01-06T14:02:38.305+0000] {taskinstance.py:2192} INFO - Executing <Task(PostgresOperator): PostgresTable> on 2024-01-06 13:06:00+00:00
[2024-01-06T14:02:38.321+0000] {standard_task_runner.py:60} INFO - Started process 1425 to run task
[2024-01-06T14:02:38.480+0000] {standard_task_runner.py:87} INFO - Running: ['***', 'tasks', 'run', 'User_counter', 'PostgresTable', 'scheduled__2024-01-06T13:06:00+00:00', '--job-id', '282', '--raw', '--subdir', 'DAGS_FOLDER/User_counter.py', '--cfg-path', '/tmp/tmpamrnxmtz']
[2024-01-06T14:02:38.578+0000] {standard_task_runner.py:88} INFO - Job 282: Subtask PostgresTable
[2024-01-06T14:02:39.651+0000] {logging_mixin.py:188} INFO - Changing /opt/***/logs/dag_id=User_counter/run_id=scheduled__2024-01-06T13:06:00+00:00/task_id=PostgresTable permission to 509
[2024-01-06T14:02:39.661+0000] {logging_mixin.py:188} INFO - Failed to change /opt/***/logs/dag_id=User_counter/run_id=scheduled__2024-01-06T13:06:00+00:00/task_id=PostgresTable permission to 509: [Errno 1] Operation not permitted: '/opt/***/logs/dag_id=User_counter/run_id=scheduled__2024-01-06T13:06:00+00:00/task_id=PostgresTable'
[2024-01-06T14:02:39.678+0000] {task_command.py:423} INFO - Running <TaskInstance: User_counter.PostgresTable scheduled__2024-01-06T13:06:00+00:00 [running]> on host ca5b1c72379e
[2024-01-06T14:02:40.586+0000] {taskinstance.py:2481} INFO - Exporting env vars: AIRFLOW_CTX_DAG_OWNER='Airflow' AIRFLOW_CTX_DAG_ID='User_counter' AIRFLOW_CTX_TASK_ID='PostgresTable' AIRFLOW_CTX_EXECUTION_DATE='2024-01-06T13:06:00+00:00' AIRFLOW_CTX_TRY_NUMBER='2' AIRFLOW_CTX_DAG_RUN_ID='scheduled__2024-01-06T13:06:00+00:00'
[2024-01-06T14:02:40.596+0000] {sql.py:276} INFO - Executing: 
            CREATE TABLE IF NOT EXISTS users_count (
            count_id SERIAL PRIMARY KEY,
            count INTEGER NOT NULL,
            date VARCHAR NOT NULL);
[2024-01-06T14:02:40.725+0000] {base.py:83} INFO - Using connection ID 'postgres_default' for task execution.
[2024-01-06T14:02:40.867+0000] {base.py:83} INFO - Using connection ID 'postgres_default' for task execution.
[2024-01-06T14:02:40.902+0000] {sql.py:432} INFO - Running statement: 
            CREATE TABLE IF NOT EXISTS users_count (
            count_id SERIAL PRIMARY KEY,
            count INTEGER NOT NULL,
            date VARCHAR NOT NULL);, parameters: None
[2024-01-06T14:02:41.002+0000] {taskinstance.py:1138} INFO - Marking task as SUCCESS. dag_id=User_counter, task_id=PostgresTable, execution_date=20240106T130600, start_date=20240106T140238, end_date=20240106T140241
[2024-01-06T14:02:41.125+0000] {local_task_job_runner.py:234} INFO - Task exited with return code 0
[2024-01-06T14:02:41.304+0000] {taskinstance.py:3281} INFO - 1 downstream tasks scheduled from follow-on schedule check
