[2024-01-06T14:11:01.498+0000] {logging_mixin.py:188} INFO - Changing /opt/***/logs/dag_id=User_counter/run_id=scheduled__2024-01-06T14:10:00+00:00/task_id=Insert permission to 509
[2024-01-06T14:11:01.500+0000] {logging_mixin.py:188} INFO - Failed to change /opt/***/logs/dag_id=User_counter/run_id=scheduled__2024-01-06T14:10:00+00:00/task_id=Insert permission to 509: [Errno 1] Operation not permitted: '/opt/***/logs/dag_id=User_counter/run_id=scheduled__2024-01-06T14:10:00+00:00/task_id=Insert'
[2024-01-06T14:11:01.537+0000] {logging_mixin.py:188} INFO - Changing /opt/***/logs/dag_id=User_counter/run_id=scheduled__2024-01-06T14:10:00+00:00/task_id=Insert permission to 509
[2024-01-06T14:11:01.537+0000] {logging_mixin.py:188} INFO - Failed to change /opt/***/logs/dag_id=User_counter/run_id=scheduled__2024-01-06T14:10:00+00:00/task_id=Insert permission to 509: [Errno 1] Operation not permitted: '/opt/***/logs/dag_id=User_counter/run_id=scheduled__2024-01-06T14:10:00+00:00/task_id=Insert'
[2024-01-06T14:11:01.593+0000] {taskinstance.py:1957} INFO - Dependencies all met for dep_context=non-requeueable deps ti=<TaskInstance: User_counter.Insert scheduled__2024-01-06T14:10:00+00:00 [queued]>
[2024-01-06T14:11:01.606+0000] {taskinstance.py:1957} INFO - Dependencies all met for dep_context=requeueable deps ti=<TaskInstance: User_counter.Insert scheduled__2024-01-06T14:10:00+00:00 [queued]>
[2024-01-06T14:11:01.606+0000] {taskinstance.py:2171} INFO - Starting attempt 1 of 2
[2024-01-06T14:11:01.626+0000] {taskinstance.py:2192} INFO - Executing <Task(PostgresOperator): Insert> on 2024-01-06 14:10:00+00:00
[2024-01-06T14:11:01.634+0000] {standard_task_runner.py:60} INFO - Started process 1826 to run task
[2024-01-06T14:11:01.643+0000] {standard_task_runner.py:87} INFO - Running: ['***', 'tasks', 'run', 'User_counter', 'Insert', 'scheduled__2024-01-06T14:10:00+00:00', '--job-id', '315', '--raw', '--subdir', 'DAGS_FOLDER/User_counter.py', '--cfg-path', '/tmp/tmpgp42yojx']
[2024-01-06T14:11:01.646+0000] {standard_task_runner.py:88} INFO - Job 315: Subtask Insert
[2024-01-06T14:11:01.708+0000] {logging_mixin.py:188} INFO - Changing /opt/***/logs/dag_id=User_counter/run_id=scheduled__2024-01-06T14:10:00+00:00/task_id=Insert permission to 509
[2024-01-06T14:11:01.708+0000] {logging_mixin.py:188} INFO - Failed to change /opt/***/logs/dag_id=User_counter/run_id=scheduled__2024-01-06T14:10:00+00:00/task_id=Insert permission to 509: [Errno 1] Operation not permitted: '/opt/***/logs/dag_id=User_counter/run_id=scheduled__2024-01-06T14:10:00+00:00/task_id=Insert'
[2024-01-06T14:11:01.710+0000] {task_command.py:423} INFO - Running <TaskInstance: User_counter.Insert scheduled__2024-01-06T14:10:00+00:00 [running]> on host ca5b1c72379e
[2024-01-06T14:11:01.842+0000] {taskinstance.py:2481} INFO - Exporting env vars: AIRFLOW_CTX_DAG_OWNER='Airflow' AIRFLOW_CTX_DAG_ID='User_counter' AIRFLOW_CTX_TASK_ID='Insert' AIRFLOW_CTX_EXECUTION_DATE='2024-01-06T14:10:00+00:00' AIRFLOW_CTX_TRY_NUMBER='1' AIRFLOW_CTX_DAG_RUN_ID='scheduled__2024-01-06T14:10:00+00:00'
[2024-01-06T14:11:01.843+0000] {sql.py:276} INFO - Executing: INSERT INTO users_count (count, date) 
        VALUES ((select count(id) from users) , %(date)s );
[2024-01-06T14:11:01.855+0000] {base.py:83} INFO - Using connection ID 'postgres_default' for task execution.
[2024-01-06T14:11:01.866+0000] {base.py:83} INFO - Using connection ID 'postgres_default' for task execution.
[2024-01-06T14:11:01.875+0000] {sql.py:432} INFO - Running statement: INSERT INTO users_count (count, date) 
        VALUES ((select count(id) from users) , %(date)s );, parameters: {'date': '2024-01-06 14:11:01'}
[2024-01-06T14:11:01.876+0000] {sql.py:441} INFO - Rows affected: 1
[2024-01-06T14:11:01.891+0000] {taskinstance.py:1138} INFO - Marking task as SUCCESS. dag_id=User_counter, task_id=Insert, execution_date=20240106T141000, start_date=20240106T141101, end_date=20240106T141101
[2024-01-06T14:11:01.933+0000] {local_task_job_runner.py:234} INFO - Task exited with return code 0
[2024-01-06T14:11:01.961+0000] {taskinstance.py:3281} INFO - 0 downstream tasks scheduled from follow-on schedule check
