[2024-01-06T15:30:02.606+0000] {logging_mixin.py:188} INFO - Changing /opt/***/logs/dag_id=User_counter/run_id=scheduled__2024-01-06T15:29:00+00:00/task_id=Insert permission to 509
[2024-01-06T15:30:02.607+0000] {logging_mixin.py:188} INFO - Failed to change /opt/***/logs/dag_id=User_counter/run_id=scheduled__2024-01-06T15:29:00+00:00/task_id=Insert permission to 509: [Errno 1] Operation not permitted: '/opt/***/logs/dag_id=User_counter/run_id=scheduled__2024-01-06T15:29:00+00:00/task_id=Insert'
[2024-01-06T15:30:02.682+0000] {logging_mixin.py:188} INFO - Changing /opt/***/logs/dag_id=User_counter/run_id=scheduled__2024-01-06T15:29:00+00:00/task_id=Insert permission to 509
[2024-01-06T15:30:02.683+0000] {logging_mixin.py:188} INFO - Failed to change /opt/***/logs/dag_id=User_counter/run_id=scheduled__2024-01-06T15:29:00+00:00/task_id=Insert permission to 509: [Errno 1] Operation not permitted: '/opt/***/logs/dag_id=User_counter/run_id=scheduled__2024-01-06T15:29:00+00:00/task_id=Insert'
[2024-01-06T15:30:02.747+0000] {taskinstance.py:1957} INFO - Dependencies all met for dep_context=non-requeueable deps ti=<TaskInstance: User_counter.Insert scheduled__2024-01-06T15:29:00+00:00 [queued]>
[2024-01-06T15:30:02.757+0000] {taskinstance.py:1957} INFO - Dependencies all met for dep_context=requeueable deps ti=<TaskInstance: User_counter.Insert scheduled__2024-01-06T15:29:00+00:00 [queued]>
[2024-01-06T15:30:02.757+0000] {taskinstance.py:2171} INFO - Starting attempt 1 of 2
[2024-01-06T15:30:02.779+0000] {taskinstance.py:2192} INFO - Executing <Task(PostgresOperator): Insert> on 2024-01-06 15:29:00+00:00
[2024-01-06T15:30:02.784+0000] {standard_task_runner.py:60} INFO - Started process 269 to run task
[2024-01-06T15:30:02.789+0000] {standard_task_runner.py:87} INFO - Running: ['***', 'tasks', 'run', 'User_counter', 'Insert', 'scheduled__2024-01-06T15:29:00+00:00', '--job-id', '8', '--raw', '--subdir', 'DAGS_FOLDER/User_counter.py', '--cfg-path', '/tmp/tmpg1nwvp1b']
[2024-01-06T15:30:02.792+0000] {standard_task_runner.py:88} INFO - Job 8: Subtask Insert
[2024-01-06T15:30:02.855+0000] {logging_mixin.py:188} INFO - Changing /opt/***/logs/dag_id=User_counter/run_id=scheduled__2024-01-06T15:29:00+00:00/task_id=Insert permission to 509
[2024-01-06T15:30:02.855+0000] {logging_mixin.py:188} INFO - Failed to change /opt/***/logs/dag_id=User_counter/run_id=scheduled__2024-01-06T15:29:00+00:00/task_id=Insert permission to 509: [Errno 1] Operation not permitted: '/opt/***/logs/dag_id=User_counter/run_id=scheduled__2024-01-06T15:29:00+00:00/task_id=Insert'
[2024-01-06T15:30:02.857+0000] {task_command.py:423} INFO - Running <TaskInstance: User_counter.Insert scheduled__2024-01-06T15:29:00+00:00 [running]> on host 6edae0fffd8a
[2024-01-06T15:30:03.064+0000] {taskinstance.py:2481} INFO - Exporting env vars: AIRFLOW_CTX_DAG_OWNER='Airflow' AIRFLOW_CTX_DAG_ID='User_counter' AIRFLOW_CTX_TASK_ID='Insert' AIRFLOW_CTX_EXECUTION_DATE='2024-01-06T15:29:00+00:00' AIRFLOW_CTX_TRY_NUMBER='1' AIRFLOW_CTX_DAG_RUN_ID='scheduled__2024-01-06T15:29:00+00:00'
[2024-01-06T15:30:03.065+0000] {sql.py:276} INFO - Executing: INSERT INTO users_count (count, date) 
        VALUES ((select count(id) from users) , %(date)s );
[2024-01-06T15:30:03.077+0000] {base.py:83} INFO - Using connection ID 'postgres_default' for task execution.
[2024-01-06T15:30:03.090+0000] {base.py:83} INFO - Using connection ID 'postgres_default' for task execution.
[2024-01-06T15:30:03.095+0000] {sql.py:432} INFO - Running statement: INSERT INTO users_count (count, date) 
        VALUES ((select count(id) from users) , %(date)s );, parameters: {'date': '2024-01-06 15:30:02'}
[2024-01-06T15:30:03.097+0000] {sql.py:441} INFO - Rows affected: 1
[2024-01-06T15:30:03.130+0000] {taskinstance.py:1138} INFO - Marking task as SUCCESS. dag_id=User_counter, task_id=Insert, execution_date=20240106T152900, start_date=20240106T153002, end_date=20240106T153003
[2024-01-06T15:30:03.179+0000] {local_task_job_runner.py:234} INFO - Task exited with return code 0
[2024-01-06T15:30:03.202+0000] {taskinstance.py:3281} INFO - 0 downstream tasks scheduled from follow-on schedule check
