[2024-01-06T12:26:01.871+0000] {logging_mixin.py:188} INFO - Changing /opt/***/logs/dag_id=User_counter/run_id=scheduled__2024-01-05T21:38:00+00:00/task_id=Insert permission to 509
[2024-01-06T12:26:01.873+0000] {logging_mixin.py:188} INFO - Failed to change /opt/***/logs/dag_id=User_counter/run_id=scheduled__2024-01-05T21:38:00+00:00/task_id=Insert permission to 509: [Errno 1] Operation not permitted: '/opt/***/logs/dag_id=User_counter/run_id=scheduled__2024-01-05T21:38:00+00:00/task_id=Insert'
[2024-01-06T12:26:01.972+0000] {logging_mixin.py:188} INFO - Changing /opt/***/logs/dag_id=User_counter/run_id=scheduled__2024-01-05T21:38:00+00:00/task_id=Insert permission to 509
[2024-01-06T12:26:01.972+0000] {logging_mixin.py:188} INFO - Failed to change /opt/***/logs/dag_id=User_counter/run_id=scheduled__2024-01-05T21:38:00+00:00/task_id=Insert permission to 509: [Errno 1] Operation not permitted: '/opt/***/logs/dag_id=User_counter/run_id=scheduled__2024-01-05T21:38:00+00:00/task_id=Insert'
[2024-01-06T12:26:02.023+0000] {taskinstance.py:1957} INFO - Dependencies all met for dep_context=non-requeueable deps ti=<TaskInstance: User_counter.Insert scheduled__2024-01-05T21:38:00+00:00 [queued]>
[2024-01-06T12:26:02.035+0000] {taskinstance.py:1957} INFO - Dependencies all met for dep_context=requeueable deps ti=<TaskInstance: User_counter.Insert scheduled__2024-01-05T21:38:00+00:00 [queued]>
[2024-01-06T12:26:02.036+0000] {taskinstance.py:2171} INFO - Starting attempt 1 of 2
[2024-01-06T12:26:02.055+0000] {taskinstance.py:2192} INFO - Executing <Task(PostgresOperator): Insert> on 2024-01-05 21:38:00+00:00
[2024-01-06T12:26:02.060+0000] {standard_task_runner.py:60} INFO - Started process 215 to run task
[2024-01-06T12:26:02.068+0000] {standard_task_runner.py:87} INFO - Running: ['***', 'tasks', 'run', 'User_counter', 'Insert', 'scheduled__2024-01-05T21:38:00+00:00', '--job-id', '198', '--raw', '--subdir', 'DAGS_FOLDER/User_counter.py', '--cfg-path', '/tmp/tmpbdnahpz_']
[2024-01-06T12:26:02.072+0000] {standard_task_runner.py:88} INFO - Job 198: Subtask Insert
[2024-01-06T12:26:02.137+0000] {logging_mixin.py:188} INFO - Changing /opt/***/logs/dag_id=User_counter/run_id=scheduled__2024-01-05T21:38:00+00:00/task_id=Insert permission to 509
[2024-01-06T12:26:02.138+0000] {logging_mixin.py:188} INFO - Failed to change /opt/***/logs/dag_id=User_counter/run_id=scheduled__2024-01-05T21:38:00+00:00/task_id=Insert permission to 509: [Errno 1] Operation not permitted: '/opt/***/logs/dag_id=User_counter/run_id=scheduled__2024-01-05T21:38:00+00:00/task_id=Insert'
[2024-01-06T12:26:02.140+0000] {task_command.py:423} INFO - Running <TaskInstance: User_counter.Insert scheduled__2024-01-05T21:38:00+00:00 [running]> on host e91b89fa10db
[2024-01-06T12:26:02.253+0000] {taskinstance.py:2481} INFO - Exporting env vars: AIRFLOW_CTX_DAG_OWNER='Airflow' AIRFLOW_CTX_DAG_ID='User_counter' AIRFLOW_CTX_TASK_ID='Insert' AIRFLOW_CTX_EXECUTION_DATE='2024-01-05T21:38:00+00:00' AIRFLOW_CTX_TRY_NUMBER='1' AIRFLOW_CTX_DAG_RUN_ID='scheduled__2024-01-05T21:38:00+00:00'
[2024-01-06T12:26:02.256+0000] {sql.py:276} INFO - Executing: INSERT INTO users_count (count, date) 
        VALUES ((select count(id) from users) , %(date)s );
[2024-01-06T12:26:02.268+0000] {base.py:83} INFO - Using connection ID 'postgres_default' for task execution.
[2024-01-06T12:26:02.288+0000] {base.py:83} INFO - Using connection ID 'postgres_default' for task execution.
[2024-01-06T12:26:02.293+0000] {sql.py:432} INFO - Running statement: INSERT INTO users_count (count, date) 
        VALUES ((select count(id) from users) , %(date)s );, parameters: {'date': '2024-01-06 12:26:01'}
[2024-01-06T12:26:02.295+0000] {sql.py:441} INFO - Rows affected: 1
[2024-01-06T12:26:02.310+0000] {taskinstance.py:1138} INFO - Marking task as SUCCESS. dag_id=User_counter, task_id=Insert, execution_date=20240105T213800, start_date=20240106T122602, end_date=20240106T122602
[2024-01-06T12:26:02.360+0000] {local_task_job_runner.py:234} INFO - Task exited with return code 0
[2024-01-06T12:26:02.385+0000] {taskinstance.py:3281} INFO - 0 downstream tasks scheduled from follow-on schedule check
