[2024-01-06T12:25:56.140+0000] {logging_mixin.py:188} INFO - Changing /opt/***/logs/dag_id=User_counter/run_id=scheduled__2024-01-05T21:34:00+00:00/task_id=PostgresTable permission to 509
[2024-01-06T12:25:56.144+0000] {logging_mixin.py:188} INFO - Failed to change /opt/***/logs/dag_id=User_counter/run_id=scheduled__2024-01-05T21:34:00+00:00/task_id=PostgresTable permission to 509: [Errno 1] Operation not permitted: '/opt/***/logs/dag_id=User_counter/run_id=scheduled__2024-01-05T21:34:00+00:00/task_id=PostgresTable'
[2024-01-06T12:25:56.281+0000] {logging_mixin.py:188} INFO - Changing /opt/***/logs/dag_id=User_counter/run_id=scheduled__2024-01-05T21:34:00+00:00/task_id=PostgresTable permission to 509
[2024-01-06T12:25:56.282+0000] {logging_mixin.py:188} INFO - Failed to change /opt/***/logs/dag_id=User_counter/run_id=scheduled__2024-01-05T21:34:00+00:00/task_id=PostgresTable permission to 509: [Errno 1] Operation not permitted: '/opt/***/logs/dag_id=User_counter/run_id=scheduled__2024-01-05T21:34:00+00:00/task_id=PostgresTable'
[2024-01-06T12:25:56.470+0000] {taskinstance.py:1957} INFO - Dependencies all met for dep_context=non-requeueable deps ti=<TaskInstance: User_counter.PostgresTable scheduled__2024-01-05T21:34:00+00:00 [queued]>
[2024-01-06T12:25:56.536+0000] {taskinstance.py:1957} INFO - Dependencies all met for dep_context=requeueable deps ti=<TaskInstance: User_counter.PostgresTable scheduled__2024-01-05T21:34:00+00:00 [queued]>
[2024-01-06T12:25:56.547+0000] {taskinstance.py:2171} INFO - Starting attempt 1 of 2
[2024-01-06T12:25:56.640+0000] {taskinstance.py:2192} INFO - Executing <Task(PostgresOperator): PostgresTable> on 2024-01-05 21:34:00+00:00
[2024-01-06T12:25:56.651+0000] {standard_task_runner.py:60} INFO - Started process 180 to run task
[2024-01-06T12:25:56.713+0000] {standard_task_runner.py:87} INFO - Running: ['***', 'tasks', 'run', 'User_counter', 'PostgresTable', 'scheduled__2024-01-05T21:34:00+00:00', '--job-id', '184', '--raw', '--subdir', 'DAGS_FOLDER/User_counter.py', '--cfg-path', '/tmp/tmp39l574eb']
[2024-01-06T12:25:56.738+0000] {standard_task_runner.py:88} INFO - Job 184: Subtask PostgresTable
[2024-01-06T12:25:57.096+0000] {logging_mixin.py:188} INFO - Changing /opt/***/logs/dag_id=User_counter/run_id=scheduled__2024-01-05T21:34:00+00:00/task_id=PostgresTable permission to 509
[2024-01-06T12:25:57.101+0000] {logging_mixin.py:188} INFO - Failed to change /opt/***/logs/dag_id=User_counter/run_id=scheduled__2024-01-05T21:34:00+00:00/task_id=PostgresTable permission to 509: [Errno 1] Operation not permitted: '/opt/***/logs/dag_id=User_counter/run_id=scheduled__2024-01-05T21:34:00+00:00/task_id=PostgresTable'
[2024-01-06T12:25:57.106+0000] {task_command.py:423} INFO - Running <TaskInstance: User_counter.PostgresTable scheduled__2024-01-05T21:34:00+00:00 [running]> on host e91b89fa10db
[2024-01-06T12:25:57.538+0000] {taskinstance.py:2481} INFO - Exporting env vars: AIRFLOW_CTX_DAG_OWNER='Airflow' AIRFLOW_CTX_DAG_ID='User_counter' AIRFLOW_CTX_TASK_ID='PostgresTable' AIRFLOW_CTX_EXECUTION_DATE='2024-01-05T21:34:00+00:00' AIRFLOW_CTX_TRY_NUMBER='1' AIRFLOW_CTX_DAG_RUN_ID='scheduled__2024-01-05T21:34:00+00:00'
[2024-01-06T12:25:57.605+0000] {sql.py:276} INFO - Executing: 
            CREATE TABLE IF NOT EXISTS users_count (
            count_id SERIAL PRIMARY KEY,
            count INTEGER NOT NULL,
            date VARCHAR NOT NULL);
[2024-01-06T12:25:57.681+0000] {base.py:83} INFO - Using connection ID 'postgres_default' for task execution.
[2024-01-06T12:25:57.791+0000] {base.py:83} INFO - Using connection ID 'postgres_default' for task execution.
[2024-01-06T12:25:57.837+0000] {sql.py:432} INFO - Running statement: 
            CREATE TABLE IF NOT EXISTS users_count (
            count_id SERIAL PRIMARY KEY,
            count INTEGER NOT NULL,
            date VARCHAR NOT NULL);, parameters: None
[2024-01-06T12:25:57.926+0000] {taskinstance.py:1138} INFO - Marking task as SUCCESS. dag_id=User_counter, task_id=PostgresTable, execution_date=20240105T213400, start_date=20240106T122556, end_date=20240106T122557
[2024-01-06T12:25:58.119+0000] {local_task_job_runner.py:234} INFO - Task exited with return code 0
[2024-01-06T12:25:58.656+0000] {taskinstance.py:3281} INFO - 0 downstream tasks scheduled from follow-on schedule check
