[2024-01-05T21:21:16.098+0000] {logging_mixin.py:188} INFO - Changing /opt/***/logs/dag_id=User_counter/run_id=scheduled__2024-01-05T21:19:00+00:00/task_id=PostgresTable permission to 509
[2024-01-05T21:21:16.098+0000] {logging_mixin.py:188} INFO - Failed to change /opt/***/logs/dag_id=User_counter/run_id=scheduled__2024-01-05T21:19:00+00:00/task_id=PostgresTable permission to 509: [Errno 1] Operation not permitted: '/opt/***/logs/dag_id=User_counter/run_id=scheduled__2024-01-05T21:19:00+00:00/task_id=PostgresTable'
[2024-01-05T21:21:16.210+0000] {logging_mixin.py:188} INFO - Changing /opt/***/logs/dag_id=User_counter/run_id=scheduled__2024-01-05T21:19:00+00:00/task_id=PostgresTable permission to 509
[2024-01-05T21:21:16.211+0000] {logging_mixin.py:188} INFO - Failed to change /opt/***/logs/dag_id=User_counter/run_id=scheduled__2024-01-05T21:19:00+00:00/task_id=PostgresTable permission to 509: [Errno 1] Operation not permitted: '/opt/***/logs/dag_id=User_counter/run_id=scheduled__2024-01-05T21:19:00+00:00/task_id=PostgresTable'
[2024-01-05T21:21:16.442+0000] {taskinstance.py:1957} INFO - Dependencies all met for dep_context=non-requeueable deps ti=<TaskInstance: User_counter.PostgresTable scheduled__2024-01-05T21:19:00+00:00 [queued]>
[2024-01-05T21:21:16.460+0000] {taskinstance.py:1957} INFO - Dependencies all met for dep_context=requeueable deps ti=<TaskInstance: User_counter.PostgresTable scheduled__2024-01-05T21:19:00+00:00 [queued]>
[2024-01-05T21:21:16.460+0000] {taskinstance.py:2171} INFO - Starting attempt 1 of 2
[2024-01-05T21:21:16.483+0000] {taskinstance.py:2192} INFO - Executing <Task(PostgresOperator): PostgresTable> on 2024-01-05 21:19:00+00:00
[2024-01-05T21:21:16.496+0000] {standard_task_runner.py:60} INFO - Started process 3029 to run task
[2024-01-05T21:21:16.502+0000] {standard_task_runner.py:87} INFO - Running: ['***', 'tasks', 'run', 'User_counter', 'PostgresTable', 'scheduled__2024-01-05T21:19:00+00:00', '--job-id', '126', '--raw', '--subdir', 'DAGS_FOLDER/User_counter.py', '--cfg-path', '/tmp/tmpft4ao612']
[2024-01-05T21:21:16.511+0000] {standard_task_runner.py:88} INFO - Job 126: Subtask PostgresTable
[2024-01-05T21:21:16.591+0000] {logging_mixin.py:188} INFO - Changing /opt/***/logs/dag_id=User_counter/run_id=scheduled__2024-01-05T21:19:00+00:00/task_id=PostgresTable permission to 509
[2024-01-05T21:21:16.592+0000] {logging_mixin.py:188} INFO - Failed to change /opt/***/logs/dag_id=User_counter/run_id=scheduled__2024-01-05T21:19:00+00:00/task_id=PostgresTable permission to 509: [Errno 1] Operation not permitted: '/opt/***/logs/dag_id=User_counter/run_id=scheduled__2024-01-05T21:19:00+00:00/task_id=PostgresTable'
[2024-01-05T21:21:16.596+0000] {task_command.py:423} INFO - Running <TaskInstance: User_counter.PostgresTable scheduled__2024-01-05T21:19:00+00:00 [running]> on host e91b89fa10db
[2024-01-05T21:21:16.897+0000] {taskinstance.py:2481} INFO - Exporting env vars: AIRFLOW_CTX_DAG_OWNER='Airflow' AIRFLOW_CTX_DAG_ID='User_counter' AIRFLOW_CTX_TASK_ID='PostgresTable' AIRFLOW_CTX_EXECUTION_DATE='2024-01-05T21:19:00+00:00' AIRFLOW_CTX_TRY_NUMBER='1' AIRFLOW_CTX_DAG_RUN_ID='scheduled__2024-01-05T21:19:00+00:00'
[2024-01-05T21:21:16.906+0000] {sql.py:276} INFO - Executing: 
            CREATE TABLE IF NOT EXISTS users_count (
            count_id SERIAL PRIMARY KEY,
            count INTEGER NOT NULL,
            date VARCHAR NOT NULL);
[2024-01-05T21:21:16.962+0000] {base.py:83} INFO - Using connection ID 'postgres_default' for task execution.
[2024-01-05T21:21:17.073+0000] {base.py:83} INFO - Using connection ID 'postgres_default' for task execution.
[2024-01-05T21:21:17.108+0000] {sql.py:432} INFO - Running statement: 
            CREATE TABLE IF NOT EXISTS users_count (
            count_id SERIAL PRIMARY KEY,
            count INTEGER NOT NULL,
            date VARCHAR NOT NULL);, parameters: None
[2024-01-05T21:21:17.175+0000] {taskinstance.py:1138} INFO - Marking task as SUCCESS. dag_id=User_counter, task_id=PostgresTable, execution_date=20240105T211900, start_date=20240105T212116, end_date=20240105T212117
[2024-01-05T21:21:17.393+0000] {local_task_job_runner.py:234} INFO - Task exited with return code 0
[2024-01-05T21:21:17.467+0000] {taskinstance.py:3281} INFO - 1 downstream tasks scheduled from follow-on schedule check
