[2024-01-05T15:02:02.135+0000] {logging_mixin.py:188} INFO - Changing /opt/***/logs/dag_id=User_counter/run_id=scheduled__2024-01-05T15:01:00+00:00/task_id=TaskId2 permission to 509
[2024-01-05T15:02:02.136+0000] {logging_mixin.py:188} INFO - Failed to change /opt/***/logs/dag_id=User_counter/run_id=scheduled__2024-01-05T15:01:00+00:00/task_id=TaskId2 permission to 509: [Errno 1] Operation not permitted: '/opt/***/logs/dag_id=User_counter/run_id=scheduled__2024-01-05T15:01:00+00:00/task_id=TaskId2'
[2024-01-05T15:02:02.171+0000] {logging_mixin.py:188} INFO - Changing /opt/***/logs/dag_id=User_counter/run_id=scheduled__2024-01-05T15:01:00+00:00/task_id=TaskId2 permission to 509
[2024-01-05T15:02:02.171+0000] {logging_mixin.py:188} INFO - Failed to change /opt/***/logs/dag_id=User_counter/run_id=scheduled__2024-01-05T15:01:00+00:00/task_id=TaskId2 permission to 509: [Errno 1] Operation not permitted: '/opt/***/logs/dag_id=User_counter/run_id=scheduled__2024-01-05T15:01:00+00:00/task_id=TaskId2'
[2024-01-05T15:02:02.218+0000] {taskinstance.py:1957} INFO - Dependencies all met for dep_context=non-requeueable deps ti=<TaskInstance: User_counter.TaskId2 scheduled__2024-01-05T15:01:00+00:00 [queued]>
[2024-01-05T15:02:02.229+0000] {taskinstance.py:1957} INFO - Dependencies all met for dep_context=requeueable deps ti=<TaskInstance: User_counter.TaskId2 scheduled__2024-01-05T15:01:00+00:00 [queued]>
[2024-01-05T15:02:02.230+0000] {taskinstance.py:2171} INFO - Starting attempt 1 of 2
[2024-01-05T15:02:02.245+0000] {taskinstance.py:2192} INFO - Executing <Task(PythonOperator): TaskId2> on 2024-01-05 15:01:00+00:00
[2024-01-05T15:02:02.249+0000] {standard_task_runner.py:60} INFO - Started process 357 to run task
[2024-01-05T15:02:02.253+0000] {standard_task_runner.py:87} INFO - Running: ['***', 'tasks', 'run', 'User_counter', 'TaskId2', 'scheduled__2024-01-05T15:01:00+00:00', '--job-id', '8', '--raw', '--subdir', 'DAGS_FOLDER/User_counter.py', '--cfg-path', '/tmp/tmpyjk94g2z']
[2024-01-05T15:02:02.256+0000] {standard_task_runner.py:88} INFO - Job 8: Subtask TaskId2
[2024-01-05T15:02:02.310+0000] {logging_mixin.py:188} INFO - Changing /opt/***/logs/dag_id=User_counter/run_id=scheduled__2024-01-05T15:01:00+00:00/task_id=TaskId2 permission to 509
[2024-01-05T15:02:02.311+0000] {logging_mixin.py:188} INFO - Failed to change /opt/***/logs/dag_id=User_counter/run_id=scheduled__2024-01-05T15:01:00+00:00/task_id=TaskId2 permission to 509: [Errno 1] Operation not permitted: '/opt/***/logs/dag_id=User_counter/run_id=scheduled__2024-01-05T15:01:00+00:00/task_id=TaskId2'
[2024-01-05T15:02:02.313+0000] {task_command.py:423} INFO - Running <TaskInstance: User_counter.TaskId2 scheduled__2024-01-05T15:01:00+00:00 [running]> on host 62c5474f7307
[2024-01-05T15:02:02.418+0000] {taskinstance.py:2481} INFO - Exporting env vars: AIRFLOW_CTX_DAG_OWNER='Airflow' AIRFLOW_CTX_DAG_ID='User_counter' AIRFLOW_CTX_TASK_ID='TaskId2' AIRFLOW_CTX_EXECUTION_DATE='2024-01-05T15:01:00+00:00' AIRFLOW_CTX_TRY_NUMBER='1' AIRFLOW_CTX_DAG_RUN_ID='scheduled__2024-01-05T15:01:00+00:00'
[2024-01-05T15:02:02.419+0000] {logging_mixin.py:188} INFO - Table created
[2024-01-05T15:02:02.420+0000] {python.py:201} INFO - Done. Returned value was: None
[2024-01-05T15:02:02.431+0000] {taskinstance.py:1138} INFO - Marking task as SUCCESS. dag_id=User_counter, task_id=TaskId2, execution_date=20240105T150100, start_date=20240105T150202, end_date=20240105T150202
[2024-01-05T15:02:02.465+0000] {local_task_job_runner.py:234} INFO - Task exited with return code 0
[2024-01-05T15:02:02.486+0000] {taskinstance.py:3281} INFO - 0 downstream tasks scheduled from follow-on schedule check
