[2024-01-05T10:20:01.654+0000] {logging_mixin.py:188} INFO - Changing /opt/***/logs/dag_id=User_counter/run_id=scheduled__2024-01-05T10:19:00+00:00/task_id=TaskId1 permission to 509
[2024-01-05T10:20:01.655+0000] {logging_mixin.py:188} INFO - Failed to change /opt/***/logs/dag_id=User_counter/run_id=scheduled__2024-01-05T10:19:00+00:00/task_id=TaskId1 permission to 509: [Errno 1] Operation not permitted: '/opt/***/logs/dag_id=User_counter/run_id=scheduled__2024-01-05T10:19:00+00:00/task_id=TaskId1'
[2024-01-05T10:20:01.694+0000] {logging_mixin.py:188} INFO - Changing /opt/***/logs/dag_id=User_counter/run_id=scheduled__2024-01-05T10:19:00+00:00/task_id=TaskId1 permission to 509
[2024-01-05T10:20:01.694+0000] {logging_mixin.py:188} INFO - Failed to change /opt/***/logs/dag_id=User_counter/run_id=scheduled__2024-01-05T10:19:00+00:00/task_id=TaskId1 permission to 509: [Errno 1] Operation not permitted: '/opt/***/logs/dag_id=User_counter/run_id=scheduled__2024-01-05T10:19:00+00:00/task_id=TaskId1'
[2024-01-05T10:20:01.734+0000] {taskinstance.py:1957} INFO - Dependencies all met for dep_context=non-requeueable deps ti=<TaskInstance: User_counter.TaskId1 scheduled__2024-01-05T10:19:00+00:00 [queued]>
[2024-01-05T10:20:01.742+0000] {taskinstance.py:1957} INFO - Dependencies all met for dep_context=requeueable deps ti=<TaskInstance: User_counter.TaskId1 scheduled__2024-01-05T10:19:00+00:00 [queued]>
[2024-01-05T10:20:01.743+0000] {taskinstance.py:2171} INFO - Starting attempt 1 of 2
[2024-01-05T10:20:01.761+0000] {taskinstance.py:2192} INFO - Executing <Task(PythonOperator): TaskId1> on 2024-01-05 10:19:00+00:00
[2024-01-05T10:20:01.768+0000] {standard_task_runner.py:60} INFO - Started process 3050 to run task
[2024-01-05T10:20:01.772+0000] {standard_task_runner.py:87} INFO - Running: ['***', 'tasks', 'run', 'User_counter', 'TaskId1', 'scheduled__2024-01-05T10:19:00+00:00', '--job-id', '9', '--raw', '--subdir', 'DAGS_FOLDER/User_counter.py', '--cfg-path', '/tmp/tmpgc91fs43']
[2024-01-05T10:20:01.776+0000] {standard_task_runner.py:88} INFO - Job 9: Subtask TaskId1
[2024-01-05T10:20:01.830+0000] {logging_mixin.py:188} INFO - Changing /opt/***/logs/dag_id=User_counter/run_id=scheduled__2024-01-05T10:19:00+00:00/task_id=TaskId1 permission to 509
[2024-01-05T10:20:01.830+0000] {logging_mixin.py:188} INFO - Failed to change /opt/***/logs/dag_id=User_counter/run_id=scheduled__2024-01-05T10:19:00+00:00/task_id=TaskId1 permission to 509: [Errno 1] Operation not permitted: '/opt/***/logs/dag_id=User_counter/run_id=scheduled__2024-01-05T10:19:00+00:00/task_id=TaskId1'
[2024-01-05T10:20:01.832+0000] {task_command.py:423} INFO - Running <TaskInstance: User_counter.TaskId1 scheduled__2024-01-05T10:19:00+00:00 [running]> on host 098ababd5647
[2024-01-05T10:20:01.925+0000] {taskinstance.py:2481} INFO - Exporting env vars: AIRFLOW_CTX_DAG_OWNER='Airflow' AIRFLOW_CTX_DAG_ID='User_counter' AIRFLOW_CTX_TASK_ID='TaskId1' AIRFLOW_CTX_EXECUTION_DATE='2024-01-05T10:19:00+00:00' AIRFLOW_CTX_TRY_NUMBER='1' AIRFLOW_CTX_DAG_RUN_ID='scheduled__2024-01-05T10:19:00+00:00'
[2024-01-05T10:20:01.928+0000] {logging_mixin.py:188} INFO - ZAEBALLL11
[2024-01-05T10:20:01.929+0000] {python.py:201} INFO - Done. Returned value was: None
[2024-01-05T10:20:01.940+0000] {taskinstance.py:1138} INFO - Marking task as SUCCESS. dag_id=User_counter, task_id=TaskId1, execution_date=20240105T101900, start_date=20240105T102001, end_date=20240105T102001
[2024-01-05T10:20:01.985+0000] {local_task_job_runner.py:234} INFO - Task exited with return code 0
[2024-01-05T10:20:02.012+0000] {taskinstance.py:3281} INFO - 1 downstream tasks scheduled from follow-on schedule check
